2350  execve("./encdrv", ["./encdrv", "testcases/testcase.3", "output/output.3"], 0x7fffba57b4d8 /* 18 vars */) = 0
2350  brk(NULL)                         = 0x617dc0949000
2350  arch_prctl(0x3001 /* ARCH_??? */, 0x7ffcd5e73f60) = -1 EINVAL (Invalid argument)
2350  mmap(NULL, 8192, PROT_READ|PROT_WRITE, MAP_PRIVATE|MAP_ANONYMOUS, -1, 0) = 0x79dfd5140000
2350  access("/etc/ld.so.preload", R_OK) = -1 ENOENT (No such file or directory)
2350  openat(AT_FDCWD, "/etc/ld.so.cache", O_RDONLY|O_CLOEXEC) = 3
2350  newfstatat(3, "", {st_mode=S_IFREG|0644, st_size=29392, ...}, AT_EMPTY_PATH) = 0
2350  mmap(NULL, 29392, PROT_READ, MAP_PRIVATE, 3, 0) = 0x79dfd5138000
2350  close(3)                          = 0
2350  openat(AT_FDCWD, "/lib/x86_64-linux-gnu/libc.so.6", O_RDONLY|O_CLOEXEC) = 3
2350  read(3, "\177ELF\2\1\1\3\0\0\0\0\0\0\0\0\3\0>\0\1\0\0\0P\237\2\0\0\0\0\0"..., 832) = 832
2350  pread64(3, "\6\0\0\0\4\0\0\0@\0\0\0\0\0\0\0@\0\0\0\0\0\0\0@\0\0\0\0\0\0\0"..., 784, 64) = 784
2350  pread64(3, "\4\0\0\0 \0\0\0\5\0\0\0GNU\0\2\0\0\300\4\0\0\0\3\0\0\0\0\0\0\0"..., 48, 848) = 48
2350  pread64(3, "\4\0\0\0\24\0\0\0\3\0\0\0GNU\0\325\31p\226\367\t\200\30)\261\30\257\33|\366c"..., 68, 896) = 68
2350  newfstatat(3, "", {st_mode=S_IFREG|0755, st_size=2220400, ...}, AT_EMPTY_PATH) = 0
2350  pread64(3, "\6\0\0\0\4\0\0\0@\0\0\0\0\0\0\0@\0\0\0\0\0\0\0@\0\0\0\0\0\0\0"..., 784, 64) = 784
2350  mmap(NULL, 2264656, PROT_READ, MAP_PRIVATE|MAP_DENYWRITE, 3, 0) = 0x79dfd4f0f000
2350  mprotect(0x79dfd4f37000, 2023424, PROT_NONE) = 0
2350  mmap(0x79dfd4f37000, 1658880, PROT_READ|PROT_EXEC, MAP_PRIVATE|MAP_FIXED|MAP_DENYWRITE, 3, 0x28000) = 0x79dfd4f37000
2350  mmap(0x79dfd50cc000, 360448, PROT_READ, MAP_PRIVATE|MAP_FIXED|MAP_DENYWRITE, 3, 0x1bd000) = 0x79dfd50cc000
2350  mmap(0x79dfd5125000, 24576, PROT_READ|PROT_WRITE, MAP_PRIVATE|MAP_FIXED|MAP_DENYWRITE, 3, 0x215000) = 0x79dfd5125000
2350  mmap(0x79dfd512b000, 52816, PROT_READ|PROT_WRITE, MAP_PRIVATE|MAP_FIXED|MAP_ANONYMOUS, -1, 0) = 0x79dfd512b000
2350  close(3)                          = 0
2350  mmap(NULL, 12288, PROT_READ|PROT_WRITE, MAP_PRIVATE|MAP_ANONYMOUS, -1, 0) = 0x79dfd4f0c000
2350  arch_prctl(ARCH_SET_FS, 0x79dfd4f0c740) = 0
2350  set_tid_address(0x79dfd4f0ca10)   = 2350
2350  set_robust_list(0x79dfd4f0ca20, 24) = 0
2350  rseq(0x79dfd4f0d0e0, 0x20, 0, 0x53053053) = 0
2350  mprotect(0x79dfd5125000, 16384, PROT_READ) = 0
2350  mprotect(0x617dbef16000, 4096, PROT_READ) = 0
2350  mprotect(0x79dfd517a000, 8192, PROT_READ) = 0
2350  prlimit64(0, RLIMIT_STACK, NULL, {rlim_cur=8192*1024, rlim_max=RLIM64_INFINITY}) = 0
2350  munmap(0x79dfd5138000, 29392)     = 0
2350  pipe2([3, 4], 0)                  = 0
2350  openat(AT_FDCWD, "testcases/testcase.3", O_RDONLY) = 5
2350  openat(AT_FDCWD, "output/output.3", O_WRONLY|O_CREAT, 0666) = 6
2350  clone(child_stack=NULL, flags=CLONE_CHILD_CLEARTID|CLONE_CHILD_SETTID|SIGCHLD, child_tidptr=0x79dfd4f0ca10) = 2351
2350  close(3)                          = 0
2350  read(5, "#include<stdio.h>\n#include<stdli"..., 1000) = 908
2350  write(4, "908\n", 4 <unfinished ...>
2351  set_robust_list(0x79dfd4f0ca20, 24 <unfinished ...>
2350  <... write resumed>)              = 4
2350  write(4, "#include<stdio.h>\n#include<stdli"..., 908 <unfinished ...>
2351  <... set_robust_list resumed>)    = 0
2350  <... write resumed>)              = 908
2350  read(5, "", 1000)                 = 0
2351  close(1 <unfinished ...>
2350  close(5 <unfinished ...>
2351  <... close resumed>)              = 0
2350  <... close resumed>)              = 0
2351  dup(6 <unfinished ...>
2350  close(6 <unfinished ...>
2351  <... dup resumed>)                = 1
2350  <... close resumed>)              = 0
2351  close(0)                          = 0
2351  dup(3 <unfinished ...>
2350  exit_group(0 <unfinished ...>
2351  <... dup resumed>)                = 0
2350  <... exit_group resumed>)         = ?
2351  close(4)                          = 0
2351  execve("./encrypt", ["encrypt"], 0x7ffcd5e74148 /* 18 vars */ <unfinished ...>
2350  +++ exited with 0 +++
2351  <... execve resumed>)             = 0
2351  brk(NULL)                         = 0x584e7fbd2000
2351  arch_prctl(0x3001 /* ARCH_??? */, 0x7ffe12e950d0) = -1 EINVAL (Invalid argument)
2351  mmap(NULL, 8192, PROT_READ|PROT_WRITE, MAP_PRIVATE|MAP_ANONYMOUS, -1, 0) = 0x761974306000
2351  access("/etc/ld.so.preload", R_OK) = -1 ENOENT (No such file or directory)
2351  openat(AT_FDCWD, "/etc/ld.so.cache", O_RDONLY|O_CLOEXEC) = 4
2351  newfstatat(4, "", {st_mode=S_IFREG|0644, st_size=29392, ...}, AT_EMPTY_PATH) = 0
2351  mmap(NULL, 29392, PROT_READ, MAP_PRIVATE, 4, 0) = 0x7619742fe000
2351  close(4)                          = 0
2351  openat(AT_FDCWD, "/lib/x86_64-linux-gnu/libc.so.6", O_RDONLY|O_CLOEXEC) = 4
2351  read(4, "\177ELF\2\1\1\3\0\0\0\0\0\0\0\0\3\0>\0\1\0\0\0P\237\2\0\0\0\0\0"..., 832) = 832
2351  pread64(4, "\6\0\0\0\4\0\0\0@\0\0\0\0\0\0\0@\0\0\0\0\0\0\0@\0\0\0\0\0\0\0"..., 784, 64) = 784
2351  pread64(4, "\4\0\0\0 \0\0\0\5\0\0\0GNU\0\2\0\0\300\4\0\0\0\3\0\0\0\0\0\0\0"..., 48, 848) = 48
2351  pread64(4, "\4\0\0\0\24\0\0\0\3\0\0\0GNU\0\325\31p\226\367\t\200\30)\261\30\257\33|\366c"..., 68, 896) = 68
2351  newfstatat(4, "", {st_mode=S_IFREG|0755, st_size=2220400, ...}, AT_EMPTY_PATH) = 0
2351  pread64(4, "\6\0\0\0\4\0\0\0@\0\0\0\0\0\0\0@\0\0\0\0\0\0\0@\0\0\0\0\0\0\0"..., 784, 64) = 784
2351  mmap(NULL, 2264656, PROT_READ, MAP_PRIVATE|MAP_DENYWRITE, 4, 0) = 0x7619740d5000
2351  mprotect(0x7619740fd000, 2023424, PROT_NONE) = 0
2351  mmap(0x7619740fd000, 1658880, PROT_READ|PROT_EXEC, MAP_PRIVATE|MAP_FIXED|MAP_DENYWRITE, 4, 0x28000) = 0x7619740fd000
2351  mmap(0x761974292000, 360448, PROT_READ, MAP_PRIVATE|MAP_FIXED|MAP_DENYWRITE, 4, 0x1bd000) = 0x761974292000
2351  mmap(0x7619742eb000, 24576, PROT_READ|PROT_WRITE, MAP_PRIVATE|MAP_FIXED|MAP_DENYWRITE, 4, 0x215000) = 0x7619742eb000
2351  mmap(0x7619742f1000, 52816, PROT_READ|PROT_WRITE, MAP_PRIVATE|MAP_FIXED|MAP_ANONYMOUS, -1, 0) = 0x7619742f1000
2351  close(4)                          = 0
2351  mmap(NULL, 12288, PROT_READ|PROT_WRITE, MAP_PRIVATE|MAP_ANONYMOUS, -1, 0) = 0x7619740d2000
2351  arch_prctl(ARCH_SET_FS, 0x7619740d2740) = 0
2351  set_tid_address(0x7619740d2a10)   = 2351
2351  set_robust_list(0x7619740d2a20, 24) = 0
2351  rseq(0x7619740d30e0, 0x20, 0, 0x53053053) = 0
2351  mprotect(0x7619742eb000, 16384, PROT_READ) = 0
2351  mprotect(0x584e7fa2a000, 4096, PROT_READ) = 0
2351  mprotect(0x761974340000, 8192, PROT_READ) = 0
2351  prlimit64(0, RLIMIT_STACK, NULL, {rlim_cur=8192*1024, rlim_max=RLIM64_INFINITY}) = 0
2351  munmap(0x7619742fe000, 29392)     = 0
2351  newfstatat(0, "", {st_mode=S_IFIFO|0600, st_size=0, ...}, AT_EMPTY_PATH) = 0
2351  getrandom("\x7e\x87\x11\x7a\x30\x5f\x6c\x34", 8, GRND_NONBLOCK) = 8
2351  brk(NULL)                         = 0x584e7fbd2000
2351  brk(0x584e7fbf3000)               = 0x584e7fbf3000
2351  read(0, "908\n#include<stdio.h>\n#include<s"..., 4096) = 912
2351  newfstatat(1, "", {st_mode=S_IFREG|0664, st_size=0, ...}, AT_EMPTY_PATH) = 0
2351  write(1, "908\n\257\345\342\357\340\371\350\351\260\377\370\350\345\343\242\344\262\206\257\345\342\357\340\371\350\351\260\377"..., 912) = 912
2351  read(0, "", 4096)                 = 0
2351  exit_group(0)                     = ?
2351  +++ exited with 0 +++
