2362  execve("./encdrv", ["./encdrv", "testcases/testcase.5", "output/output.5"], 0x7ffe3ebaac88 /* 18 vars */) = 0
2362  brk(NULL)                         = 0x64ed0bce6000
2362  arch_prctl(0x3001 /* ARCH_??? */, 0x7ffc995df2a0) = -1 EINVAL (Invalid argument)
2362  mmap(NULL, 8192, PROT_READ|PROT_WRITE, MAP_PRIVATE|MAP_ANONYMOUS, -1, 0) = 0x78059589f000
2362  access("/etc/ld.so.preload", R_OK) = -1 ENOENT (No such file or directory)
2362  openat(AT_FDCWD, "/etc/ld.so.cache", O_RDONLY|O_CLOEXEC) = 3
2362  newfstatat(3, "", {st_mode=S_IFREG|0644, st_size=29392, ...}, AT_EMPTY_PATH) = 0
2362  mmap(NULL, 29392, PROT_READ, MAP_PRIVATE, 3, 0) = 0x780595897000
2362  close(3)                          = 0
2362  openat(AT_FDCWD, "/lib/x86_64-linux-gnu/libc.so.6", O_RDONLY|O_CLOEXEC) = 3
2362  read(3, "\177ELF\2\1\1\3\0\0\0\0\0\0\0\0\3\0>\0\1\0\0\0P\237\2\0\0\0\0\0"..., 832) = 832
2362  pread64(3, "\6\0\0\0\4\0\0\0@\0\0\0\0\0\0\0@\0\0\0\0\0\0\0@\0\0\0\0\0\0\0"..., 784, 64) = 784
2362  pread64(3, "\4\0\0\0 \0\0\0\5\0\0\0GNU\0\2\0\0\300\4\0\0\0\3\0\0\0\0\0\0\0"..., 48, 848) = 48
2362  pread64(3, "\4\0\0\0\24\0\0\0\3\0\0\0GNU\0\325\31p\226\367\t\200\30)\261\30\257\33|\366c"..., 68, 896) = 68
2362  newfstatat(3, "", {st_mode=S_IFREG|0755, st_size=2220400, ...}, AT_EMPTY_PATH) = 0
2362  pread64(3, "\6\0\0\0\4\0\0\0@\0\0\0\0\0\0\0@\0\0\0\0\0\0\0@\0\0\0\0\0\0\0"..., 784, 64) = 784
2362  mmap(NULL, 2264656, PROT_READ, MAP_PRIVATE|MAP_DENYWRITE, 3, 0) = 0x78059566e000
2362  mprotect(0x780595696000, 2023424, PROT_NONE) = 0
2362  mmap(0x780595696000, 1658880, PROT_READ|PROT_EXEC, MAP_PRIVATE|MAP_FIXED|MAP_DENYWRITE, 3, 0x28000) = 0x780595696000
2362  mmap(0x78059582b000, 360448, PROT_READ, MAP_PRIVATE|MAP_FIXED|MAP_DENYWRITE, 3, 0x1bd000) = 0x78059582b000
2362  mmap(0x780595884000, 24576, PROT_READ|PROT_WRITE, MAP_PRIVATE|MAP_FIXED|MAP_DENYWRITE, 3, 0x215000) = 0x780595884000
2362  mmap(0x78059588a000, 52816, PROT_READ|PROT_WRITE, MAP_PRIVATE|MAP_FIXED|MAP_ANONYMOUS, -1, 0) = 0x78059588a000
2362  close(3)                          = 0
2362  mmap(NULL, 12288, PROT_READ|PROT_WRITE, MAP_PRIVATE|MAP_ANONYMOUS, -1, 0) = 0x78059566b000
2362  arch_prctl(ARCH_SET_FS, 0x78059566b740) = 0
2362  set_tid_address(0x78059566ba10)   = 2362
2362  set_robust_list(0x78059566ba20, 24) = 0
2362  rseq(0x78059566c0e0, 0x20, 0, 0x53053053) = 0
2362  mprotect(0x780595884000, 16384, PROT_READ) = 0
2362  mprotect(0x64ed0bce3000, 4096, PROT_READ) = 0
2362  mprotect(0x7805958d9000, 8192, PROT_READ) = 0
2362  prlimit64(0, RLIMIT_STACK, NULL, {rlim_cur=8192*1024, rlim_max=RLIM64_INFINITY}) = 0
2362  munmap(0x780595897000, 29392)     = 0
2362  pipe2([3, 4], 0)                  = 0
2362  openat(AT_FDCWD, "testcases/testcase.5", O_RDONLY) = 5
2362  openat(AT_FDCWD, "output/output.5", O_WRONLY|O_CREAT, 0666) = 6
2362  clone(child_stack=NULL, flags=CLONE_CHILD_CLEARTID|CLONE_CHILD_SETTID|SIGCHLD, child_tidptr=0x78059566ba10) = 2363
2362  close(3 <unfinished ...>
2363  set_robust_list(0x78059566ba20, 24 <unfinished ...>
2362  <... close resumed>)              = 0
2363  <... set_robust_list resumed>)    = 0
2362  read(5, "\\documentclass[a4paper,11pt]{art"..., 1000) = 1000
2363  close(1)                          = 0
2362  write(4, "1000\n", 5 <unfinished ...>
2363  dup(6 <unfinished ...>
2362  <... write resumed>)              = 5
2363  <... dup resumed>)                = 1
2362  write(4, "\\documentclass[a4paper,11pt]{art"..., 1000 <unfinished ...>
2363  close(0 <unfinished ...>
2362  <... write resumed>)              = 1000
2363  <... close resumed>)              = 0
2362  read(5,  <unfinished ...>
2363  dup(3 <unfinished ...>
2362  <... read resumed>"s) mentioned.\n    \\item Please t"..., 1000) = 1000
2363  <... dup resumed>)                = 0
2362  write(4, "1000\n", 5 <unfinished ...>
2363  close(4 <unfinished ...>
2362  <... write resumed>)              = 5
2363  <... close resumed>)              = 0
2362  write(4, "s) mentioned.\n    \\item Please t"..., 1000) = 1000
2362  read(5, " system. You can also use `ALT+C"..., 1000) = 1000
2363  execve("./encrypt", ["encrypt"], 0x7ffc995df488 /* 18 vars */ <unfinished ...>
2362  write(4, "1000\n", 5)             = 5
2362  write(4, " system. You can also use `ALT+C"..., 1000) = 1000
2362  read(5, "2020 -r osws@localhost:lab-1/CS3"..., 1000) = 1000
2362  write(4, "1000\n", 5)             = 5
2362  write(4, "2020 -r osws@localhost:lab-1/CS3"..., 1000) = 1000
2362  read(5, "on and get started.\n\nusage:\n\n./l"..., 1000) = 1000
2362  write(4, "1000\n", 5)             = 5
2362  write(4, "on and get started.\n\nusage:\n\n./l"..., 1000 <unfinished ...>
2363  <... execve resumed>)             = 0
2362  <... write resumed>)              = 1000
2362  read(5, "b session is detached. Can be re"..., 1000) = 1000
2363  brk(NULL <unfinished ...>
2362  write(4, "1000\n", 5 <unfinished ...>
2363  <... brk resumed>)                = 0x5d59cc8ed000
2362  <... write resumed>)              = 5
2362  write(4, "b session is detached. Can be re"..., 1000) = 1000
2362  read(5, " STEP L+3   Signoff --> $./lab.s"..., 1000) = 1000
2363  arch_prctl(0x3001 /* ARCH_??? */, 0x7ffd2d771540 <unfinished ...>
2362  write(4, "1000\n", 5 <unfinished ...>
2363  <... arch_prctl resumed>)         = -1 EINVAL (Invalid argument)
2362  <... write resumed>)              = 5
2362  write(4, " STEP L+3   Signoff --> $./lab.s"..., 1000) = 1000
2363  mmap(NULL, 8192, PROT_READ|PROT_WRITE, MAP_PRIVATE|MAP_ANONYMOUS, -1, 0 <unfinished ...>
2362  read(5, "ab.sh -r 210010_211101 -n 5 -a s"..., 1000) = 1000
2363  <... mmap resumed>)               = 0x7ef20a096000
2362  write(4, "1000\n", 5)             = 5
2363  access("/etc/ld.so.preload", R_OK <unfinished ...>
2362  write(4, "ab.sh -r 210010_211101 -n 5 -a s"..., 1000 <unfinished ...>
2363  <... access resumed>)             = -1 ENOENT (No such file or directory)
2362  <... write resumed>)              = 1000
2362  read(5,  <unfinished ...>
2363  openat(AT_FDCWD, "/etc/ld.so.cache", O_RDONLY|O_CLOEXEC <unfinished ...>
2362  <... read resumed>" 1: Ensure you are logged into t"..., 1000) = 1000
2363  <... openat resumed>)             = 4
2362  write(4, "1000\n", 5 <unfinished ...>
2363  newfstatat(4, "",  <unfinished ...>
2362  <... write resumed>)              = 5
2363  <... newfstatat resumed>{st_mode=S_IFREG|0644, st_size=29392, ...}, AT_EMPTY_PATH) = 0
2362  write(4, " 1: Ensure you are logged into t"..., 1000 <unfinished ...>
2363  mmap(NULL, 29392, PROT_READ, MAP_PRIVATE, 4, 0 <unfinished ...>
2362  <... write resumed>)              = 1000
2362  read(5,  <unfinished ...>
2363  <... mmap resumed>)               = 0x7ef20a08e000
2362  <... read resumed>"nt debugging/status messages to "..., 1000) = 1000
2363  close(4 <unfinished ...>
2362  write(4, "1000\n", 5 <unfinished ...>
2363  <... close resumed>)              = 0
2362  <... write resumed>)              = 5
2362  write(4, "nt debugging/status messages to "..., 1000 <unfinished ...>
2363  openat(AT_FDCWD, "/lib/x86_64-linux-gnu/libc.so.6", O_RDONLY|O_CLOEXEC <unfinished ...>
2362  <... write resumed>)              = 1000
2362  read(5,  <unfinished ...>
2363  <... openat resumed>)             = 4
2362  <... read resumed>"nd $P_2$) where child process $P"..., 1000) = 1000
2363  read(4,  <unfinished ...>
2362  write(4, "1000\n", 5 <unfinished ...>
2363  <... read resumed>"\177ELF\2\1\1\3\0\0\0\0\0\0\0\0\3\0>\0\1\0\0\0P\237\2\0\0\0\0\0"..., 832) = 832
2362  <... write resumed>)              = 5
2363  pread64(4,  <unfinished ...>
2362  write(4, "nd $P_2$) where child process $P"..., 1000 <unfinished ...>
2363  <... pread64 resumed>"\6\0\0\0\4\0\0\0@\0\0\0\0\0\0\0@\0\0\0\0\0\0\0@\0\0\0\0\0\0\0"..., 784, 64) = 784
2362  <... write resumed>)              = 1000
2363  pread64(4,  <unfinished ...>
2362  read(5,  <unfinished ...>
2363  <... pread64 resumed>"\4\0\0\0 \0\0\0\5\0\0\0GNU\0\2\0\0\300\4\0\0\0\3\0\0\0\0\0\0\0"..., 48, 848) = 48
2362  <... read resumed>"}\nRun \\texttt{Q1/run\\_tests.sh} "..., 1000) = 1000
2363  pread64(4,  <unfinished ...>
2362  write(4, "1000\n", 5 <unfinished ...>
2363  <... pread64 resumed>"\4\0\0\0\24\0\0\0\3\0\0\0GNU\0\325\31p\226\367\t\200\30)\261\30\257\33|\366c"..., 68, 896) = 68
2362  <... write resumed>)              = 5
2363  newfstatat(4, "",  <unfinished ...>
2362  write(4, "}\nRun \\texttt{Q1/run\\_tests.sh} "..., 1000 <unfinished ...>
2363  <... newfstatat resumed>{st_mode=S_IFREG|0755, st_size=2220400, ...}, AT_EMPTY_PATH) = 0
2362  <... write resumed>)              = 1000
2363  pread64(4,  <unfinished ...>
2362  read(5,  <unfinished ...>
2363  <... pread64 resumed>"\6\0\0\0\4\0\0\0@\0\0\0\0\0\0\0@\0\0\0\0\0\0\0@\0\0\0\0\0\0\0"..., 784, 64) = 784
2362  <... read resumed>"(directly or indirectly).\n%\nYou "..., 1000) = 1000
2363  mmap(NULL, 2264656, PROT_READ, MAP_PRIVATE|MAP_DENYWRITE, 4, 0 <unfinished ...>
2362  write(4, "1000\n", 5 <unfinished ...>
2363  <... mmap resumed>)               = 0x7ef209e65000
2362  <... write resumed>)              = 5
2363  mprotect(0x7ef209e8d000, 2023424, PROT_NONE <unfinished ...>
2362  write(4, "(directly or indirectly).\n%\nYou "..., 1000) = 1000
2363  <... mprotect resumed>)           = 0
2362  read(5,  <unfinished ...>
2363  mmap(0x7ef209e8d000, 1658880, PROT_READ|PROT_EXEC, MAP_PRIVATE|MAP_FIXED|MAP_DENYWRITE, 4, 0x28000 <unfinished ...>
2362  <... read resumed>"%%%%%%%%%%%%%%%%%%%%%%%%%%%%%%%%"..., 1000) = 1000
2362  write(4, "1000\n", 5 <unfinished ...>
2363  <... mmap resumed>)               = 0x7ef209e8d000
2362  <... write resumed>)              = 5
2363  mmap(0x7ef20a022000, 360448, PROT_READ, MAP_PRIVATE|MAP_FIXED|MAP_DENYWRITE, 4, 0x1bd000 <unfinished ...>
2362  write(4, "%%%%%%%%%%%%%%%%%%%%%%%%%%%%%%%%"..., 1000) = 1000
2363  <... mmap resumed>)               = 0x7ef20a022000
2362  read(5,  <unfinished ...>
2363  mmap(0x7ef20a07b000, 24576, PROT_READ|PROT_WRITE, MAP_PRIVATE|MAP_FIXED|MAP_DENYWRITE, 4, 0x215000 <unfinished ...>
2362  <... read resumed>"put}\nPrint the output as mention"..., 1000) = 1000
2362  write(4, "1000\n", 5 <unfinished ...>
2363  <... mmap resumed>)               = 0x7ef20a07b000
2362  <... write resumed>)              = 5
2362  write(4, "put}\nPrint the output as mention"..., 1000 <unfinished ...>
2363  mmap(0x7ef20a081000, 52816, PROT_READ|PROT_WRITE, MAP_PRIVATE|MAP_FIXED|MAP_ANONYMOUS, -1, 0 <unfinished ...>
2362  <... write resumed>)              = 1000
2362  read(5,  <unfinished ...>
2363  <... mmap resumed>)               = 0x7ef20a081000
2362  <... read resumed>"%%%%%%%%%%%%%%%%%%%%%%%%%%%%\n\\se"..., 1000) = 1000
2362  write(4, "1000\n", 5 <unfinished ...>
2363  close(4 <unfinished ...>
2362  <... write resumed>)              = 5
2363  <... close resumed>)              = 0
2362  write(4, "%%%%%%%%%%%%%%%%%%%%%%%%%%%%\n\\se"..., 1000) = 1000
2363  mmap(NULL, 12288, PROT_READ|PROT_WRITE, MAP_PRIVATE|MAP_ANONYMOUS, -1, 0 <unfinished ...>
2362  read(5, "P_SHARED, 4, 0) = 0x7f6974824000"..., 1000) = 1000
2363  <... mmap resumed>)               = 0x7ef209e62000
2362  write(4, "1000\n", 5 <unfinished ...>
2363  arch_prctl(ARCH_SET_FS, 0x7ef209e62740 <unfinished ...>
2362  <... write resumed>)              = 5
2363  <... arch_prctl resumed>)         = 0
2362  write(4, "P_SHARED, 4, 0) = 0x7f6974824000"..., 1000 <unfinished ...>
2363  set_tid_address(0x7ef209e62a10 <unfinished ...>
2362  <... write resumed>)              = 1000
2363  <... set_tid_address resumed>)    = 2363
2362  read(5,  <unfinished ...>
2363  set_robust_list(0x7ef209e62a20, 24 <unfinished ...>
2362  <... read resumed>"write\n    - lseek\n\\end{verbatim}"..., 1000) = 1000
2363  <... set_robust_list resumed>)    = 0
2362  write(4, "1000\n", 5 <unfinished ...>
2363  rseq(0x7ef209e630e0, 0x20, 0, 0x53053053 <unfinished ...>
2362  <... write resumed>)              = 5
2363  <... rseq resumed>)               = 0
2362  write(4, "write\n    - lseek\n\\end{verbatim}"..., 1000) = 1000
2362  read(5, "v.c} which takes two arguments \n"..., 1000) = 1000
2362  write(4, "1000\n", 5 <unfinished ...>
2363  mprotect(0x7ef20a07b000, 16384, PROT_READ <unfinished ...>
2362  <... write resumed>)              = 5
2362  write(4, "v.c} which takes two arguments \n"..., 1000 <unfinished ...>
2363  <... mprotect resumed>)           = 0
2362  <... write resumed>)              = 1000
2363  mprotect(0x5d59cb0a2000, 4096, PROT_READ <unfinished ...>
2362  read(5, "./encdev testcases/testcase1.txt"..., 1000) = 545
2363  <... mprotect resumed>)           = 0
2362  write(4, "545\n", 4 <unfinished ...>
2363  mprotect(0x7ef20a0d0000, 8192, PROT_READ <unfinished ...>
2362  <... write resumed>)              = 4
2362  write(4, "./encdev testcases/testcase1.txt"..., 545 <unfinished ...>
2363  <... mprotect resumed>)           = 0
2362  <... write resumed>)              = 545
2362  read(5,  <unfinished ...>
2363  prlimit64(0, RLIMIT_STACK, NULL,  <unfinished ...>
2362  <... read resumed>"", 1000)       = 0
2363  <... prlimit64 resumed>{rlim_cur=8192*1024, rlim_max=RLIM64_INFINITY}) = 0
2362  close(5)                          = 0
2363  munmap(0x7ef20a08e000, 29392 <unfinished ...>
2362  close(6)                          = 0
2363  <... munmap resumed>)             = 0
2362  exit_group(0 <unfinished ...>
2363  newfstatat(0, "",  <unfinished ...>
2362  <... exit_group resumed>)         = ?
2363  <... newfstatat resumed>{st_mode=S_IFIFO|0600, st_size=0, ...}, AT_EMPTY_PATH) = 0
2363  getrandom("\x71\x79\xf4\xfc\x71\x13\xf3\x9a", 8, GRND_NONBLOCK) = 8
2363  brk(NULL)                         = 0x5d59cc8ed000
2363  brk(0x5d59cc90e000 <unfinished ...>
2362  +++ exited with 0 +++
2363  <... brk resumed>)                = 0x5d59cc90e000
2363  read(0, "1000\n\\documentclass[a4paper,11pt"..., 4096) = 4096
2363  newfstatat(1, "", {st_mode=S_IFREG|0664, st_size=0, ...}, AT_EMPTY_PATH) = 0
2363  write(1, "1000\n\264\214\207\213\235\205\215\206\234\213\204\211\233\233\263\211\334\230\211\230\215\232\304\331\331\230\234"..., 1005) = 1005
2363  write(1, "1000\n\233\301\310\205\215\206\234\201\207\206\215\214\306\342\310\310\310\310\264\201\234\215\205\310\270\204\215"..., 1005) = 1005
2363  write(1, "1000\n\310\233\221\233\234\215\205\306\310\261\207\235\310\213\211\206\310\211\204\233\207\310\235\233\215\310\210"..., 1005) = 1005
2363  write(1, "1000\n\332\330\332\330\310\305\232\310\207\233\237\233\250\204\207\213\211\204\200\207\233\234\322\204\211\212\305"..., 1005) = 1005
2363  read(0, "|-n <lab number> --action|-a <in"..., 4096) = 4096
2363  write(1, "1000\n\207\206\310\211\206\214\310\217\215\234\310\233\234\211\232\234\215\214\306\342\342\235\233\211\217\215\322"..., 1005) = 1005
2363  write(1, "1000\n\212\310\233\215\233\233\201\207\206\310\201\233\310\214\215\234\211\213\200\215\214\306\310\253\211\206\310"..., 1005) = 1005
2363  write(1, "1000\n\310\273\274\255\270\310\244\303\333\310\310\310\273\201\217\206\207\216\216\310\305\305\326\310\314\306\307"..., 1005) = 1005
2363  write(1, "1000\n\211\212\306\233\200\310\305\232\310\332\331\330\330\331\330\267\332\331\331\331\330\331\310\305\206\310\335"..., 1005) = 1005
2363  read(0, " the {\\tt cd} command. Make modi"..., 4096) = 4096
2363  write(1, "1000\n\310\331\322\310\255\206\233\235\232\215\310\221\207\235\310\211\232\215\310\204\207\217\217\215\214\310\201"..., 1005) = 1005
2363  write(1, "1000\n\206\234\310\214\215\212\235\217\217\201\206\217\307\233\234\211\234\235\233\310\205\215\233\233\211\217\215"..., 1005) = 1005
2363  write(1, "1000\n\206\214\310\314\270\267\332\314\301\310\237\200\215\232\215\310\213\200\201\204\214\310\230\232\207\213\215"..., 1005) = 1005
2363  write(1, "1000\n\225\342\272\235\206\310\264\234\215\220\234\234\234\223\271\331\307\232\235\206\264\267\234\215\233\234\233"..., 1005) = 1005
2363  read(0, "bf{must only use} the below ment"..., 4096) = 4096
2363  write(1, "1000\n\300\214\201\232\215\213\234\204\221\310\207\232\310\201\206\214\201\232\215\213\234\204\221\301\306\342\315"..., 1005) = 1005
2363  write(1, "1000\n\315\315\315\315\315\315\315\315\315\315\315\315\315\315\315\315\315\315\315\315\315\315\315\315\315\315\315"..., 1005) = 1005
2363  write(1, "1000\n\230\235\234\225\342\270\232\201\206\234\310\234\200\215\310\207\235\234\230\235\234\310\211\233\310\205\215"..., 1005) = 1005
2363  write(1, "1000\n\315\315\315\315\315\315\315\315\315\315\315\315\315\315\315\315\315\315\315\315\315\315\315\315\315\315\315"..., 1005) = 1005
2363  read(0, "      = 0\nclose(1)              "..., 4096) = 3260
2363  write(1, "1000\n\270\267\273\240\251\272\255\254\304\310\334\304\310\330\301\310\325\310\330\220\337\216\336\321\337\334\320"..., 1005) = 1005
2363  write(1, "1000\n\237\232\201\234\215\342\310\310\310\310\305\310\204\233\215\215\203\342\264\215\206\214\223\236\215\232\212"..., 1005) = 1005
2363  write(1, "1000\n\236\306\213\225\310\237\200\201\213\200\310\234\211\203\215\233\310\234\237\207\310\211\232\217\235\205\215"..., 1005) = 1005
2363  write(1, "545\n\17\16DOBEDW\1UDRUB@RDR\16UDRUB@RD\20"..., 549) = 549
2363  read(0, "", 4096)                 = 0
2363  exit_group(0)                     = ?
2363  +++ exited with 0 +++
