2137  execve("./pprime", ["./pprime", "500", "1"], 0x7fffe9ab0538 /* 18 vars */) = 0
2137  brk(NULL)                         = 0x5b46e8f57000
2137  arch_prctl(0x3001 /* ARCH_??? */, 0x7ffc3d332470) = -1 EINVAL (Invalid argument)
2137  mmap(NULL, 8192, PROT_READ|PROT_WRITE, MAP_PRIVATE|MAP_ANONYMOUS, -1, 0) = 0x7e7f36447000
2137  access("/etc/ld.so.preload", R_OK) = -1 ENOENT (No such file or directory)
2137  openat(AT_FDCWD, "/etc/ld.so.cache", O_RDONLY|O_CLOEXEC) = 3
2137  newfstatat(3, "", {st_mode=S_IFREG|0644, st_size=29392, ...}, AT_EMPTY_PATH) = 0
2137  mmap(NULL, 29392, PROT_READ, MAP_PRIVATE, 3, 0) = 0x7e7f3643f000
2137  close(3)                          = 0
2137  openat(AT_FDCWD, "/lib/x86_64-linux-gnu/libm.so.6", O_RDONLY|O_CLOEXEC) = 3
2137  read(3, "\177ELF\2\1\1\3\0\0\0\0\0\0\0\0\3\0>\0\1\0\0\0\0\0\0\0\0\0\0\0"..., 832) = 832
2137  newfstatat(3, "", {st_mode=S_IFREG|0644, st_size=940560, ...}, AT_EMPTY_PATH) = 0
2137  mmap(NULL, 942344, PROT_READ, MAP_PRIVATE|MAP_DENYWRITE, 3, 0) = 0x7e7f36358000
2137  mmap(0x7e7f36366000, 507904, PROT_READ|PROT_EXEC, MAP_PRIVATE|MAP_FIXED|MAP_DENYWRITE, 3, 0xe000) = 0x7e7f36366000
2137  mmap(0x7e7f363e2000, 372736, PROT_READ, MAP_PRIVATE|MAP_FIXED|MAP_DENYWRITE, 3, 0x8a000) = 0x7e7f363e2000
2137  mmap(0x7e7f3643d000, 8192, PROT_READ|PROT_WRITE, MAP_PRIVATE|MAP_FIXED|MAP_DENYWRITE, 3, 0xe4000) = 0x7e7f3643d000
2137  close(3)                          = 0
2137  openat(AT_FDCWD, "/lib/x86_64-linux-gnu/libc.so.6", O_RDONLY|O_CLOEXEC) = 3
2137  read(3, "\177ELF\2\1\1\3\0\0\0\0\0\0\0\0\3\0>\0\1\0\0\0P\237\2\0\0\0\0\0"..., 832) = 832
2137  pread64(3, "\6\0\0\0\4\0\0\0@\0\0\0\0\0\0\0@\0\0\0\0\0\0\0@\0\0\0\0\0\0\0"..., 784, 64) = 784
2137  pread64(3, "\4\0\0\0 \0\0\0\5\0\0\0GNU\0\2\0\0\300\4\0\0\0\3\0\0\0\0\0\0\0"..., 48, 848) = 48
2137  pread64(3, "\4\0\0\0\24\0\0\0\3\0\0\0GNU\0\325\31p\226\367\t\200\30)\261\30\257\33|\366c"..., 68, 896) = 68
2137  newfstatat(3, "", {st_mode=S_IFREG|0755, st_size=2220400, ...}, AT_EMPTY_PATH) = 0
2137  pread64(3, "\6\0\0\0\4\0\0\0@\0\0\0\0\0\0\0@\0\0\0\0\0\0\0@\0\0\0\0\0\0\0"..., 784, 64) = 784
2137  mmap(NULL, 2264656, PROT_READ, MAP_PRIVATE|MAP_DENYWRITE, 3, 0) = 0x7e7f3612f000
2137  mprotect(0x7e7f36157000, 2023424, PROT_NONE) = 0
2137  mmap(0x7e7f36157000, 1658880, PROT_READ|PROT_EXEC, MAP_PRIVATE|MAP_FIXED|MAP_DENYWRITE, 3, 0x28000) = 0x7e7f36157000
2137  mmap(0x7e7f362ec000, 360448, PROT_READ, MAP_PRIVATE|MAP_FIXED|MAP_DENYWRITE, 3, 0x1bd000) = 0x7e7f362ec000
2137  mmap(0x7e7f36345000, 24576, PROT_READ|PROT_WRITE, MAP_PRIVATE|MAP_FIXED|MAP_DENYWRITE, 3, 0x215000) = 0x7e7f36345000
2137  mmap(0x7e7f3634b000, 52816, PROT_READ|PROT_WRITE, MAP_PRIVATE|MAP_FIXED|MAP_ANONYMOUS, -1, 0) = 0x7e7f3634b000
2137  close(3)                          = 0
2137  mmap(NULL, 12288, PROT_READ|PROT_WRITE, MAP_PRIVATE|MAP_ANONYMOUS, -1, 0) = 0x7e7f3612c000
2137  arch_prctl(ARCH_SET_FS, 0x7e7f3612c740) = 0
2137  set_tid_address(0x7e7f3612ca10)   = 2137
2137  set_robust_list(0x7e7f3612ca20, 24) = 0
2137  rseq(0x7e7f3612d0e0, 0x20, 0, 0x53053053) = 0
2137  mprotect(0x7e7f36345000, 16384, PROT_READ) = 0
2137  mprotect(0x7e7f3643d000, 4096, PROT_READ) = 0
2137  mprotect(0x5b46e8b7a000, 4096, PROT_READ) = 0
2137  mprotect(0x7e7f36481000, 8192, PROT_READ) = 0
2137  prlimit64(0, RLIMIT_STACK, NULL, {rlim_cur=8192*1024, rlim_max=RLIM64_INFINITY}) = 0
2137  munmap(0x7e7f3643f000, 29392)     = 0
2137  clone(child_stack=NULL, flags=CLONE_CHILD_CLEARTID|CLONE_CHILD_SETTID|SIGCHLD, child_tidptr=0x7e7f3612ca10) = 2138
2137  clone(child_stack=NULL, flags=CLONE_CHILD_CLEARTID|CLONE_CHILD_SETTID|SIGCHLD, child_tidptr=0x7e7f3612ca10) = 2139
2138  set_robust_list(0x7e7f3612ca20, 24 <unfinished ...>
2137  wait4(2138,  <unfinished ...>
2138  <... set_robust_list resumed>)    = 0
2138  exit_group(53 <unfinished ...>
2139  set_robust_list(0x7e7f3612ca20, 24 <unfinished ...>
2138  <... exit_group resumed>)         = ?
2139  <... set_robust_list resumed>)    = 0
2138  +++ exited with 53 +++
2137  <... wait4 resumed>[{WIFEXITED(s) && WEXITSTATUS(s) == 53}], 0, NULL) = 2138
2139  exit_group(42 <unfinished ...>
2137  --- SIGCHLD {si_signo=SIGCHLD, si_code=CLD_EXITED, si_pid=2138, si_uid=1000, si_status=53, si_utime=0, si_stime=0} ---
2139  <... exit_group resumed>)         = ?
2137  wait4(2139,  <unfinished ...>
2139  +++ exited with 42 +++
2137  <... wait4 resumed>[{WIFEXITED(s) && WEXITSTATUS(s) == 42}], 0, NULL) = 2139
2137  --- SIGCHLD {si_signo=SIGCHLD, si_code=CLD_EXITED, si_pid=2139, si_uid=1000, si_status=42, si_utime=0, si_stime=0} ---
2137  newfstatat(1, "", {st_mode=S_IFREG|0664, st_size=0, ...}, AT_EMPTY_PATH) = 0
2137  getrandom("\xc1\xdd\x1f\xf8\x05\x16\x35\xfd", 8, GRND_NONBLOCK) = 8
2137  brk(NULL)                         = 0x5b46e8f57000
2137  brk(0x5b46e8f78000)               = 0x5b46e8f78000
2137  write(1, "Testcase 1 Expected: 95 Output: "..., 69) = 69
2137  exit_group(0)                     = ?
2137  +++ exited with 0 +++
