2149  execve("./pprime", ["./pprime", "5000", "2"], 0x7fffe6b02dc8 /* 18 vars */) = 0
2149  brk(NULL)                         = 0x5ca6339b1000
2149  arch_prctl(0x3001 /* ARCH_??? */, 0x7ffd2fae8cc0) = -1 EINVAL (Invalid argument)
2149  mmap(NULL, 8192, PROT_READ|PROT_WRITE, MAP_PRIVATE|MAP_ANONYMOUS, -1, 0) = 0x79ccccdcc000
2149  access("/etc/ld.so.preload", R_OK) = -1 ENOENT (No such file or directory)
2149  openat(AT_FDCWD, "/etc/ld.so.cache", O_RDONLY|O_CLOEXEC) = 3
2149  newfstatat(3, "", {st_mode=S_IFREG|0644, st_size=29392, ...}, AT_EMPTY_PATH) = 0
2149  mmap(NULL, 29392, PROT_READ, MAP_PRIVATE, 3, 0) = 0x79ccccdc4000
2149  close(3)                          = 0
2149  openat(AT_FDCWD, "/lib/x86_64-linux-gnu/libm.so.6", O_RDONLY|O_CLOEXEC) = 3
2149  read(3, "\177ELF\2\1\1\3\0\0\0\0\0\0\0\0\3\0>\0\1\0\0\0\0\0\0\0\0\0\0\0"..., 832) = 832
2149  newfstatat(3, "", {st_mode=S_IFREG|0644, st_size=940560, ...}, AT_EMPTY_PATH) = 0
2149  mmap(NULL, 942344, PROT_READ, MAP_PRIVATE|MAP_DENYWRITE, 3, 0) = 0x79cccccdd000
2149  mmap(0x79ccccceb000, 507904, PROT_READ|PROT_EXEC, MAP_PRIVATE|MAP_FIXED|MAP_DENYWRITE, 3, 0xe000) = 0x79ccccceb000
2149  mmap(0x79ccccd67000, 372736, PROT_READ, MAP_PRIVATE|MAP_FIXED|MAP_DENYWRITE, 3, 0x8a000) = 0x79ccccd67000
2149  mmap(0x79ccccdc2000, 8192, PROT_READ|PROT_WRITE, MAP_PRIVATE|MAP_FIXED|MAP_DENYWRITE, 3, 0xe4000) = 0x79ccccdc2000
2149  close(3)                          = 0
2149  openat(AT_FDCWD, "/lib/x86_64-linux-gnu/libc.so.6", O_RDONLY|O_CLOEXEC) = 3
2149  read(3, "\177ELF\2\1\1\3\0\0\0\0\0\0\0\0\3\0>\0\1\0\0\0P\237\2\0\0\0\0\0"..., 832) = 832
2149  pread64(3, "\6\0\0\0\4\0\0\0@\0\0\0\0\0\0\0@\0\0\0\0\0\0\0@\0\0\0\0\0\0\0"..., 784, 64) = 784
2149  pread64(3, "\4\0\0\0 \0\0\0\5\0\0\0GNU\0\2\0\0\300\4\0\0\0\3\0\0\0\0\0\0\0"..., 48, 848) = 48
2149  pread64(3, "\4\0\0\0\24\0\0\0\3\0\0\0GNU\0\325\31p\226\367\t\200\30)\261\30\257\33|\366c"..., 68, 896) = 68
2149  newfstatat(3, "", {st_mode=S_IFREG|0755, st_size=2220400, ...}, AT_EMPTY_PATH) = 0
2149  pread64(3, "\6\0\0\0\4\0\0\0@\0\0\0\0\0\0\0@\0\0\0\0\0\0\0@\0\0\0\0\0\0\0"..., 784, 64) = 784
2149  mmap(NULL, 2264656, PROT_READ, MAP_PRIVATE|MAP_DENYWRITE, 3, 0) = 0x79ccccab4000
2149  mprotect(0x79ccccadc000, 2023424, PROT_NONE) = 0
2149  mmap(0x79ccccadc000, 1658880, PROT_READ|PROT_EXEC, MAP_PRIVATE|MAP_FIXED|MAP_DENYWRITE, 3, 0x28000) = 0x79ccccadc000
2149  mmap(0x79ccccc71000, 360448, PROT_READ, MAP_PRIVATE|MAP_FIXED|MAP_DENYWRITE, 3, 0x1bd000) = 0x79ccccc71000
2149  mmap(0x79cccccca000, 24576, PROT_READ|PROT_WRITE, MAP_PRIVATE|MAP_FIXED|MAP_DENYWRITE, 3, 0x215000) = 0x79cccccca000
2149  mmap(0x79cccccd0000, 52816, PROT_READ|PROT_WRITE, MAP_PRIVATE|MAP_FIXED|MAP_ANONYMOUS, -1, 0) = 0x79cccccd0000
2149  close(3)                          = 0
2149  mmap(NULL, 12288, PROT_READ|PROT_WRITE, MAP_PRIVATE|MAP_ANONYMOUS, -1, 0) = 0x79ccccab1000
2149  arch_prctl(ARCH_SET_FS, 0x79ccccab1740) = 0
2149  set_tid_address(0x79ccccab1a10)   = 2149
2149  set_robust_list(0x79ccccab1a20, 24) = 0
2149  rseq(0x79ccccab20e0, 0x20, 0, 0x53053053) = 0
2149  mprotect(0x79cccccca000, 16384, PROT_READ) = 0
2149  mprotect(0x79ccccdc2000, 4096, PROT_READ) = 0
2149  mprotect(0x5ca633198000, 4096, PROT_READ) = 0
2149  mprotect(0x79cccce06000, 8192, PROT_READ) = 0
2149  prlimit64(0, RLIMIT_STACK, NULL, {rlim_cur=8192*1024, rlim_max=RLIM64_INFINITY}) = 0
2149  munmap(0x79ccccdc4000, 29392)     = 0
2149  clone(child_stack=NULL, flags=CLONE_CHILD_CLEARTID|CLONE_CHILD_SETTID|SIGCHLD, child_tidptr=0x79ccccab1a10) = 2150
2149  clone(child_stack=NULL, flags=CLONE_CHILD_CLEARTID|CLONE_CHILD_SETTID|SIGCHLD, child_tidptr=0x79ccccab1a10) = 2151
2150  set_robust_list(0x79ccccab1a20, 24 <unfinished ...>
2149  wait4(2150,  <unfinished ...>
2150  <... set_robust_list resumed>)    = 0
2151  set_robust_list(0x79ccccab1a20, 24) = 0
2150  exit_group(111)                   = ?
2150  +++ exited with 111 +++
2149  <... wait4 resumed>[{WIFEXITED(s) && WEXITSTATUS(s) == 111}], 0, NULL) = 2150
2149  --- SIGCHLD {si_signo=SIGCHLD, si_code=CLD_EXITED, si_pid=2150, si_uid=1000, si_status=111, si_utime=0, si_stime=0} ---
2149  wait4(2151,  <unfinished ...>
2151  exit_group(46)                    = ?
2151  +++ exited with 46 +++
2149  <... wait4 resumed>[{WIFEXITED(s) && WEXITSTATUS(s) == 46}], 0, NULL) = 2151
2149  --- SIGCHLD {si_signo=SIGCHLD, si_code=CLD_EXITED, si_pid=2151, si_uid=1000, si_status=46, si_utime=0, si_stime=0} ---
2149  newfstatat(1, "", {st_mode=S_IFREG|0664, st_size=69, ...}, AT_EMPTY_PATH) = 0
2149  getrandom("\x84\x01\xdc\x37\xa1\x98\xa7\xf1", 8, GRND_NONBLOCK) = 8
2149  brk(NULL)                         = 0x5ca6339b1000
2149  brk(0x5ca6339d2000)               = 0x5ca6339d2000
2149  write(1, "Testcase 2 Expected: 157 Output:"..., 72) = 72
2149  exit_group(0)                     = ?
2149  +++ exited with 0 +++
