2161  execve("./pprime", ["./pprime", "50000", "3"], 0x7ffef82969b8 /* 18 vars */) = 0
2161  brk(NULL)                         = 0x595b7843e000
2161  arch_prctl(0x3001 /* ARCH_??? */, 0x7ffe63bae120) = -1 EINVAL (Invalid argument)
2161  mmap(NULL, 8192, PROT_READ|PROT_WRITE, MAP_PRIVATE|MAP_ANONYMOUS, -1, 0) = 0x79795e59c000
2161  access("/etc/ld.so.preload", R_OK) = -1 ENOENT (No such file or directory)
2161  openat(AT_FDCWD, "/etc/ld.so.cache", O_RDONLY|O_CLOEXEC) = 3
2161  newfstatat(3, "", {st_mode=S_IFREG|0644, st_size=29392, ...}, AT_EMPTY_PATH) = 0
2161  mmap(NULL, 29392, PROT_READ, MAP_PRIVATE, 3, 0) = 0x79795e594000
2161  close(3)                          = 0
2161  openat(AT_FDCWD, "/lib/x86_64-linux-gnu/libm.so.6", O_RDONLY|O_CLOEXEC) = 3
2161  read(3, "\177ELF\2\1\1\3\0\0\0\0\0\0\0\0\3\0>\0\1\0\0\0\0\0\0\0\0\0\0\0"..., 832) = 832
2161  newfstatat(3, "", {st_mode=S_IFREG|0644, st_size=940560, ...}, AT_EMPTY_PATH) = 0
2161  mmap(NULL, 942344, PROT_READ, MAP_PRIVATE|MAP_DENYWRITE, 3, 0) = 0x79795e4ad000
2161  mmap(0x79795e4bb000, 507904, PROT_READ|PROT_EXEC, MAP_PRIVATE|MAP_FIXED|MAP_DENYWRITE, 3, 0xe000) = 0x79795e4bb000
2161  mmap(0x79795e537000, 372736, PROT_READ, MAP_PRIVATE|MAP_FIXED|MAP_DENYWRITE, 3, 0x8a000) = 0x79795e537000
2161  mmap(0x79795e592000, 8192, PROT_READ|PROT_WRITE, MAP_PRIVATE|MAP_FIXED|MAP_DENYWRITE, 3, 0xe4000) = 0x79795e592000
2161  close(3)                          = 0
2161  openat(AT_FDCWD, "/lib/x86_64-linux-gnu/libc.so.6", O_RDONLY|O_CLOEXEC) = 3
2161  read(3, "\177ELF\2\1\1\3\0\0\0\0\0\0\0\0\3\0>\0\1\0\0\0P\237\2\0\0\0\0\0"..., 832) = 832
2161  pread64(3, "\6\0\0\0\4\0\0\0@\0\0\0\0\0\0\0@\0\0\0\0\0\0\0@\0\0\0\0\0\0\0"..., 784, 64) = 784
2161  pread64(3, "\4\0\0\0 \0\0\0\5\0\0\0GNU\0\2\0\0\300\4\0\0\0\3\0\0\0\0\0\0\0"..., 48, 848) = 48
2161  pread64(3, "\4\0\0\0\24\0\0\0\3\0\0\0GNU\0\325\31p\226\367\t\200\30)\261\30\257\33|\366c"..., 68, 896) = 68
2161  newfstatat(3, "", {st_mode=S_IFREG|0755, st_size=2220400, ...}, AT_EMPTY_PATH) = 0
2161  pread64(3, "\6\0\0\0\4\0\0\0@\0\0\0\0\0\0\0@\0\0\0\0\0\0\0@\0\0\0\0\0\0\0"..., 784, 64) = 784
2161  mmap(NULL, 2264656, PROT_READ, MAP_PRIVATE|MAP_DENYWRITE, 3, 0) = 0x79795e284000
2161  mprotect(0x79795e2ac000, 2023424, PROT_NONE) = 0
2161  mmap(0x79795e2ac000, 1658880, PROT_READ|PROT_EXEC, MAP_PRIVATE|MAP_FIXED|MAP_DENYWRITE, 3, 0x28000) = 0x79795e2ac000
2161  mmap(0x79795e441000, 360448, PROT_READ, MAP_PRIVATE|MAP_FIXED|MAP_DENYWRITE, 3, 0x1bd000) = 0x79795e441000
2161  mmap(0x79795e49a000, 24576, PROT_READ|PROT_WRITE, MAP_PRIVATE|MAP_FIXED|MAP_DENYWRITE, 3, 0x215000) = 0x79795e49a000
2161  mmap(0x79795e4a0000, 52816, PROT_READ|PROT_WRITE, MAP_PRIVATE|MAP_FIXED|MAP_ANONYMOUS, -1, 0) = 0x79795e4a0000
2161  close(3)                          = 0
2161  mmap(NULL, 12288, PROT_READ|PROT_WRITE, MAP_PRIVATE|MAP_ANONYMOUS, -1, 0) = 0x79795e281000
2161  arch_prctl(ARCH_SET_FS, 0x79795e281740) = 0
2161  set_tid_address(0x79795e281a10)   = 2161
2161  set_robust_list(0x79795e281a20, 24) = 0
2161  rseq(0x79795e2820e0, 0x20, 0, 0x53053053) = 0
2161  mprotect(0x79795e49a000, 16384, PROT_READ) = 0
2161  mprotect(0x79795e592000, 4096, PROT_READ) = 0
2161  mprotect(0x595b77faa000, 4096, PROT_READ) = 0
2161  mprotect(0x79795e5d6000, 8192, PROT_READ) = 0
2161  prlimit64(0, RLIMIT_STACK, NULL, {rlim_cur=8192*1024, rlim_max=RLIM64_INFINITY}) = 0
2161  munmap(0x79795e594000, 29392)     = 0
2161  clone(child_stack=NULL, flags=CLONE_CHILD_CLEARTID|CLONE_CHILD_SETTID|SIGCHLD, child_tidptr=0x79795e281a10) = 2162
2161  clone(child_stack=NULL, flags=CLONE_CHILD_CLEARTID|CLONE_CHILD_SETTID|SIGCHLD <unfinished ...>
2162  set_robust_list(0x79795e281a20, 24 <unfinished ...>
2161  <... clone resumed>, child_tidptr=0x79795e281a10) = 2163
2162  <... set_robust_list resumed>)    = 0
2161  wait4(2162,  <unfinished ...>
2163  set_robust_list(0x79795e281a20, 24) = 0
2162  exit_group(202)                   = ?
2162  +++ exited with 202 +++
2161  <... wait4 resumed>[{WIFEXITED(s) && WEXITSTATUS(s) == 202}], 0, NULL) = 2162
2161  --- SIGCHLD {si_signo=SIGCHLD, si_code=CLD_EXITED, si_pid=2162, si_uid=1000, si_status=202, si_utime=0, si_stime=0} ---
2161  wait4(2163,  <unfinished ...>
2163  exit_group(67)                    = ?
2163  +++ exited with 67 +++
2161  <... wait4 resumed>[{WIFEXITED(s) && WEXITSTATUS(s) == 67}], 0, NULL) = 2163
2161  --- SIGCHLD {si_signo=SIGCHLD, si_code=CLD_EXITED, si_pid=2163, si_uid=1000, si_status=67, si_utime=0, si_stime=0} ---
2161  newfstatat(1, "", {st_mode=S_IFREG|0664, st_size=141, ...}, AT_EMPTY_PATH) = 0
2161  getrandom("\x50\x9c\x5b\x9d\x98\xc5\xc6\x61", 8, GRND_NONBLOCK) = 8
2161  brk(NULL)                         = 0x595b7843e000
2161  brk(0x595b7845f000)               = 0x595b7845f000
2161  write(1, "Testcase 3 Expected: 13 Output: "..., 72) = 72
2161  exit_group(0)                     = ?
2161  +++ exited with 0 +++
