2173  execve("./pprime", ["./pprime", "500000", "4"], 0x7ffc674af1d8 /* 18 vars */) = 0
2173  brk(NULL)                         = 0x623ca70f6000
2173  arch_prctl(0x3001 /* ARCH_??? */, 0x7ffe15f82e10) = -1 EINVAL (Invalid argument)
2173  mmap(NULL, 8192, PROT_READ|PROT_WRITE, MAP_PRIVATE|MAP_ANONYMOUS, -1, 0) = 0x7b7a4f4f6000
2173  access("/etc/ld.so.preload", R_OK) = -1 ENOENT (No such file or directory)
2173  openat(AT_FDCWD, "/etc/ld.so.cache", O_RDONLY|O_CLOEXEC) = 3
2173  newfstatat(3, "", {st_mode=S_IFREG|0644, st_size=29392, ...}, AT_EMPTY_PATH) = 0
2173  mmap(NULL, 29392, PROT_READ, MAP_PRIVATE, 3, 0) = 0x7b7a4f4ee000
2173  close(3)                          = 0
2173  openat(AT_FDCWD, "/lib/x86_64-linux-gnu/libm.so.6", O_RDONLY|O_CLOEXEC) = 3
2173  read(3, "\177ELF\2\1\1\3\0\0\0\0\0\0\0\0\3\0>\0\1\0\0\0\0\0\0\0\0\0\0\0"..., 832) = 832
2173  newfstatat(3, "", {st_mode=S_IFREG|0644, st_size=940560, ...}, AT_EMPTY_PATH) = 0
2173  mmap(NULL, 942344, PROT_READ, MAP_PRIVATE|MAP_DENYWRITE, 3, 0) = 0x7b7a4f407000
2173  mmap(0x7b7a4f415000, 507904, PROT_READ|PROT_EXEC, MAP_PRIVATE|MAP_FIXED|MAP_DENYWRITE, 3, 0xe000) = 0x7b7a4f415000
2173  mmap(0x7b7a4f491000, 372736, PROT_READ, MAP_PRIVATE|MAP_FIXED|MAP_DENYWRITE, 3, 0x8a000) = 0x7b7a4f491000
2173  mmap(0x7b7a4f4ec000, 8192, PROT_READ|PROT_WRITE, MAP_PRIVATE|MAP_FIXED|MAP_DENYWRITE, 3, 0xe4000) = 0x7b7a4f4ec000
2173  close(3)                          = 0
2173  openat(AT_FDCWD, "/lib/x86_64-linux-gnu/libc.so.6", O_RDONLY|O_CLOEXEC) = 3
2173  read(3, "\177ELF\2\1\1\3\0\0\0\0\0\0\0\0\3\0>\0\1\0\0\0P\237\2\0\0\0\0\0"..., 832) = 832
2173  pread64(3, "\6\0\0\0\4\0\0\0@\0\0\0\0\0\0\0@\0\0\0\0\0\0\0@\0\0\0\0\0\0\0"..., 784, 64) = 784
2173  pread64(3, "\4\0\0\0 \0\0\0\5\0\0\0GNU\0\2\0\0\300\4\0\0\0\3\0\0\0\0\0\0\0"..., 48, 848) = 48
2173  pread64(3, "\4\0\0\0\24\0\0\0\3\0\0\0GNU\0\325\31p\226\367\t\200\30)\261\30\257\33|\366c"..., 68, 896) = 68
2173  newfstatat(3, "", {st_mode=S_IFREG|0755, st_size=2220400, ...}, AT_EMPTY_PATH) = 0
2173  pread64(3, "\6\0\0\0\4\0\0\0@\0\0\0\0\0\0\0@\0\0\0\0\0\0\0@\0\0\0\0\0\0\0"..., 784, 64) = 784
2173  mmap(NULL, 2264656, PROT_READ, MAP_PRIVATE|MAP_DENYWRITE, 3, 0) = 0x7b7a4f1de000
2173  mprotect(0x7b7a4f206000, 2023424, PROT_NONE) = 0
2173  mmap(0x7b7a4f206000, 1658880, PROT_READ|PROT_EXEC, MAP_PRIVATE|MAP_FIXED|MAP_DENYWRITE, 3, 0x28000) = 0x7b7a4f206000
2173  mmap(0x7b7a4f39b000, 360448, PROT_READ, MAP_PRIVATE|MAP_FIXED|MAP_DENYWRITE, 3, 0x1bd000) = 0x7b7a4f39b000
2173  mmap(0x7b7a4f3f4000, 24576, PROT_READ|PROT_WRITE, MAP_PRIVATE|MAP_FIXED|MAP_DENYWRITE, 3, 0x215000) = 0x7b7a4f3f4000
2173  mmap(0x7b7a4f3fa000, 52816, PROT_READ|PROT_WRITE, MAP_PRIVATE|MAP_FIXED|MAP_ANONYMOUS, -1, 0) = 0x7b7a4f3fa000
2173  close(3)                          = 0
2173  mmap(NULL, 12288, PROT_READ|PROT_WRITE, MAP_PRIVATE|MAP_ANONYMOUS, -1, 0) = 0x7b7a4f1db000
2173  arch_prctl(ARCH_SET_FS, 0x7b7a4f1db740) = 0
2173  set_tid_address(0x7b7a4f1dba10)   = 2173
2173  set_robust_list(0x7b7a4f1dba20, 24) = 0
2173  rseq(0x7b7a4f1dc0e0, 0x20, 0, 0x53053053) = 0
2173  mprotect(0x7b7a4f3f4000, 16384, PROT_READ) = 0
2173  mprotect(0x7b7a4f4ec000, 4096, PROT_READ) = 0
2173  mprotect(0x623ca6629000, 4096, PROT_READ) = 0
2173  mprotect(0x7b7a4f530000, 8192, PROT_READ) = 0
2173  prlimit64(0, RLIMIT_STACK, NULL, {rlim_cur=8192*1024, rlim_max=RLIM64_INFINITY}) = 0
2173  munmap(0x7b7a4f4ee000, 29392)     = 0
2173  clone(child_stack=NULL, flags=CLONE_CHILD_CLEARTID|CLONE_CHILD_SETTID|SIGCHLD, child_tidptr=0x7b7a4f1dba10) = 2174
2173  clone(child_stack=NULL, flags=CLONE_CHILD_CLEARTID|CLONE_CHILD_SETTID|SIGCHLD <unfinished ...>
2174  set_robust_list(0x7b7a4f1dba20, 24 <unfinished ...>
2173  <... clone resumed>, child_tidptr=0x7b7a4f1dba10) = 2175
2174  <... set_robust_list resumed>)    = 0
2173  wait4(2174,  <unfinished ...>
2175  set_robust_list(0x7b7a4f1dba20, 24) = 0
2174  exit_group(28)                    = ?
2174  +++ exited with 28 +++
2173  <... wait4 resumed>[{WIFEXITED(s) && WEXITSTATUS(s) == 28}], 0, NULL) = 2174
2173  --- SIGCHLD {si_signo=SIGCHLD, si_code=CLD_EXITED, si_pid=2174, si_uid=1000, si_status=28, si_utime=2, si_stime=0} ---
2173  wait4(2175,  <unfinished ...>
2175  exit_group(38)                    = ?
2175  +++ exited with 38 +++
2173  <... wait4 resumed>[{WIFEXITED(s) && WEXITSTATUS(s) == 38}], 0, NULL) = 2175
2173  --- SIGCHLD {si_signo=SIGCHLD, si_code=CLD_EXITED, si_pid=2175, si_uid=1000, si_status=38, si_utime=3, si_stime=0} ---
2173  newfstatat(1, "", {st_mode=S_IFREG|0664, st_size=213, ...}, AT_EMPTY_PATH) = 0
2173  getrandom("\x9d\x18\x17\x86\xbb\x1a\xd8\x3b", 8, GRND_NONBLOCK) = 8
2173  brk(NULL)                         = 0x623ca70f6000
2173  brk(0x623ca7117000)               = 0x623ca7117000
2173  write(1, "Testcase 4 Expected: 66 Output: "..., 74) = 74
2173  exit_group(0)                     = ?
2173  +++ exited with 0 +++
