2185  execve("./pprime", ["./pprime", "5000000", "5"], 0x7fffe3cc9668 /* 18 vars */) = 0
2185  brk(NULL)                         = 0x62fe77e90000
2185  arch_prctl(0x3001 /* ARCH_??? */, 0x7ffd0a587040) = -1 EINVAL (Invalid argument)
2185  mmap(NULL, 8192, PROT_READ|PROT_WRITE, MAP_PRIVATE|MAP_ANONYMOUS, -1, 0) = 0x7c95addcc000
2185  access("/etc/ld.so.preload", R_OK) = -1 ENOENT (No such file or directory)
2185  openat(AT_FDCWD, "/etc/ld.so.cache", O_RDONLY|O_CLOEXEC) = 3
2185  newfstatat(3, "", {st_mode=S_IFREG|0644, st_size=29392, ...}, AT_EMPTY_PATH) = 0
2185  mmap(NULL, 29392, PROT_READ, MAP_PRIVATE, 3, 0) = 0x7c95addc4000
2185  close(3)                          = 0
2185  openat(AT_FDCWD, "/lib/x86_64-linux-gnu/libm.so.6", O_RDONLY|O_CLOEXEC) = 3
2185  read(3, "\177ELF\2\1\1\3\0\0\0\0\0\0\0\0\3\0>\0\1\0\0\0\0\0\0\0\0\0\0\0"..., 832) = 832
2185  newfstatat(3, "", {st_mode=S_IFREG|0644, st_size=940560, ...}, AT_EMPTY_PATH) = 0
2185  mmap(NULL, 942344, PROT_READ, MAP_PRIVATE|MAP_DENYWRITE, 3, 0) = 0x7c95adcdd000
2185  mmap(0x7c95adceb000, 507904, PROT_READ|PROT_EXEC, MAP_PRIVATE|MAP_FIXED|MAP_DENYWRITE, 3, 0xe000) = 0x7c95adceb000
2185  mmap(0x7c95add67000, 372736, PROT_READ, MAP_PRIVATE|MAP_FIXED|MAP_DENYWRITE, 3, 0x8a000) = 0x7c95add67000
2185  mmap(0x7c95addc2000, 8192, PROT_READ|PROT_WRITE, MAP_PRIVATE|MAP_FIXED|MAP_DENYWRITE, 3, 0xe4000) = 0x7c95addc2000
2185  close(3)                          = 0
2185  openat(AT_FDCWD, "/lib/x86_64-linux-gnu/libc.so.6", O_RDONLY|O_CLOEXEC) = 3
2185  read(3, "\177ELF\2\1\1\3\0\0\0\0\0\0\0\0\3\0>\0\1\0\0\0P\237\2\0\0\0\0\0"..., 832) = 832
2185  pread64(3, "\6\0\0\0\4\0\0\0@\0\0\0\0\0\0\0@\0\0\0\0\0\0\0@\0\0\0\0\0\0\0"..., 784, 64) = 784
2185  pread64(3, "\4\0\0\0 \0\0\0\5\0\0\0GNU\0\2\0\0\300\4\0\0\0\3\0\0\0\0\0\0\0"..., 48, 848) = 48
2185  pread64(3, "\4\0\0\0\24\0\0\0\3\0\0\0GNU\0\325\31p\226\367\t\200\30)\261\30\257\33|\366c"..., 68, 896) = 68
2185  newfstatat(3, "", {st_mode=S_IFREG|0755, st_size=2220400, ...}, AT_EMPTY_PATH) = 0
2185  pread64(3, "\6\0\0\0\4\0\0\0@\0\0\0\0\0\0\0@\0\0\0\0\0\0\0@\0\0\0\0\0\0\0"..., 784, 64) = 784
2185  mmap(NULL, 2264656, PROT_READ, MAP_PRIVATE|MAP_DENYWRITE, 3, 0) = 0x7c95adab4000
2185  mprotect(0x7c95adadc000, 2023424, PROT_NONE) = 0
2185  mmap(0x7c95adadc000, 1658880, PROT_READ|PROT_EXEC, MAP_PRIVATE|MAP_FIXED|MAP_DENYWRITE, 3, 0x28000) = 0x7c95adadc000
2185  mmap(0x7c95adc71000, 360448, PROT_READ, MAP_PRIVATE|MAP_FIXED|MAP_DENYWRITE, 3, 0x1bd000) = 0x7c95adc71000
2185  mmap(0x7c95adcca000, 24576, PROT_READ|PROT_WRITE, MAP_PRIVATE|MAP_FIXED|MAP_DENYWRITE, 3, 0x215000) = 0x7c95adcca000
2185  mmap(0x7c95adcd0000, 52816, PROT_READ|PROT_WRITE, MAP_PRIVATE|MAP_FIXED|MAP_ANONYMOUS, -1, 0) = 0x7c95adcd0000
2185  close(3)                          = 0
2185  mmap(NULL, 12288, PROT_READ|PROT_WRITE, MAP_PRIVATE|MAP_ANONYMOUS, -1, 0) = 0x7c95adab1000
2185  arch_prctl(ARCH_SET_FS, 0x7c95adab1740) = 0
2185  set_tid_address(0x7c95adab1a10)   = 2185
2185  set_robust_list(0x7c95adab1a20, 24) = 0
2185  rseq(0x7c95adab20e0, 0x20, 0, 0x53053053) = 0
2185  mprotect(0x7c95adcca000, 16384, PROT_READ) = 0
2185  mprotect(0x7c95addc2000, 4096, PROT_READ) = 0
2185  mprotect(0x62fe77b3c000, 4096, PROT_READ) = 0
2185  mprotect(0x7c95ade06000, 8192, PROT_READ) = 0
2185  prlimit64(0, RLIMIT_STACK, NULL, {rlim_cur=8192*1024, rlim_max=RLIM64_INFINITY}) = 0
2185  munmap(0x7c95addc4000, 29392)     = 0
2185  clone(child_stack=NULL, flags=CLONE_CHILD_CLEARTID|CLONE_CHILD_SETTID|SIGCHLD, child_tidptr=0x7c95adab1a10) = 2186
2185  clone(child_stack=NULL, flags=CLONE_CHILD_CLEARTID|CLONE_CHILD_SETTID|SIGCHLD <unfinished ...>
2186  set_robust_list(0x7c95adab1a20, 24) = 0
2185  <... clone resumed>, child_tidptr=0x7c95adab1a10) = 2187
2185  wait4(2186,  <unfinished ...>
2187  set_robust_list(0x7c95adab1a20, 24) = 0
2186  exit_group(32)                    = ?
2186  +++ exited with 32 +++
2185  <... wait4 resumed>[{WIFEXITED(s) && WEXITSTATUS(s) == 32}], 0, NULL) = 2186
2185  --- SIGCHLD {si_signo=SIGCHLD, si_code=CLD_EXITED, si_pid=2186, si_uid=1000, si_status=32, si_utime=48, si_stime=0} ---
2185  wait4(2187,  <unfinished ...>
2187  exit_group(65)                    = ?
2187  +++ exited with 65 +++
2185  <... wait4 resumed>[{WIFEXITED(s) && WEXITSTATUS(s) == 65}], 0, NULL) = 2187
2185  --- SIGCHLD {si_signo=SIGCHLD, si_code=CLD_EXITED, si_pid=2187, si_uid=1000, si_status=65, si_utime=80, si_stime=0} ---
2185  newfstatat(1, "", {st_mode=S_IFREG|0664, st_size=287, ...}, AT_EMPTY_PATH) = 0
2185  getrandom("\x47\x75\x9c\xb9\xe4\x6b\x51\x3a", 8, GRND_NONBLOCK) = 8
2185  brk(NULL)                         = 0x62fe77e90000
2185  brk(0x62fe77eb1000)               = 0x62fe77eb1000
2185  write(1, "Testcase 5 Expected: 97 Output: "..., 77) = 77
2185  exit_group(0)                     = ?
2185  +++ exited with 0 +++
