2387  execve("./cprime", ["./cprime", "500000", "2", "1"], 0x7ffcb0543420 /* 18 vars */) = 0
2387  brk(NULL)                         = 0x5b68ab67c000
2387  arch_prctl(0x3001 /* ARCH_??? */, 0x7ffd0f0581b0) = -1 EINVAL (Invalid argument)
2387  mmap(NULL, 8192, PROT_READ|PROT_WRITE, MAP_PRIVATE|MAP_ANONYMOUS, -1, 0) = 0x71131ee4b000
2387  access("/etc/ld.so.preload", R_OK) = -1 ENOENT (No such file or directory)
2387  openat(AT_FDCWD, "/etc/ld.so.cache", O_RDONLY|O_CLOEXEC) = 3
2387  newfstatat(3, "", {st_mode=S_IFREG|0644, st_size=29392, ...}, AT_EMPTY_PATH) = 0
2387  mmap(NULL, 29392, PROT_READ, MAP_PRIVATE, 3, 0) = 0x71131ee43000
2387  close(3)                          = 0
2387  openat(AT_FDCWD, "/lib/x86_64-linux-gnu/libm.so.6", O_RDONLY|O_CLOEXEC) = 3
2387  read(3, "\177ELF\2\1\1\3\0\0\0\0\0\0\0\0\3\0>\0\1\0\0\0\0\0\0\0\0\0\0\0"..., 832) = 832
2387  newfstatat(3, "", {st_mode=S_IFREG|0644, st_size=940560, ...}, AT_EMPTY_PATH) = 0
2387  mmap(NULL, 942344, PROT_READ, MAP_PRIVATE|MAP_DENYWRITE, 3, 0) = 0x71131ed5c000
2387  mmap(0x71131ed6a000, 507904, PROT_READ|PROT_EXEC, MAP_PRIVATE|MAP_FIXED|MAP_DENYWRITE, 3, 0xe000) = 0x71131ed6a000
2387  mmap(0x71131ede6000, 372736, PROT_READ, MAP_PRIVATE|MAP_FIXED|MAP_DENYWRITE, 3, 0x8a000) = 0x71131ede6000
2387  mmap(0x71131ee41000, 8192, PROT_READ|PROT_WRITE, MAP_PRIVATE|MAP_FIXED|MAP_DENYWRITE, 3, 0xe4000) = 0x71131ee41000
2387  close(3)                          = 0
2387  openat(AT_FDCWD, "/lib/x86_64-linux-gnu/libc.so.6", O_RDONLY|O_CLOEXEC) = 3
2387  read(3, "\177ELF\2\1\1\3\0\0\0\0\0\0\0\0\3\0>\0\1\0\0\0P\237\2\0\0\0\0\0"..., 832) = 832
2387  pread64(3, "\6\0\0\0\4\0\0\0@\0\0\0\0\0\0\0@\0\0\0\0\0\0\0@\0\0\0\0\0\0\0"..., 784, 64) = 784
2387  pread64(3, "\4\0\0\0 \0\0\0\5\0\0\0GNU\0\2\0\0\300\4\0\0\0\3\0\0\0\0\0\0\0"..., 48, 848) = 48
2387  pread64(3, "\4\0\0\0\24\0\0\0\3\0\0\0GNU\0\325\31p\226\367\t\200\30)\261\30\257\33|\366c"..., 68, 896) = 68
2387  newfstatat(3, "", {st_mode=S_IFREG|0755, st_size=2220400, ...}, AT_EMPTY_PATH) = 0
2387  pread64(3, "\6\0\0\0\4\0\0\0@\0\0\0\0\0\0\0@\0\0\0\0\0\0\0@\0\0\0\0\0\0\0"..., 784, 64) = 784
2387  mmap(NULL, 2264656, PROT_READ, MAP_PRIVATE|MAP_DENYWRITE, 3, 0) = 0x71131eb33000
2387  mprotect(0x71131eb5b000, 2023424, PROT_NONE) = 0
2387  mmap(0x71131eb5b000, 1658880, PROT_READ|PROT_EXEC, MAP_PRIVATE|MAP_FIXED|MAP_DENYWRITE, 3, 0x28000) = 0x71131eb5b000
2387  mmap(0x71131ecf0000, 360448, PROT_READ, MAP_PRIVATE|MAP_FIXED|MAP_DENYWRITE, 3, 0x1bd000) = 0x71131ecf0000
2387  mmap(0x71131ed49000, 24576, PROT_READ|PROT_WRITE, MAP_PRIVATE|MAP_FIXED|MAP_DENYWRITE, 3, 0x215000) = 0x71131ed49000
2387  mmap(0x71131ed4f000, 52816, PROT_READ|PROT_WRITE, MAP_PRIVATE|MAP_FIXED|MAP_ANONYMOUS, -1, 0) = 0x71131ed4f000
2387  close(3)                          = 0
2387  mmap(NULL, 12288, PROT_READ|PROT_WRITE, MAP_PRIVATE|MAP_ANONYMOUS, -1, 0) = 0x71131eb30000
2387  arch_prctl(ARCH_SET_FS, 0x71131eb30740) = 0
2387  set_tid_address(0x71131eb30a10)   = 2387
2387  set_robust_list(0x71131eb30a20, 24) = 0
2387  rseq(0x71131eb310e0, 0x20, 0, 0x53053053) = 0
2387  mprotect(0x71131ed49000, 16384, PROT_READ) = 0
2387  mprotect(0x71131ee41000, 4096, PROT_READ) = 0
2387  mprotect(0x5b68ab614000, 4096, PROT_READ) = 0
2387  mprotect(0x71131ee85000, 8192, PROT_READ) = 0
2387  prlimit64(0, RLIMIT_STACK, NULL, {rlim_cur=8192*1024, rlim_max=RLIM64_INFINITY}) = 0
2387  munmap(0x71131ee43000, 29392)     = 0
2387  pipe([3, 4])                      = 0
2387  pipe([5, 6])                      = 0
2387  getrandom("\x35\xad\x68\xe2\x78\xee\x0f\xdd", 8, GRND_NONBLOCK) = 8
2387  brk(NULL)                         = 0x5b68ab67c000
2387  brk(0x5b68ab69d000)               = 0x5b68ab69d000
2387  clone(child_stack=NULL, flags=CLONE_CHILD_CLEARTID|CLONE_CHILD_SETTID|SIGCHLD, child_tidptr=0x71131eb30a10) = 2388
2387  clone(child_stack=NULL, flags=CLONE_CHILD_CLEARTID|CLONE_CHILD_SETTID|SIGCHLD <unfinished ...>
2388  set_robust_list(0x71131eb30a20, 24 <unfinished ...>
2387  <... clone resumed>, child_tidptr=0x71131eb30a10) = 2389
2388  <... set_robust_list resumed>)    = 0
2387  wait4(2388,  <unfinished ...>
2388  close(3)                          = 0
2389  set_robust_list(0x71131eb30a20, 24 <unfinished ...>
2388  newfstatat(1, "",  <unfinished ...>
2389  <... set_robust_list resumed>)    = 0
2388  <... newfstatat resumed>{st_mode=S_IFREG|0664, st_size=0, ...}, AT_EMPTY_PATH) = 0
2389  close(5)                          = 0
2389  newfstatat(1, "", {st_mode=S_IFREG|0664, st_size=0, ...}, AT_EMPTY_PATH) = 0
2388  write(4, "22044", 5)              = 5
2388  close(4)                          = 0
2388  write(1, "Child id 0 start\nCurr End count "..., 78) = 78
2388  exit_group(0)                     = ?
2388  +++ exited with 0 +++
2387  <... wait4 resumed>[{WIFEXITED(s) && WEXITSTATUS(s) == 0}], 0, NULL) = 2388
2387  --- SIGCHLD {si_signo=SIGCHLD, si_code=CLD_EXITED, si_pid=2388, si_uid=1000, si_status=0, si_utime=2, si_stime=0} ---
2387  wait4(2389,  <unfinished ...>
2389  write(6, "19494", 5)              = 5
2389  close(6)                          = 0
2389  write(1, "Child id 1 start\nCurr End count "..., 83) = 83
2389  exit_group(0)                     = ?
2389  +++ exited with 0 +++
2387  <... wait4 resumed>[{WIFEXITED(s) && WEXITSTATUS(s) == 0}], 0, NULL) = 2389
2387  --- SIGCHLD {si_signo=SIGCHLD, si_code=CLD_EXITED, si_pid=2389, si_uid=1000, si_status=0, si_utime=3, si_stime=0} ---
2387  close(4)                          = 0
2387  read(3, "22044", 64)              = 5
2387  newfstatat(2, "", {st_mode=S_IFCHR|0620, st_rdev=makedev(0x88, 0x1), ...}, AT_EMPTY_PATH) = 0
2387  lseek(2, 0, SEEK_CUR)             = -1 ESPIPE (Illegal seek)
2387  write(2, "read returned 5\n", 16) = 16
2387  newfstatat(1, "", {st_mode=S_IFREG|0664, st_size=161, ...}, AT_EMPTY_PATH) = 0
2387  close(3)                          = 0
2387  close(6)                          = 0
2387  read(5, "19494", 64)              = 5
2387  newfstatat(2, "", {st_mode=S_IFCHR|0620, st_rdev=makedev(0x88, 0x1), ...}, AT_EMPTY_PATH) = 0
2387  lseek(2, 0, SEEK_CUR)             = -1 ESPIPE (Illegal seek)
2387  write(2, "read returned 5\n", 16) = 16
2387  close(5)                          = 0
2387  write(1, "Buf = 22044 \nBuf = 19494 \nTestca"..., 115) = 115
2387  exit_group(0)                     = ?
2387  +++ exited with 0 +++
