2212  execve("./fact", ["./fact", "3"], 0x7ffd7c9f8a70 /* 18 vars */) = 0
2212  brk(NULL)                         = 0x55e9dd0f5000
2212  arch_prctl(0x3001 /* ARCH_??? */, 0x7ffe5688f240) = -1 EINVAL (Invalid argument)
2212  mmap(NULL, 8192, PROT_READ|PROT_WRITE, MAP_PRIVATE|MAP_ANONYMOUS, -1, 0) = 0x74475dcbe000
2212  access("/etc/ld.so.preload", R_OK) = -1 ENOENT (No such file or directory)
2212  openat(AT_FDCWD, "/etc/ld.so.cache", O_RDONLY|O_CLOEXEC) = 3
2212  newfstatat(3, "", {st_mode=S_IFREG|0644, st_size=29392, ...}, AT_EMPTY_PATH) = 0
2212  mmap(NULL, 29392, PROT_READ, MAP_PRIVATE, 3, 0) = 0x74475dcb6000
2212  close(3)                          = 0
2212  openat(AT_FDCWD, "/lib/x86_64-linux-gnu/libc.so.6", O_RDONLY|O_CLOEXEC) = 3
2212  read(3, "\177ELF\2\1\1\3\0\0\0\0\0\0\0\0\3\0>\0\1\0\0\0P\237\2\0\0\0\0\0"..., 832) = 832
2212  pread64(3, "\6\0\0\0\4\0\0\0@\0\0\0\0\0\0\0@\0\0\0\0\0\0\0@\0\0\0\0\0\0\0"..., 784, 64) = 784
2212  pread64(3, "\4\0\0\0 \0\0\0\5\0\0\0GNU\0\2\0\0\300\4\0\0\0\3\0\0\0\0\0\0\0"..., 48, 848) = 48
2212  pread64(3, "\4\0\0\0\24\0\0\0\3\0\0\0GNU\0\325\31p\226\367\t\200\30)\261\30\257\33|\366c"..., 68, 896) = 68
2212  newfstatat(3, "", {st_mode=S_IFREG|0755, st_size=2220400, ...}, AT_EMPTY_PATH) = 0
2212  pread64(3, "\6\0\0\0\4\0\0\0@\0\0\0\0\0\0\0@\0\0\0\0\0\0\0@\0\0\0\0\0\0\0"..., 784, 64) = 784
2212  mmap(NULL, 2264656, PROT_READ, MAP_PRIVATE|MAP_DENYWRITE, 3, 0) = 0x74475da8d000
2212  mprotect(0x74475dab5000, 2023424, PROT_NONE) = 0
2212  mmap(0x74475dab5000, 1658880, PROT_READ|PROT_EXEC, MAP_PRIVATE|MAP_FIXED|MAP_DENYWRITE, 3, 0x28000) = 0x74475dab5000
2212  mmap(0x74475dc4a000, 360448, PROT_READ, MAP_PRIVATE|MAP_FIXED|MAP_DENYWRITE, 3, 0x1bd000) = 0x74475dc4a000
2212  mmap(0x74475dca3000, 24576, PROT_READ|PROT_WRITE, MAP_PRIVATE|MAP_FIXED|MAP_DENYWRITE, 3, 0x215000) = 0x74475dca3000
2212  mmap(0x74475dca9000, 52816, PROT_READ|PROT_WRITE, MAP_PRIVATE|MAP_FIXED|MAP_ANONYMOUS, -1, 0) = 0x74475dca9000
2212  close(3)                          = 0
2212  mmap(NULL, 12288, PROT_READ|PROT_WRITE, MAP_PRIVATE|MAP_ANONYMOUS, -1, 0) = 0x74475da8a000
2212  arch_prctl(ARCH_SET_FS, 0x74475da8a740) = 0
2212  set_tid_address(0x74475da8aa10)   = 2212
2212  set_robust_list(0x74475da8aa20, 24) = 0
2212  rseq(0x74475da8b0e0, 0x20, 0, 0x53053053) = 0
2212  mprotect(0x74475dca3000, 16384, PROT_READ) = 0
2212  mprotect(0x55e9dbea7000, 4096, PROT_READ) = 0
2212  mprotect(0x74475dcf8000, 8192, PROT_READ) = 0
2212  prlimit64(0, RLIMIT_STACK, NULL, {rlim_cur=8192*1024, rlim_max=RLIM64_INFINITY}) = 0
2212  munmap(0x74475dcb6000, 29392)     = 0
2212  getrandom("\xf9\xa8\xc0\x04\xc3\xe4\x91\xe6", 8, GRND_NONBLOCK) = 8
2212  brk(NULL)                         = 0x55e9dd0f5000
2212  brk(0x55e9dd116000)               = 0x55e9dd116000
2212  execve("./fact", ["fact", "2", "3"], 0x7ffe5688f420 /* 18 vars */) = 0
2212  brk(NULL)                         = 0x5a90a5d99000
2212  arch_prctl(0x3001 /* ARCH_??? */, 0x7ffedf5a8220) = -1 EINVAL (Invalid argument)
2212  mmap(NULL, 8192, PROT_READ|PROT_WRITE, MAP_PRIVATE|MAP_ANONYMOUS, -1, 0) = 0x78f9aade0000
2212  access("/etc/ld.so.preload", R_OK) = -1 ENOENT (No such file or directory)
2212  openat(AT_FDCWD, "/etc/ld.so.cache", O_RDONLY|O_CLOEXEC) = 3
2212  newfstatat(3, "", {st_mode=S_IFREG|0644, st_size=29392, ...}, AT_EMPTY_PATH) = 0
2212  mmap(NULL, 29392, PROT_READ, MAP_PRIVATE, 3, 0) = 0x78f9aadd8000
2212  close(3)                          = 0
2212  openat(AT_FDCWD, "/lib/x86_64-linux-gnu/libc.so.6", O_RDONLY|O_CLOEXEC) = 3
2212  read(3, "\177ELF\2\1\1\3\0\0\0\0\0\0\0\0\3\0>\0\1\0\0\0P\237\2\0\0\0\0\0"..., 832) = 832
2212  pread64(3, "\6\0\0\0\4\0\0\0@\0\0\0\0\0\0\0@\0\0\0\0\0\0\0@\0\0\0\0\0\0\0"..., 784, 64) = 784
2212  pread64(3, "\4\0\0\0 \0\0\0\5\0\0\0GNU\0\2\0\0\300\4\0\0\0\3\0\0\0\0\0\0\0"..., 48, 848) = 48
2212  pread64(3, "\4\0\0\0\24\0\0\0\3\0\0\0GNU\0\325\31p\226\367\t\200\30)\261\30\257\33|\366c"..., 68, 896) = 68
2212  newfstatat(3, "", {st_mode=S_IFREG|0755, st_size=2220400, ...}, AT_EMPTY_PATH) = 0
2212  pread64(3, "\6\0\0\0\4\0\0\0@\0\0\0\0\0\0\0@\0\0\0\0\0\0\0@\0\0\0\0\0\0\0"..., 784, 64) = 784
2212  mmap(NULL, 2264656, PROT_READ, MAP_PRIVATE|MAP_DENYWRITE, 3, 0) = 0x78f9aabaf000
2212  mprotect(0x78f9aabd7000, 2023424, PROT_NONE) = 0
2212  mmap(0x78f9aabd7000, 1658880, PROT_READ|PROT_EXEC, MAP_PRIVATE|MAP_FIXED|MAP_DENYWRITE, 3, 0x28000) = 0x78f9aabd7000
2212  mmap(0x78f9aad6c000, 360448, PROT_READ, MAP_PRIVATE|MAP_FIXED|MAP_DENYWRITE, 3, 0x1bd000) = 0x78f9aad6c000
2212  mmap(0x78f9aadc5000, 24576, PROT_READ|PROT_WRITE, MAP_PRIVATE|MAP_FIXED|MAP_DENYWRITE, 3, 0x215000) = 0x78f9aadc5000
2212  mmap(0x78f9aadcb000, 52816, PROT_READ|PROT_WRITE, MAP_PRIVATE|MAP_FIXED|MAP_ANONYMOUS, -1, 0) = 0x78f9aadcb000
2212  close(3)                          = 0
2212  mmap(NULL, 12288, PROT_READ|PROT_WRITE, MAP_PRIVATE|MAP_ANONYMOUS, -1, 0) = 0x78f9aabac000
2212  arch_prctl(ARCH_SET_FS, 0x78f9aabac740) = 0
2212  set_tid_address(0x78f9aabaca10)   = 2212
2212  set_robust_list(0x78f9aabaca20, 24) = 0
2212  rseq(0x78f9aabad0e0, 0x20, 0, 0x53053053) = 0
2212  mprotect(0x78f9aadc5000, 16384, PROT_READ) = 0
2212  mprotect(0x5a90a55f4000, 4096, PROT_READ) = 0
2212  mprotect(0x78f9aae1a000, 8192, PROT_READ) = 0
2212  prlimit64(0, RLIMIT_STACK, NULL, {rlim_cur=8192*1024, rlim_max=RLIM64_INFINITY}) = 0
2212  munmap(0x78f9aadd8000, 29392)     = 0
2212  newfstatat(1, "", {st_mode=S_IFIFO|0600, st_size=0, ...}, AT_EMPTY_PATH) = 0
2212  getrandom("\xc6\x28\x7b\xe1\x21\x6b\x62\xdd", 8, GRND_NONBLOCK) = 8
2212  brk(NULL)                         = 0x5a90a5d99000
2212  brk(0x5a90a5dba000)               = 0x5a90a5dba000
2212  write(1, "6\n", 2)                = 2
2212  exit_group(0)                     = ?
2212  +++ exited with 0 +++
