2219  execve("./fact", ["./fact", "4"], 0x7ffe1e8a2300 /* 18 vars */) = 0
2219  brk(NULL)                         = 0x5c636566e000
2219  arch_prctl(0x3001 /* ARCH_??? */, 0x7fff0d4510b0) = -1 EINVAL (Invalid argument)
2219  mmap(NULL, 8192, PROT_READ|PROT_WRITE, MAP_PRIVATE|MAP_ANONYMOUS, -1, 0) = 0x79b9fcae9000
2219  access("/etc/ld.so.preload", R_OK) = -1 ENOENT (No such file or directory)
2219  openat(AT_FDCWD, "/etc/ld.so.cache", O_RDONLY|O_CLOEXEC) = 3
2219  newfstatat(3, "", {st_mode=S_IFREG|0644, st_size=29392, ...}, AT_EMPTY_PATH) = 0
2219  mmap(NULL, 29392, PROT_READ, MAP_PRIVATE, 3, 0) = 0x79b9fcae1000
2219  close(3)                          = 0
2219  openat(AT_FDCWD, "/lib/x86_64-linux-gnu/libc.so.6", O_RDONLY|O_CLOEXEC) = 3
2219  read(3, "\177ELF\2\1\1\3\0\0\0\0\0\0\0\0\3\0>\0\1\0\0\0P\237\2\0\0\0\0\0"..., 832) = 832
2219  pread64(3, "\6\0\0\0\4\0\0\0@\0\0\0\0\0\0\0@\0\0\0\0\0\0\0@\0\0\0\0\0\0\0"..., 784, 64) = 784
2219  pread64(3, "\4\0\0\0 \0\0\0\5\0\0\0GNU\0\2\0\0\300\4\0\0\0\3\0\0\0\0\0\0\0"..., 48, 848) = 48
2219  pread64(3, "\4\0\0\0\24\0\0\0\3\0\0\0GNU\0\325\31p\226\367\t\200\30)\261\30\257\33|\366c"..., 68, 896) = 68
2219  newfstatat(3, "", {st_mode=S_IFREG|0755, st_size=2220400, ...}, AT_EMPTY_PATH) = 0
2219  pread64(3, "\6\0\0\0\4\0\0\0@\0\0\0\0\0\0\0@\0\0\0\0\0\0\0@\0\0\0\0\0\0\0"..., 784, 64) = 784
2219  mmap(NULL, 2264656, PROT_READ, MAP_PRIVATE|MAP_DENYWRITE, 3, 0) = 0x79b9fc8b8000
2219  mprotect(0x79b9fc8e0000, 2023424, PROT_NONE) = 0
2219  mmap(0x79b9fc8e0000, 1658880, PROT_READ|PROT_EXEC, MAP_PRIVATE|MAP_FIXED|MAP_DENYWRITE, 3, 0x28000) = 0x79b9fc8e0000
2219  mmap(0x79b9fca75000, 360448, PROT_READ, MAP_PRIVATE|MAP_FIXED|MAP_DENYWRITE, 3, 0x1bd000) = 0x79b9fca75000
2219  mmap(0x79b9fcace000, 24576, PROT_READ|PROT_WRITE, MAP_PRIVATE|MAP_FIXED|MAP_DENYWRITE, 3, 0x215000) = 0x79b9fcace000
2219  mmap(0x79b9fcad4000, 52816, PROT_READ|PROT_WRITE, MAP_PRIVATE|MAP_FIXED|MAP_ANONYMOUS, -1, 0) = 0x79b9fcad4000
2219  close(3)                          = 0
2219  mmap(NULL, 12288, PROT_READ|PROT_WRITE, MAP_PRIVATE|MAP_ANONYMOUS, -1, 0) = 0x79b9fc8b5000
2219  arch_prctl(ARCH_SET_FS, 0x79b9fc8b5740) = 0
2219  set_tid_address(0x79b9fc8b5a10)   = 2219
2219  set_robust_list(0x79b9fc8b5a20, 24) = 0
2219  rseq(0x79b9fc8b60e0, 0x20, 0, 0x53053053) = 0
2219  mprotect(0x79b9fcace000, 16384, PROT_READ) = 0
2219  mprotect(0x5c6364eb7000, 4096, PROT_READ) = 0
2219  mprotect(0x79b9fcb23000, 8192, PROT_READ) = 0
2219  prlimit64(0, RLIMIT_STACK, NULL, {rlim_cur=8192*1024, rlim_max=RLIM64_INFINITY}) = 0
2219  munmap(0x79b9fcae1000, 29392)     = 0
2219  getrandom("\xa5\x87\x2f\x21\xc0\x47\x29\x93", 8, GRND_NONBLOCK) = 8
2219  brk(NULL)                         = 0x5c636566e000
2219  brk(0x5c636568f000)               = 0x5c636568f000
2219  execve("./fact", ["fact", "3", "4"], 0x7fff0d451290 /* 18 vars */) = 0
2219  brk(NULL)                         = 0x60b6d0a20000
2219  arch_prctl(0x3001 /* ARCH_??? */, 0x7ffd7bcbb9e0) = -1 EINVAL (Invalid argument)
2219  mmap(NULL, 8192, PROT_READ|PROT_WRITE, MAP_PRIVATE|MAP_ANONYMOUS, -1, 0) = 0x7a4e3c558000
2219  access("/etc/ld.so.preload", R_OK) = -1 ENOENT (No such file or directory)
2219  openat(AT_FDCWD, "/etc/ld.so.cache", O_RDONLY|O_CLOEXEC) = 3
2219  newfstatat(3, "", {st_mode=S_IFREG|0644, st_size=29392, ...}, AT_EMPTY_PATH) = 0
2219  mmap(NULL, 29392, PROT_READ, MAP_PRIVATE, 3, 0) = 0x7a4e3c550000
2219  close(3)                          = 0
2219  openat(AT_FDCWD, "/lib/x86_64-linux-gnu/libc.so.6", O_RDONLY|O_CLOEXEC) = 3
2219  read(3, "\177ELF\2\1\1\3\0\0\0\0\0\0\0\0\3\0>\0\1\0\0\0P\237\2\0\0\0\0\0"..., 832) = 832
2219  pread64(3, "\6\0\0\0\4\0\0\0@\0\0\0\0\0\0\0@\0\0\0\0\0\0\0@\0\0\0\0\0\0\0"..., 784, 64) = 784
2219  pread64(3, "\4\0\0\0 \0\0\0\5\0\0\0GNU\0\2\0\0\300\4\0\0\0\3\0\0\0\0\0\0\0"..., 48, 848) = 48
2219  pread64(3, "\4\0\0\0\24\0\0\0\3\0\0\0GNU\0\325\31p\226\367\t\200\30)\261\30\257\33|\366c"..., 68, 896) = 68
2219  newfstatat(3, "", {st_mode=S_IFREG|0755, st_size=2220400, ...}, AT_EMPTY_PATH) = 0
2219  pread64(3, "\6\0\0\0\4\0\0\0@\0\0\0\0\0\0\0@\0\0\0\0\0\0\0@\0\0\0\0\0\0\0"..., 784, 64) = 784
2219  mmap(NULL, 2264656, PROT_READ, MAP_PRIVATE|MAP_DENYWRITE, 3, 0) = 0x7a4e3c327000
2219  mprotect(0x7a4e3c34f000, 2023424, PROT_NONE) = 0
2219  mmap(0x7a4e3c34f000, 1658880, PROT_READ|PROT_EXEC, MAP_PRIVATE|MAP_FIXED|MAP_DENYWRITE, 3, 0x28000) = 0x7a4e3c34f000
2219  mmap(0x7a4e3c4e4000, 360448, PROT_READ, MAP_PRIVATE|MAP_FIXED|MAP_DENYWRITE, 3, 0x1bd000) = 0x7a4e3c4e4000
2219  mmap(0x7a4e3c53d000, 24576, PROT_READ|PROT_WRITE, MAP_PRIVATE|MAP_FIXED|MAP_DENYWRITE, 3, 0x215000) = 0x7a4e3c53d000
2219  mmap(0x7a4e3c543000, 52816, PROT_READ|PROT_WRITE, MAP_PRIVATE|MAP_FIXED|MAP_ANONYMOUS, -1, 0) = 0x7a4e3c543000
2219  close(3)                          = 0
2219  mmap(NULL, 12288, PROT_READ|PROT_WRITE, MAP_PRIVATE|MAP_ANONYMOUS, -1, 0) = 0x7a4e3c324000
2219  arch_prctl(ARCH_SET_FS, 0x7a4e3c324740) = 0
2219  set_tid_address(0x7a4e3c324a10)   = 2219
2219  set_robust_list(0x7a4e3c324a20, 24) = 0
2219  rseq(0x7a4e3c3250e0, 0x20, 0, 0x53053053) = 0
2219  mprotect(0x7a4e3c53d000, 16384, PROT_READ) = 0
2219  mprotect(0x60b6cf2ae000, 4096, PROT_READ) = 0
2219  mprotect(0x7a4e3c592000, 8192, PROT_READ) = 0
2219  prlimit64(0, RLIMIT_STACK, NULL, {rlim_cur=8192*1024, rlim_max=RLIM64_INFINITY}) = 0
2219  munmap(0x7a4e3c550000, 29392)     = 0
2219  getrandom("\xf9\x68\xf1\x47\xf5\xbe\x30\x42", 8, GRND_NONBLOCK) = 8
2219  brk(NULL)                         = 0x60b6d0a20000
2219  brk(0x60b6d0a41000)               = 0x60b6d0a41000
2219  execve("./fact", ["fact", "2", "12"], 0x7ffd7bcbbbc8 /* 18 vars */) = 0
2219  brk(NULL)                         = 0x5db9b59dc000
2219  arch_prctl(0x3001 /* ARCH_??? */, 0x7ffeca56a1c0) = -1 EINVAL (Invalid argument)
2219  mmap(NULL, 8192, PROT_READ|PROT_WRITE, MAP_PRIVATE|MAP_ANONYMOUS, -1, 0) = 0x75aab5fa3000
2219  access("/etc/ld.so.preload", R_OK) = -1 ENOENT (No such file or directory)
2219  openat(AT_FDCWD, "/etc/ld.so.cache", O_RDONLY|O_CLOEXEC) = 3
2219  newfstatat(3, "", {st_mode=S_IFREG|0644, st_size=29392, ...}, AT_EMPTY_PATH) = 0
2219  mmap(NULL, 29392, PROT_READ, MAP_PRIVATE, 3, 0) = 0x75aab5f9b000
2219  close(3)                          = 0
2219  openat(AT_FDCWD, "/lib/x86_64-linux-gnu/libc.so.6", O_RDONLY|O_CLOEXEC) = 3
2219  read(3, "\177ELF\2\1\1\3\0\0\0\0\0\0\0\0\3\0>\0\1\0\0\0P\237\2\0\0\0\0\0"..., 832) = 832
2219  pread64(3, "\6\0\0\0\4\0\0\0@\0\0\0\0\0\0\0@\0\0\0\0\0\0\0@\0\0\0\0\0\0\0"..., 784, 64) = 784
2219  pread64(3, "\4\0\0\0 \0\0\0\5\0\0\0GNU\0\2\0\0\300\4\0\0\0\3\0\0\0\0\0\0\0"..., 48, 848) = 48
2219  pread64(3, "\4\0\0\0\24\0\0\0\3\0\0\0GNU\0\325\31p\226\367\t\200\30)\261\30\257\33|\366c"..., 68, 896) = 68
2219  newfstatat(3, "", {st_mode=S_IFREG|0755, st_size=2220400, ...}, AT_EMPTY_PATH) = 0
2219  pread64(3, "\6\0\0\0\4\0\0\0@\0\0\0\0\0\0\0@\0\0\0\0\0\0\0@\0\0\0\0\0\0\0"..., 784, 64) = 784
2219  mmap(NULL, 2264656, PROT_READ, MAP_PRIVATE|MAP_DENYWRITE, 3, 0) = 0x75aab5d72000
2219  mprotect(0x75aab5d9a000, 2023424, PROT_NONE) = 0
2219  mmap(0x75aab5d9a000, 1658880, PROT_READ|PROT_EXEC, MAP_PRIVATE|MAP_FIXED|MAP_DENYWRITE, 3, 0x28000) = 0x75aab5d9a000
2219  mmap(0x75aab5f2f000, 360448, PROT_READ, MAP_PRIVATE|MAP_FIXED|MAP_DENYWRITE, 3, 0x1bd000) = 0x75aab5f2f000
2219  mmap(0x75aab5f88000, 24576, PROT_READ|PROT_WRITE, MAP_PRIVATE|MAP_FIXED|MAP_DENYWRITE, 3, 0x215000) = 0x75aab5f88000
2219  mmap(0x75aab5f8e000, 52816, PROT_READ|PROT_WRITE, MAP_PRIVATE|MAP_FIXED|MAP_ANONYMOUS, -1, 0) = 0x75aab5f8e000
2219  close(3)                          = 0
2219  mmap(NULL, 12288, PROT_READ|PROT_WRITE, MAP_PRIVATE|MAP_ANONYMOUS, -1, 0) = 0x75aab5d6f000
2219  arch_prctl(ARCH_SET_FS, 0x75aab5d6f740) = 0
2219  set_tid_address(0x75aab5d6fa10)   = 2219
2219  set_robust_list(0x75aab5d6fa20, 24) = 0
2219  rseq(0x75aab5d700e0, 0x20, 0, 0x53053053) = 0
2219  mprotect(0x75aab5f88000, 16384, PROT_READ) = 0
2219  mprotect(0x5db9b49fa000, 4096, PROT_READ) = 0
2219  mprotect(0x75aab5fdd000, 8192, PROT_READ) = 0
2219  prlimit64(0, RLIMIT_STACK, NULL, {rlim_cur=8192*1024, rlim_max=RLIM64_INFINITY}) = 0
2219  munmap(0x75aab5f9b000, 29392)     = 0
2219  newfstatat(1, "", {st_mode=S_IFIFO|0600, st_size=0, ...}, AT_EMPTY_PATH) = 0
2219  getrandom("\x4e\xe7\xa6\xbe\x20\x72\x7c\x11", 8, GRND_NONBLOCK) = 8
2219  brk(NULL)                         = 0x5db9b59dc000
2219  brk(0x5db9b59fd000)               = 0x5db9b59fd000
2219  write(1, "24\n", 3)               = 3
2219  exit_group(0)                     = ?
2219  +++ exited with 0 +++
