2240  execve("./fact", ["./fact", "7"], 0x7ffef3960570 /* 18 vars */) = 0
2240  brk(NULL)                         = 0x60ff27167000
2240  arch_prctl(0x3001 /* ARCH_??? */, 0x7fff312deb60) = -1 EINVAL (Invalid argument)
2240  mmap(NULL, 8192, PROT_READ|PROT_WRITE, MAP_PRIVATE|MAP_ANONYMOUS, -1, 0) = 0x7128b1632000
2240  access("/etc/ld.so.preload", R_OK) = -1 ENOENT (No such file or directory)
2240  openat(AT_FDCWD, "/etc/ld.so.cache", O_RDONLY|O_CLOEXEC) = 3
2240  newfstatat(3, "", {st_mode=S_IFREG|0644, st_size=29392, ...}, AT_EMPTY_PATH) = 0
2240  mmap(NULL, 29392, PROT_READ, MAP_PRIVATE, 3, 0) = 0x7128b162a000
2240  close(3)                          = 0
2240  openat(AT_FDCWD, "/lib/x86_64-linux-gnu/libc.so.6", O_RDONLY|O_CLOEXEC) = 3
2240  read(3, "\177ELF\2\1\1\3\0\0\0\0\0\0\0\0\3\0>\0\1\0\0\0P\237\2\0\0\0\0\0"..., 832) = 832
2240  pread64(3, "\6\0\0\0\4\0\0\0@\0\0\0\0\0\0\0@\0\0\0\0\0\0\0@\0\0\0\0\0\0\0"..., 784, 64) = 784
2240  pread64(3, "\4\0\0\0 \0\0\0\5\0\0\0GNU\0\2\0\0\300\4\0\0\0\3\0\0\0\0\0\0\0"..., 48, 848) = 48
2240  pread64(3, "\4\0\0\0\24\0\0\0\3\0\0\0GNU\0\325\31p\226\367\t\200\30)\261\30\257\33|\366c"..., 68, 896) = 68
2240  newfstatat(3, "", {st_mode=S_IFREG|0755, st_size=2220400, ...}, AT_EMPTY_PATH) = 0
2240  pread64(3, "\6\0\0\0\4\0\0\0@\0\0\0\0\0\0\0@\0\0\0\0\0\0\0@\0\0\0\0\0\0\0"..., 784, 64) = 784
2240  mmap(NULL, 2264656, PROT_READ, MAP_PRIVATE|MAP_DENYWRITE, 3, 0) = 0x7128b1401000
2240  mprotect(0x7128b1429000, 2023424, PROT_NONE) = 0
2240  mmap(0x7128b1429000, 1658880, PROT_READ|PROT_EXEC, MAP_PRIVATE|MAP_FIXED|MAP_DENYWRITE, 3, 0x28000) = 0x7128b1429000
2240  mmap(0x7128b15be000, 360448, PROT_READ, MAP_PRIVATE|MAP_FIXED|MAP_DENYWRITE, 3, 0x1bd000) = 0x7128b15be000
2240  mmap(0x7128b1617000, 24576, PROT_READ|PROT_WRITE, MAP_PRIVATE|MAP_FIXED|MAP_DENYWRITE, 3, 0x215000) = 0x7128b1617000
2240  mmap(0x7128b161d000, 52816, PROT_READ|PROT_WRITE, MAP_PRIVATE|MAP_FIXED|MAP_ANONYMOUS, -1, 0) = 0x7128b161d000
2240  close(3)                          = 0
2240  mmap(NULL, 12288, PROT_READ|PROT_WRITE, MAP_PRIVATE|MAP_ANONYMOUS, -1, 0) = 0x7128b13fe000
2240  arch_prctl(ARCH_SET_FS, 0x7128b13fe740) = 0
2240  set_tid_address(0x7128b13fea10)   = 2240
2240  set_robust_list(0x7128b13fea20, 24) = 0
2240  rseq(0x7128b13ff0e0, 0x20, 0, 0x53053053) = 0
2240  mprotect(0x7128b1617000, 16384, PROT_READ) = 0
2240  mprotect(0x60ff256ed000, 4096, PROT_READ) = 0
2240  mprotect(0x7128b166c000, 8192, PROT_READ) = 0
2240  prlimit64(0, RLIMIT_STACK, NULL, {rlim_cur=8192*1024, rlim_max=RLIM64_INFINITY}) = 0
2240  munmap(0x7128b162a000, 29392)     = 0
2240  getrandom("\x7c\x79\x02\xce\x6b\xee\xa8\x40", 8, GRND_NONBLOCK) = 8
2240  brk(NULL)                         = 0x60ff27167000
2240  brk(0x60ff27188000)               = 0x60ff27188000
2240  execve("./fact", ["fact", "6", "7"], 0x7fff312ded40 /* 18 vars */) = 0
2240  brk(NULL)                         = 0x55b68f44f000
2240  arch_prctl(0x3001 /* ARCH_??? */, 0x7ffe9a2406d0) = -1 EINVAL (Invalid argument)
2240  mmap(NULL, 8192, PROT_READ|PROT_WRITE, MAP_PRIVATE|MAP_ANONYMOUS, -1, 0) = 0x7bbbd715b000
2240  access("/etc/ld.so.preload", R_OK) = -1 ENOENT (No such file or directory)
2240  openat(AT_FDCWD, "/etc/ld.so.cache", O_RDONLY|O_CLOEXEC) = 3
2240  newfstatat(3, "", {st_mode=S_IFREG|0644, st_size=29392, ...}, AT_EMPTY_PATH) = 0
2240  mmap(NULL, 29392, PROT_READ, MAP_PRIVATE, 3, 0) = 0x7bbbd7153000
2240  close(3)                          = 0
2240  openat(AT_FDCWD, "/lib/x86_64-linux-gnu/libc.so.6", O_RDONLY|O_CLOEXEC) = 3
2240  read(3, "\177ELF\2\1\1\3\0\0\0\0\0\0\0\0\3\0>\0\1\0\0\0P\237\2\0\0\0\0\0"..., 832) = 832
2240  pread64(3, "\6\0\0\0\4\0\0\0@\0\0\0\0\0\0\0@\0\0\0\0\0\0\0@\0\0\0\0\0\0\0"..., 784, 64) = 784
2240  pread64(3, "\4\0\0\0 \0\0\0\5\0\0\0GNU\0\2\0\0\300\4\0\0\0\3\0\0\0\0\0\0\0"..., 48, 848) = 48
2240  pread64(3, "\4\0\0\0\24\0\0\0\3\0\0\0GNU\0\325\31p\226\367\t\200\30)\261\30\257\33|\366c"..., 68, 896) = 68
2240  newfstatat(3, "", {st_mode=S_IFREG|0755, st_size=2220400, ...}, AT_EMPTY_PATH) = 0
2240  pread64(3, "\6\0\0\0\4\0\0\0@\0\0\0\0\0\0\0@\0\0\0\0\0\0\0@\0\0\0\0\0\0\0"..., 784, 64) = 784
2240  mmap(NULL, 2264656, PROT_READ, MAP_PRIVATE|MAP_DENYWRITE, 3, 0) = 0x7bbbd6f2a000
2240  mprotect(0x7bbbd6f52000, 2023424, PROT_NONE) = 0
2240  mmap(0x7bbbd6f52000, 1658880, PROT_READ|PROT_EXEC, MAP_PRIVATE|MAP_FIXED|MAP_DENYWRITE, 3, 0x28000) = 0x7bbbd6f52000
2240  mmap(0x7bbbd70e7000, 360448, PROT_READ, MAP_PRIVATE|MAP_FIXED|MAP_DENYWRITE, 3, 0x1bd000) = 0x7bbbd70e7000
2240  mmap(0x7bbbd7140000, 24576, PROT_READ|PROT_WRITE, MAP_PRIVATE|MAP_FIXED|MAP_DENYWRITE, 3, 0x215000) = 0x7bbbd7140000
2240  mmap(0x7bbbd7146000, 52816, PROT_READ|PROT_WRITE, MAP_PRIVATE|MAP_FIXED|MAP_ANONYMOUS, -1, 0) = 0x7bbbd7146000
2240  close(3)                          = 0
2240  mmap(NULL, 12288, PROT_READ|PROT_WRITE, MAP_PRIVATE|MAP_ANONYMOUS, -1, 0) = 0x7bbbd6f27000
2240  arch_prctl(ARCH_SET_FS, 0x7bbbd6f27740) = 0
2240  set_tid_address(0x7bbbd6f27a10)   = 2240
2240  set_robust_list(0x7bbbd6f27a20, 24) = 0
2240  rseq(0x7bbbd6f280e0, 0x20, 0, 0x53053053) = 0
2240  mprotect(0x7bbbd7140000, 16384, PROT_READ) = 0
2240  mprotect(0x55b68eddd000, 4096, PROT_READ) = 0
2240  mprotect(0x7bbbd7195000, 8192, PROT_READ) = 0
2240  prlimit64(0, RLIMIT_STACK, NULL, {rlim_cur=8192*1024, rlim_max=RLIM64_INFINITY}) = 0
2240  munmap(0x7bbbd7153000, 29392)     = 0
2240  getrandom("\x02\x8d\x4f\x24\x82\xb9\x41\xd9", 8, GRND_NONBLOCK) = 8
2240  brk(NULL)                         = 0x55b68f44f000
2240  brk(0x55b68f470000)               = 0x55b68f470000
2240  execve("./fact", ["fact", "5", "42"], 0x7ffe9a2408b8 /* 18 vars */) = 0
2240  brk(NULL)                         = 0x5faa60cd4000
2240  arch_prctl(0x3001 /* ARCH_??? */, 0x7fff29c24680) = -1 EINVAL (Invalid argument)
2240  mmap(NULL, 8192, PROT_READ|PROT_WRITE, MAP_PRIVATE|MAP_ANONYMOUS, -1, 0) = 0x75b755b50000
2240  access("/etc/ld.so.preload", R_OK) = -1 ENOENT (No such file or directory)
2240  openat(AT_FDCWD, "/etc/ld.so.cache", O_RDONLY|O_CLOEXEC) = 3
2240  newfstatat(3, "", {st_mode=S_IFREG|0644, st_size=29392, ...}, AT_EMPTY_PATH) = 0
2240  mmap(NULL, 29392, PROT_READ, MAP_PRIVATE, 3, 0) = 0x75b755b48000
2240  close(3)                          = 0
2240  openat(AT_FDCWD, "/lib/x86_64-linux-gnu/libc.so.6", O_RDONLY|O_CLOEXEC) = 3
2240  read(3, "\177ELF\2\1\1\3\0\0\0\0\0\0\0\0\3\0>\0\1\0\0\0P\237\2\0\0\0\0\0"..., 832) = 832
2240  pread64(3, "\6\0\0\0\4\0\0\0@\0\0\0\0\0\0\0@\0\0\0\0\0\0\0@\0\0\0\0\0\0\0"..., 784, 64) = 784
2240  pread64(3, "\4\0\0\0 \0\0\0\5\0\0\0GNU\0\2\0\0\300\4\0\0\0\3\0\0\0\0\0\0\0"..., 48, 848) = 48
2240  pread64(3, "\4\0\0\0\24\0\0\0\3\0\0\0GNU\0\325\31p\226\367\t\200\30)\261\30\257\33|\366c"..., 68, 896) = 68
2240  newfstatat(3, "", {st_mode=S_IFREG|0755, st_size=2220400, ...}, AT_EMPTY_PATH) = 0
2240  pread64(3, "\6\0\0\0\4\0\0\0@\0\0\0\0\0\0\0@\0\0\0\0\0\0\0@\0\0\0\0\0\0\0"..., 784, 64) = 784
2240  mmap(NULL, 2264656, PROT_READ, MAP_PRIVATE|MAP_DENYWRITE, 3, 0) = 0x75b75591f000
2240  mprotect(0x75b755947000, 2023424, PROT_NONE) = 0
2240  mmap(0x75b755947000, 1658880, PROT_READ|PROT_EXEC, MAP_PRIVATE|MAP_FIXED|MAP_DENYWRITE, 3, 0x28000) = 0x75b755947000
2240  mmap(0x75b755adc000, 360448, PROT_READ, MAP_PRIVATE|MAP_FIXED|MAP_DENYWRITE, 3, 0x1bd000) = 0x75b755adc000
2240  mmap(0x75b755b35000, 24576, PROT_READ|PROT_WRITE, MAP_PRIVATE|MAP_FIXED|MAP_DENYWRITE, 3, 0x215000) = 0x75b755b35000
2240  mmap(0x75b755b3b000, 52816, PROT_READ|PROT_WRITE, MAP_PRIVATE|MAP_FIXED|MAP_ANONYMOUS, -1, 0) = 0x75b755b3b000
2240  close(3)                          = 0
2240  mmap(NULL, 12288, PROT_READ|PROT_WRITE, MAP_PRIVATE|MAP_ANONYMOUS, -1, 0) = 0x75b75591c000
2240  arch_prctl(ARCH_SET_FS, 0x75b75591c740) = 0
2240  set_tid_address(0x75b75591ca10)   = 2240
2240  set_robust_list(0x75b75591ca20, 24) = 0
2240  rseq(0x75b75591d0e0, 0x20, 0, 0x53053053) = 0
2240  mprotect(0x75b755b35000, 16384, PROT_READ) = 0
2240  mprotect(0x5faa5fd12000, 4096, PROT_READ) = 0
2240  mprotect(0x75b755b8a000, 8192, PROT_READ) = 0
2240  prlimit64(0, RLIMIT_STACK, NULL, {rlim_cur=8192*1024, rlim_max=RLIM64_INFINITY}) = 0
2240  munmap(0x75b755b48000, 29392)     = 0
2240  getrandom("\x74\x21\x5f\x80\xe0\x0a\x2c\x93", 8, GRND_NONBLOCK) = 8
2240  brk(NULL)                         = 0x5faa60cd4000
2240  brk(0x5faa60cf5000)               = 0x5faa60cf5000
2240  execve("./fact", ["fact", "4", "210"], 0x7fff29c24868 /* 18 vars */) = 0
2240  brk(NULL)                         = 0x5e70947c8000
2240  arch_prctl(0x3001 /* ARCH_??? */, 0x7ffcf041cd40) = -1 EINVAL (Invalid argument)
2240  mmap(NULL, 8192, PROT_READ|PROT_WRITE, MAP_PRIVATE|MAP_ANONYMOUS, -1, 0) = 0x7bdd83b34000
2240  access("/etc/ld.so.preload", R_OK) = -1 ENOENT (No such file or directory)
2240  openat(AT_FDCWD, "/etc/ld.so.cache", O_RDONLY|O_CLOEXEC) = 3
2240  newfstatat(3, "", {st_mode=S_IFREG|0644, st_size=29392, ...}, AT_EMPTY_PATH) = 0
2240  mmap(NULL, 29392, PROT_READ, MAP_PRIVATE, 3, 0) = 0x7bdd83b2c000
2240  close(3)                          = 0
2240  openat(AT_FDCWD, "/lib/x86_64-linux-gnu/libc.so.6", O_RDONLY|O_CLOEXEC) = 3
2240  read(3, "\177ELF\2\1\1\3\0\0\0\0\0\0\0\0\3\0>\0\1\0\0\0P\237\2\0\0\0\0\0"..., 832) = 832
2240  pread64(3, "\6\0\0\0\4\0\0\0@\0\0\0\0\0\0\0@\0\0\0\0\0\0\0@\0\0\0\0\0\0\0"..., 784, 64) = 784
2240  pread64(3, "\4\0\0\0 \0\0\0\5\0\0\0GNU\0\2\0\0\300\4\0\0\0\3\0\0\0\0\0\0\0"..., 48, 848) = 48
2240  pread64(3, "\4\0\0\0\24\0\0\0\3\0\0\0GNU\0\325\31p\226\367\t\200\30)\261\30\257\33|\366c"..., 68, 896) = 68
2240  newfstatat(3, "", {st_mode=S_IFREG|0755, st_size=2220400, ...}, AT_EMPTY_PATH) = 0
2240  pread64(3, "\6\0\0\0\4\0\0\0@\0\0\0\0\0\0\0@\0\0\0\0\0\0\0@\0\0\0\0\0\0\0"..., 784, 64) = 784
2240  mmap(NULL, 2264656, PROT_READ, MAP_PRIVATE|MAP_DENYWRITE, 3, 0) = 0x7bdd83903000
2240  mprotect(0x7bdd8392b000, 2023424, PROT_NONE) = 0
2240  mmap(0x7bdd8392b000, 1658880, PROT_READ|PROT_EXEC, MAP_PRIVATE|MAP_FIXED|MAP_DENYWRITE, 3, 0x28000) = 0x7bdd8392b000
2240  mmap(0x7bdd83ac0000, 360448, PROT_READ, MAP_PRIVATE|MAP_FIXED|MAP_DENYWRITE, 3, 0x1bd000) = 0x7bdd83ac0000
2240  mmap(0x7bdd83b19000, 24576, PROT_READ|PROT_WRITE, MAP_PRIVATE|MAP_FIXED|MAP_DENYWRITE, 3, 0x215000) = 0x7bdd83b19000
2240  mmap(0x7bdd83b1f000, 52816, PROT_READ|PROT_WRITE, MAP_PRIVATE|MAP_FIXED|MAP_ANONYMOUS, -1, 0) = 0x7bdd83b1f000
2240  close(3)                          = 0
2240  mmap(NULL, 12288, PROT_READ|PROT_WRITE, MAP_PRIVATE|MAP_ANONYMOUS, -1, 0) = 0x7bdd83900000
2240  arch_prctl(ARCH_SET_FS, 0x7bdd83900740) = 0
2240  set_tid_address(0x7bdd83900a10)   = 2240
2240  set_robust_list(0x7bdd83900a20, 24) = 0
2240  rseq(0x7bdd839010e0, 0x20, 0, 0x53053053) = 0
2240  mprotect(0x7bdd83b19000, 16384, PROT_READ) = 0
2240  mprotect(0x5e7093b48000, 4096, PROT_READ) = 0
2240  mprotect(0x7bdd83b6e000, 8192, PROT_READ) = 0
2240  prlimit64(0, RLIMIT_STACK, NULL, {rlim_cur=8192*1024, rlim_max=RLIM64_INFINITY}) = 0
2240  munmap(0x7bdd83b2c000, 29392)     = 0
2240  getrandom("\xae\x99\xbb\x39\xcb\xd9\xe2\x3c", 8, GRND_NONBLOCK) = 8
2240  brk(NULL)                         = 0x5e70947c8000
2240  brk(0x5e70947e9000)               = 0x5e70947e9000
2240  execve("./fact", ["fact", "3", "840"], 0x7ffcf041cf28 /* 18 vars */) = 0
2240  brk(NULL)                         = 0x647c7d4cd000
2240  arch_prctl(0x3001 /* ARCH_??? */, 0x7ffe24314450) = -1 EINVAL (Invalid argument)
2240  mmap(NULL, 8192, PROT_READ|PROT_WRITE, MAP_PRIVATE|MAP_ANONYMOUS, -1, 0) = 0x7c537f69b000
2240  access("/etc/ld.so.preload", R_OK) = -1 ENOENT (No such file or directory)
2240  openat(AT_FDCWD, "/etc/ld.so.cache", O_RDONLY|O_CLOEXEC) = 3
2240  newfstatat(3, "", {st_mode=S_IFREG|0644, st_size=29392, ...}, AT_EMPTY_PATH) = 0
2240  mmap(NULL, 29392, PROT_READ, MAP_PRIVATE, 3, 0) = 0x7c537f693000
2240  close(3)                          = 0
2240  openat(AT_FDCWD, "/lib/x86_64-linux-gnu/libc.so.6", O_RDONLY|O_CLOEXEC) = 3
2240  read(3, "\177ELF\2\1\1\3\0\0\0\0\0\0\0\0\3\0>\0\1\0\0\0P\237\2\0\0\0\0\0"..., 832) = 832
2240  pread64(3, "\6\0\0\0\4\0\0\0@\0\0\0\0\0\0\0@\0\0\0\0\0\0\0@\0\0\0\0\0\0\0"..., 784, 64) = 784
2240  pread64(3, "\4\0\0\0 \0\0\0\5\0\0\0GNU\0\2\0\0\300\4\0\0\0\3\0\0\0\0\0\0\0"..., 48, 848) = 48
2240  pread64(3, "\4\0\0\0\24\0\0\0\3\0\0\0GNU\0\325\31p\226\367\t\200\30)\261\30\257\33|\366c"..., 68, 896) = 68
2240  newfstatat(3, "", {st_mode=S_IFREG|0755, st_size=2220400, ...}, AT_EMPTY_PATH) = 0
2240  pread64(3, "\6\0\0\0\4\0\0\0@\0\0\0\0\0\0\0@\0\0\0\0\0\0\0@\0\0\0\0\0\0\0"..., 784, 64) = 784
2240  mmap(NULL, 2264656, PROT_READ, MAP_PRIVATE|MAP_DENYWRITE, 3, 0) = 0x7c537f46a000
2240  mprotect(0x7c537f492000, 2023424, PROT_NONE) = 0
2240  mmap(0x7c537f492000, 1658880, PROT_READ|PROT_EXEC, MAP_PRIVATE|MAP_FIXED|MAP_DENYWRITE, 3, 0x28000) = 0x7c537f492000
2240  mmap(0x7c537f627000, 360448, PROT_READ, MAP_PRIVATE|MAP_FIXED|MAP_DENYWRITE, 3, 0x1bd000) = 0x7c537f627000
2240  mmap(0x7c537f680000, 24576, PROT_READ|PROT_WRITE, MAP_PRIVATE|MAP_FIXED|MAP_DENYWRITE, 3, 0x215000) = 0x7c537f680000
2240  mmap(0x7c537f686000, 52816, PROT_READ|PROT_WRITE, MAP_PRIVATE|MAP_FIXED|MAP_ANONYMOUS, -1, 0) = 0x7c537f686000
2240  close(3)                          = 0
2240  mmap(NULL, 12288, PROT_READ|PROT_WRITE, MAP_PRIVATE|MAP_ANONYMOUS, -1, 0) = 0x7c537f467000
2240  arch_prctl(ARCH_SET_FS, 0x7c537f467740) = 0
2240  set_tid_address(0x7c537f467a10)   = 2240
2240  set_robust_list(0x7c537f467a20, 24) = 0
2240  rseq(0x7c537f4680e0, 0x20, 0, 0x53053053) = 0
2240  mprotect(0x7c537f680000, 16384, PROT_READ) = 0
2240  mprotect(0x647c7c54f000, 4096, PROT_READ) = 0
2240  mprotect(0x7c537f6d5000, 8192, PROT_READ) = 0
2240  prlimit64(0, RLIMIT_STACK, NULL, {rlim_cur=8192*1024, rlim_max=RLIM64_INFINITY}) = 0
2240  munmap(0x7c537f693000, 29392)     = 0
2240  getrandom("\xa2\x68\x72\xdc\xcc\x98\xa0\x8b", 8, GRND_NONBLOCK) = 8
2240  brk(NULL)                         = 0x647c7d4cd000
2240  brk(0x647c7d4ee000)               = 0x647c7d4ee000
2240  execve("./fact", ["fact", "2", "2520"], 0x7ffe24314638 /* 18 vars */) = 0
2240  brk(NULL)                         = 0x614e30e32000
2240  arch_prctl(0x3001 /* ARCH_??? */, 0x7ffc07b4c650) = -1 EINVAL (Invalid argument)
2240  mmap(NULL, 8192, PROT_READ|PROT_WRITE, MAP_PRIVATE|MAP_ANONYMOUS, -1, 0) = 0x7bbcfcbee000
2240  access("/etc/ld.so.preload", R_OK) = -1 ENOENT (No such file or directory)
2240  openat(AT_FDCWD, "/etc/ld.so.cache", O_RDONLY|O_CLOEXEC) = 3
2240  newfstatat(3, "", {st_mode=S_IFREG|0644, st_size=29392, ...}, AT_EMPTY_PATH) = 0
2240  mmap(NULL, 29392, PROT_READ, MAP_PRIVATE, 3, 0) = 0x7bbcfcbe6000
2240  close(3)                          = 0
2240  openat(AT_FDCWD, "/lib/x86_64-linux-gnu/libc.so.6", O_RDONLY|O_CLOEXEC) = 3
2240  read(3, "\177ELF\2\1\1\3\0\0\0\0\0\0\0\0\3\0>\0\1\0\0\0P\237\2\0\0\0\0\0"..., 832) = 832
2240  pread64(3, "\6\0\0\0\4\0\0\0@\0\0\0\0\0\0\0@\0\0\0\0\0\0\0@\0\0\0\0\0\0\0"..., 784, 64) = 784
2240  pread64(3, "\4\0\0\0 \0\0\0\5\0\0\0GNU\0\2\0\0\300\4\0\0\0\3\0\0\0\0\0\0\0"..., 48, 848) = 48
2240  pread64(3, "\4\0\0\0\24\0\0\0\3\0\0\0GNU\0\325\31p\226\367\t\200\30)\261\30\257\33|\366c"..., 68, 896) = 68
2240  newfstatat(3, "", {st_mode=S_IFREG|0755, st_size=2220400, ...}, AT_EMPTY_PATH) = 0
2240  pread64(3, "\6\0\0\0\4\0\0\0@\0\0\0\0\0\0\0@\0\0\0\0\0\0\0@\0\0\0\0\0\0\0"..., 784, 64) = 784
2240  mmap(NULL, 2264656, PROT_READ, MAP_PRIVATE|MAP_DENYWRITE, 3, 0) = 0x7bbcfc9bd000
2240  mprotect(0x7bbcfc9e5000, 2023424, PROT_NONE) = 0
2240  mmap(0x7bbcfc9e5000, 1658880, PROT_READ|PROT_EXEC, MAP_PRIVATE|MAP_FIXED|MAP_DENYWRITE, 3, 0x28000) = 0x7bbcfc9e5000
2240  mmap(0x7bbcfcb7a000, 360448, PROT_READ, MAP_PRIVATE|MAP_FIXED|MAP_DENYWRITE, 3, 0x1bd000) = 0x7bbcfcb7a000
2240  mmap(0x7bbcfcbd3000, 24576, PROT_READ|PROT_WRITE, MAP_PRIVATE|MAP_FIXED|MAP_DENYWRITE, 3, 0x215000) = 0x7bbcfcbd3000
2240  mmap(0x7bbcfcbd9000, 52816, PROT_READ|PROT_WRITE, MAP_PRIVATE|MAP_FIXED|MAP_ANONYMOUS, -1, 0) = 0x7bbcfcbd9000
2240  close(3)                          = 0
2240  mmap(NULL, 12288, PROT_READ|PROT_WRITE, MAP_PRIVATE|MAP_ANONYMOUS, -1, 0) = 0x7bbcfc9ba000
2240  arch_prctl(ARCH_SET_FS, 0x7bbcfc9ba740) = 0
2240  set_tid_address(0x7bbcfc9baa10)   = 2240
2240  set_robust_list(0x7bbcfc9baa20, 24) = 0
2240  rseq(0x7bbcfc9bb0e0, 0x20, 0, 0x53053053) = 0
2240  mprotect(0x7bbcfcbd3000, 16384, PROT_READ) = 0
2240  mprotect(0x614e301b5000, 4096, PROT_READ) = 0
2240  mprotect(0x7bbcfcc28000, 8192, PROT_READ) = 0
2240  prlimit64(0, RLIMIT_STACK, NULL, {rlim_cur=8192*1024, rlim_max=RLIM64_INFINITY}) = 0
2240  munmap(0x7bbcfcbe6000, 29392)     = 0
2240  newfstatat(1, "", {st_mode=S_IFIFO|0600, st_size=0, ...}, AT_EMPTY_PATH) = 0
2240  getrandom("\xfa\x49\x27\xd1\x2e\xc2\xfb\x0d", 8, GRND_NONBLOCK) = 8
2240  brk(NULL)                         = 0x614e30e32000
2240  brk(0x614e30e53000)               = 0x614e30e53000
2240  write(1, "5040\n", 5)             = 5
2240  exit_group(0)                     = ?
2240  +++ exited with 0 +++
