2247  execve("./fact", ["./fact", "8"], 0x7ffe319aa280 /* 18 vars */) = 0
2247  brk(NULL)                         = 0x59f9a04f9000
2247  arch_prctl(0x3001 /* ARCH_??? */, 0x7fff4e5c21d0) = -1 EINVAL (Invalid argument)
2247  mmap(NULL, 8192, PROT_READ|PROT_WRITE, MAP_PRIVATE|MAP_ANONYMOUS, -1, 0) = 0x78cc36072000
2247  access("/etc/ld.so.preload", R_OK) = -1 ENOENT (No such file or directory)
2247  openat(AT_FDCWD, "/etc/ld.so.cache", O_RDONLY|O_CLOEXEC) = 3
2247  newfstatat(3, "", {st_mode=S_IFREG|0644, st_size=29392, ...}, AT_EMPTY_PATH) = 0
2247  mmap(NULL, 29392, PROT_READ, MAP_PRIVATE, 3, 0) = 0x78cc3606a000
2247  close(3)                          = 0
2247  openat(AT_FDCWD, "/lib/x86_64-linux-gnu/libc.so.6", O_RDONLY|O_CLOEXEC) = 3
2247  read(3, "\177ELF\2\1\1\3\0\0\0\0\0\0\0\0\3\0>\0\1\0\0\0P\237\2\0\0\0\0\0"..., 832) = 832
2247  pread64(3, "\6\0\0\0\4\0\0\0@\0\0\0\0\0\0\0@\0\0\0\0\0\0\0@\0\0\0\0\0\0\0"..., 784, 64) = 784
2247  pread64(3, "\4\0\0\0 \0\0\0\5\0\0\0GNU\0\2\0\0\300\4\0\0\0\3\0\0\0\0\0\0\0"..., 48, 848) = 48
2247  pread64(3, "\4\0\0\0\24\0\0\0\3\0\0\0GNU\0\325\31p\226\367\t\200\30)\261\30\257\33|\366c"..., 68, 896) = 68
2247  newfstatat(3, "", {st_mode=S_IFREG|0755, st_size=2220400, ...}, AT_EMPTY_PATH) = 0
2247  pread64(3, "\6\0\0\0\4\0\0\0@\0\0\0\0\0\0\0@\0\0\0\0\0\0\0@\0\0\0\0\0\0\0"..., 784, 64) = 784
2247  mmap(NULL, 2264656, PROT_READ, MAP_PRIVATE|MAP_DENYWRITE, 3, 0) = 0x78cc35e41000
2247  mprotect(0x78cc35e69000, 2023424, PROT_NONE) = 0
2247  mmap(0x78cc35e69000, 1658880, PROT_READ|PROT_EXEC, MAP_PRIVATE|MAP_FIXED|MAP_DENYWRITE, 3, 0x28000) = 0x78cc35e69000
2247  mmap(0x78cc35ffe000, 360448, PROT_READ, MAP_PRIVATE|MAP_FIXED|MAP_DENYWRITE, 3, 0x1bd000) = 0x78cc35ffe000
2247  mmap(0x78cc36057000, 24576, PROT_READ|PROT_WRITE, MAP_PRIVATE|MAP_FIXED|MAP_DENYWRITE, 3, 0x215000) = 0x78cc36057000
2247  mmap(0x78cc3605d000, 52816, PROT_READ|PROT_WRITE, MAP_PRIVATE|MAP_FIXED|MAP_ANONYMOUS, -1, 0) = 0x78cc3605d000
2247  close(3)                          = 0
2247  mmap(NULL, 12288, PROT_READ|PROT_WRITE, MAP_PRIVATE|MAP_ANONYMOUS, -1, 0) = 0x78cc35e3e000
2247  arch_prctl(ARCH_SET_FS, 0x78cc35e3e740) = 0
2247  set_tid_address(0x78cc35e3ea10)   = 2247
2247  set_robust_list(0x78cc35e3ea20, 24) = 0
2247  rseq(0x78cc35e3f0e0, 0x20, 0, 0x53053053) = 0
2247  mprotect(0x78cc36057000, 16384, PROT_READ) = 0
2247  mprotect(0x59f99fd79000, 4096, PROT_READ) = 0
2247  mprotect(0x78cc360ac000, 8192, PROT_READ) = 0
2247  prlimit64(0, RLIMIT_STACK, NULL, {rlim_cur=8192*1024, rlim_max=RLIM64_INFINITY}) = 0
2247  munmap(0x78cc3606a000, 29392)     = 0
2247  getrandom("\xb3\x9e\x6e\x46\x23\x54\x36\x9c", 8, GRND_NONBLOCK) = 8
2247  brk(NULL)                         = 0x59f9a04f9000
2247  brk(0x59f9a051a000)               = 0x59f9a051a000
2247  execve("./fact", ["fact", "7", "8"], 0x7fff4e5c23b0 /* 18 vars */) = 0
2247  brk(NULL)                         = 0x5e9d481dc000
2247  arch_prctl(0x3001 /* ARCH_??? */, 0x7ffdc735eb40) = -1 EINVAL (Invalid argument)
2247  mmap(NULL, 8192, PROT_READ|PROT_WRITE, MAP_PRIVATE|MAP_ANONYMOUS, -1, 0) = 0x7be963a83000
2247  access("/etc/ld.so.preload", R_OK) = -1 ENOENT (No such file or directory)
2247  openat(AT_FDCWD, "/etc/ld.so.cache", O_RDONLY|O_CLOEXEC) = 3
2247  newfstatat(3, "", {st_mode=S_IFREG|0644, st_size=29392, ...}, AT_EMPTY_PATH) = 0
2247  mmap(NULL, 29392, PROT_READ, MAP_PRIVATE, 3, 0) = 0x7be963a7b000
2247  close(3)                          = 0
2247  openat(AT_FDCWD, "/lib/x86_64-linux-gnu/libc.so.6", O_RDONLY|O_CLOEXEC) = 3
2247  read(3, "\177ELF\2\1\1\3\0\0\0\0\0\0\0\0\3\0>\0\1\0\0\0P\237\2\0\0\0\0\0"..., 832) = 832
2247  pread64(3, "\6\0\0\0\4\0\0\0@\0\0\0\0\0\0\0@\0\0\0\0\0\0\0@\0\0\0\0\0\0\0"..., 784, 64) = 784
2247  pread64(3, "\4\0\0\0 \0\0\0\5\0\0\0GNU\0\2\0\0\300\4\0\0\0\3\0\0\0\0\0\0\0"..., 48, 848) = 48
2247  pread64(3, "\4\0\0\0\24\0\0\0\3\0\0\0GNU\0\325\31p\226\367\t\200\30)\261\30\257\33|\366c"..., 68, 896) = 68
2247  newfstatat(3, "", {st_mode=S_IFREG|0755, st_size=2220400, ...}, AT_EMPTY_PATH) = 0
2247  pread64(3, "\6\0\0\0\4\0\0\0@\0\0\0\0\0\0\0@\0\0\0\0\0\0\0@\0\0\0\0\0\0\0"..., 784, 64) = 784
2247  mmap(NULL, 2264656, PROT_READ, MAP_PRIVATE|MAP_DENYWRITE, 3, 0) = 0x7be963852000
2247  mprotect(0x7be96387a000, 2023424, PROT_NONE) = 0
2247  mmap(0x7be96387a000, 1658880, PROT_READ|PROT_EXEC, MAP_PRIVATE|MAP_FIXED|MAP_DENYWRITE, 3, 0x28000) = 0x7be96387a000
2247  mmap(0x7be963a0f000, 360448, PROT_READ, MAP_PRIVATE|MAP_FIXED|MAP_DENYWRITE, 3, 0x1bd000) = 0x7be963a0f000
2247  mmap(0x7be963a68000, 24576, PROT_READ|PROT_WRITE, MAP_PRIVATE|MAP_FIXED|MAP_DENYWRITE, 3, 0x215000) = 0x7be963a68000
2247  mmap(0x7be963a6e000, 52816, PROT_READ|PROT_WRITE, MAP_PRIVATE|MAP_FIXED|MAP_ANONYMOUS, -1, 0) = 0x7be963a6e000
2247  close(3)                          = 0
2247  mmap(NULL, 12288, PROT_READ|PROT_WRITE, MAP_PRIVATE|MAP_ANONYMOUS, -1, 0) = 0x7be96384f000
2247  arch_prctl(ARCH_SET_FS, 0x7be96384f740) = 0
2247  set_tid_address(0x7be96384fa10)   = 2247
2247  set_robust_list(0x7be96384fa20, 24) = 0
2247  rseq(0x7be9638500e0, 0x20, 0, 0x53053053) = 0
2247  mprotect(0x7be963a68000, 16384, PROT_READ) = 0
2247  mprotect(0x5e9d4726e000, 4096, PROT_READ) = 0
2247  mprotect(0x7be963abd000, 8192, PROT_READ) = 0
2247  prlimit64(0, RLIMIT_STACK, NULL, {rlim_cur=8192*1024, rlim_max=RLIM64_INFINITY}) = 0
2247  munmap(0x7be963a7b000, 29392)     = 0
2247  getrandom("\x4d\x3a\x93\x42\x4e\x1e\xbc\x85", 8, GRND_NONBLOCK) = 8
2247  brk(NULL)                         = 0x5e9d481dc000
2247  brk(0x5e9d481fd000)               = 0x5e9d481fd000
2247  execve("./fact", ["fact", "6", "56"], 0x7ffdc735ed28 /* 18 vars */) = 0
2247  brk(NULL)                         = 0x61a27e2a3000
2247  arch_prctl(0x3001 /* ARCH_??? */, 0x7ffef991d8d0) = -1 EINVAL (Invalid argument)
2247  mmap(NULL, 8192, PROT_READ|PROT_WRITE, MAP_PRIVATE|MAP_ANONYMOUS, -1, 0) = 0x74712bc43000
2247  access("/etc/ld.so.preload", R_OK) = -1 ENOENT (No such file or directory)
2247  openat(AT_FDCWD, "/etc/ld.so.cache", O_RDONLY|O_CLOEXEC) = 3
2247  newfstatat(3, "", {st_mode=S_IFREG|0644, st_size=29392, ...}, AT_EMPTY_PATH) = 0
2247  mmap(NULL, 29392, PROT_READ, MAP_PRIVATE, 3, 0) = 0x74712bc3b000
2247  close(3)                          = 0
2247  openat(AT_FDCWD, "/lib/x86_64-linux-gnu/libc.so.6", O_RDONLY|O_CLOEXEC) = 3
2247  read(3, "\177ELF\2\1\1\3\0\0\0\0\0\0\0\0\3\0>\0\1\0\0\0P\237\2\0\0\0\0\0"..., 832) = 832
2247  pread64(3, "\6\0\0\0\4\0\0\0@\0\0\0\0\0\0\0@\0\0\0\0\0\0\0@\0\0\0\0\0\0\0"..., 784, 64) = 784
2247  pread64(3, "\4\0\0\0 \0\0\0\5\0\0\0GNU\0\2\0\0\300\4\0\0\0\3\0\0\0\0\0\0\0"..., 48, 848) = 48
2247  pread64(3, "\4\0\0\0\24\0\0\0\3\0\0\0GNU\0\325\31p\226\367\t\200\30)\261\30\257\33|\366c"..., 68, 896) = 68
2247  newfstatat(3, "", {st_mode=S_IFREG|0755, st_size=2220400, ...}, AT_EMPTY_PATH) = 0
2247  pread64(3, "\6\0\0\0\4\0\0\0@\0\0\0\0\0\0\0@\0\0\0\0\0\0\0@\0\0\0\0\0\0\0"..., 784, 64) = 784
2247  mmap(NULL, 2264656, PROT_READ, MAP_PRIVATE|MAP_DENYWRITE, 3, 0) = 0x74712ba12000
2247  mprotect(0x74712ba3a000, 2023424, PROT_NONE) = 0
2247  mmap(0x74712ba3a000, 1658880, PROT_READ|PROT_EXEC, MAP_PRIVATE|MAP_FIXED|MAP_DENYWRITE, 3, 0x28000) = 0x74712ba3a000
2247  mmap(0x74712bbcf000, 360448, PROT_READ, MAP_PRIVATE|MAP_FIXED|MAP_DENYWRITE, 3, 0x1bd000) = 0x74712bbcf000
2247  mmap(0x74712bc28000, 24576, PROT_READ|PROT_WRITE, MAP_PRIVATE|MAP_FIXED|MAP_DENYWRITE, 3, 0x215000) = 0x74712bc28000
2247  mmap(0x74712bc2e000, 52816, PROT_READ|PROT_WRITE, MAP_PRIVATE|MAP_FIXED|MAP_ANONYMOUS, -1, 0) = 0x74712bc2e000
2247  close(3)                          = 0
2247  mmap(NULL, 12288, PROT_READ|PROT_WRITE, MAP_PRIVATE|MAP_ANONYMOUS, -1, 0) = 0x74712ba0f000
2247  arch_prctl(ARCH_SET_FS, 0x74712ba0f740) = 0
2247  set_tid_address(0x74712ba0fa10)   = 2247
2247  set_robust_list(0x74712ba0fa20, 24) = 0
2247  rseq(0x74712ba100e0, 0x20, 0, 0x53053053) = 0
2247  mprotect(0x74712bc28000, 16384, PROT_READ) = 0
2247  mprotect(0x61a27e0c6000, 4096, PROT_READ) = 0
2247  mprotect(0x74712bc7d000, 8192, PROT_READ) = 0
2247  prlimit64(0, RLIMIT_STACK, NULL, {rlim_cur=8192*1024, rlim_max=RLIM64_INFINITY}) = 0
2247  munmap(0x74712bc3b000, 29392)     = 0
2247  getrandom("\xe8\xee\xac\x74\xff\xfa\x46\x46", 8, GRND_NONBLOCK) = 8
2247  brk(NULL)                         = 0x61a27e2a3000
2247  brk(0x61a27e2c4000)               = 0x61a27e2c4000
2247  execve("./fact", ["fact", "5", "336"], 0x7ffef991dab8 /* 18 vars */) = 0
2247  brk(NULL)                         = 0x6504dd638000
2247  arch_prctl(0x3001 /* ARCH_??? */, 0x7ffd215462b0) = -1 EINVAL (Invalid argument)
2247  mmap(NULL, 8192, PROT_READ|PROT_WRITE, MAP_PRIVATE|MAP_ANONYMOUS, -1, 0) = 0x7b25c0041000
2247  access("/etc/ld.so.preload", R_OK) = -1 ENOENT (No such file or directory)
2247  openat(AT_FDCWD, "/etc/ld.so.cache", O_RDONLY|O_CLOEXEC) = 3
2247  newfstatat(3, "", {st_mode=S_IFREG|0644, st_size=29392, ...}, AT_EMPTY_PATH) = 0
2247  mmap(NULL, 29392, PROT_READ, MAP_PRIVATE, 3, 0) = 0x7b25c0039000
2247  close(3)                          = 0
2247  openat(AT_FDCWD, "/lib/x86_64-linux-gnu/libc.so.6", O_RDONLY|O_CLOEXEC) = 3
2247  read(3, "\177ELF\2\1\1\3\0\0\0\0\0\0\0\0\3\0>\0\1\0\0\0P\237\2\0\0\0\0\0"..., 832) = 832
2247  pread64(3, "\6\0\0\0\4\0\0\0@\0\0\0\0\0\0\0@\0\0\0\0\0\0\0@\0\0\0\0\0\0\0"..., 784, 64) = 784
2247  pread64(3, "\4\0\0\0 \0\0\0\5\0\0\0GNU\0\2\0\0\300\4\0\0\0\3\0\0\0\0\0\0\0"..., 48, 848) = 48
2247  pread64(3, "\4\0\0\0\24\0\0\0\3\0\0\0GNU\0\325\31p\226\367\t\200\30)\261\30\257\33|\366c"..., 68, 896) = 68
2247  newfstatat(3, "", {st_mode=S_IFREG|0755, st_size=2220400, ...}, AT_EMPTY_PATH) = 0
2247  pread64(3, "\6\0\0\0\4\0\0\0@\0\0\0\0\0\0\0@\0\0\0\0\0\0\0@\0\0\0\0\0\0\0"..., 784, 64) = 784
2247  mmap(NULL, 2264656, PROT_READ, MAP_PRIVATE|MAP_DENYWRITE, 3, 0) = 0x7b25bfe10000
2247  mprotect(0x7b25bfe38000, 2023424, PROT_NONE) = 0
2247  mmap(0x7b25bfe38000, 1658880, PROT_READ|PROT_EXEC, MAP_PRIVATE|MAP_FIXED|MAP_DENYWRITE, 3, 0x28000) = 0x7b25bfe38000
2247  mmap(0x7b25bffcd000, 360448, PROT_READ, MAP_PRIVATE|MAP_FIXED|MAP_DENYWRITE, 3, 0x1bd000) = 0x7b25bffcd000
2247  mmap(0x7b25c0026000, 24576, PROT_READ|PROT_WRITE, MAP_PRIVATE|MAP_FIXED|MAP_DENYWRITE, 3, 0x215000) = 0x7b25c0026000
2247  mmap(0x7b25c002c000, 52816, PROT_READ|PROT_WRITE, MAP_PRIVATE|MAP_FIXED|MAP_ANONYMOUS, -1, 0) = 0x7b25c002c000
2247  close(3)                          = 0
2247  mmap(NULL, 12288, PROT_READ|PROT_WRITE, MAP_PRIVATE|MAP_ANONYMOUS, -1, 0) = 0x7b25bfe0d000
2247  arch_prctl(ARCH_SET_FS, 0x7b25bfe0d740) = 0
2247  set_tid_address(0x7b25bfe0da10)   = 2247
2247  set_robust_list(0x7b25bfe0da20, 24) = 0
2247  rseq(0x7b25bfe0e0e0, 0x20, 0, 0x53053053) = 0
2247  mprotect(0x7b25c0026000, 16384, PROT_READ) = 0
2247  mprotect(0x6504dd5bb000, 4096, PROT_READ) = 0
2247  mprotect(0x7b25c007b000, 8192, PROT_READ) = 0
2247  prlimit64(0, RLIMIT_STACK, NULL, {rlim_cur=8192*1024, rlim_max=RLIM64_INFINITY}) = 0
2247  munmap(0x7b25c0039000, 29392)     = 0
2247  getrandom("\x5a\xf5\x73\xe2\xfb\xfa\xbb\x63", 8, GRND_NONBLOCK) = 8
2247  brk(NULL)                         = 0x6504dd638000
2247  brk(0x6504dd659000)               = 0x6504dd659000
2247  execve("./fact", ["fact", "4", "1680"], 0x7ffd21546498 /* 18 vars */) = 0
2247  brk(NULL)                         = 0x6423289e5000
2247  arch_prctl(0x3001 /* ARCH_??? */, 0x7ffd606ac1e0) = -1 EINVAL (Invalid argument)
2247  mmap(NULL, 8192, PROT_READ|PROT_WRITE, MAP_PRIVATE|MAP_ANONYMOUS, -1, 0) = 0x76376369c000
2247  access("/etc/ld.so.preload", R_OK) = -1 ENOENT (No such file or directory)
2247  openat(AT_FDCWD, "/etc/ld.so.cache", O_RDONLY|O_CLOEXEC) = 3
2247  newfstatat(3, "", {st_mode=S_IFREG|0644, st_size=29392, ...}, AT_EMPTY_PATH) = 0
2247  mmap(NULL, 29392, PROT_READ, MAP_PRIVATE, 3, 0) = 0x763763694000
2247  close(3)                          = 0
2247  openat(AT_FDCWD, "/lib/x86_64-linux-gnu/libc.so.6", O_RDONLY|O_CLOEXEC) = 3
2247  read(3, "\177ELF\2\1\1\3\0\0\0\0\0\0\0\0\3\0>\0\1\0\0\0P\237\2\0\0\0\0\0"..., 832) = 832
2247  pread64(3, "\6\0\0\0\4\0\0\0@\0\0\0\0\0\0\0@\0\0\0\0\0\0\0@\0\0\0\0\0\0\0"..., 784, 64) = 784
2247  pread64(3, "\4\0\0\0 \0\0\0\5\0\0\0GNU\0\2\0\0\300\4\0\0\0\3\0\0\0\0\0\0\0"..., 48, 848) = 48
2247  pread64(3, "\4\0\0\0\24\0\0\0\3\0\0\0GNU\0\325\31p\226\367\t\200\30)\261\30\257\33|\366c"..., 68, 896) = 68
2247  newfstatat(3, "", {st_mode=S_IFREG|0755, st_size=2220400, ...}, AT_EMPTY_PATH) = 0
2247  pread64(3, "\6\0\0\0\4\0\0\0@\0\0\0\0\0\0\0@\0\0\0\0\0\0\0@\0\0\0\0\0\0\0"..., 784, 64) = 784
2247  mmap(NULL, 2264656, PROT_READ, MAP_PRIVATE|MAP_DENYWRITE, 3, 0) = 0x76376346b000
2247  mprotect(0x763763493000, 2023424, PROT_NONE) = 0
2247  mmap(0x763763493000, 1658880, PROT_READ|PROT_EXEC, MAP_PRIVATE|MAP_FIXED|MAP_DENYWRITE, 3, 0x28000) = 0x763763493000
2247  mmap(0x763763628000, 360448, PROT_READ, MAP_PRIVATE|MAP_FIXED|MAP_DENYWRITE, 3, 0x1bd000) = 0x763763628000
2247  mmap(0x763763681000, 24576, PROT_READ|PROT_WRITE, MAP_PRIVATE|MAP_FIXED|MAP_DENYWRITE, 3, 0x215000) = 0x763763681000
2247  mmap(0x763763687000, 52816, PROT_READ|PROT_WRITE, MAP_PRIVATE|MAP_FIXED|MAP_ANONYMOUS, -1, 0) = 0x763763687000
2247  close(3)                          = 0
2247  mmap(NULL, 12288, PROT_READ|PROT_WRITE, MAP_PRIVATE|MAP_ANONYMOUS, -1, 0) = 0x763763468000
2247  arch_prctl(ARCH_SET_FS, 0x763763468740) = 0
2247  set_tid_address(0x763763468a10)   = 2247
2247  set_robust_list(0x763763468a20, 24) = 0
2247  rseq(0x7637634690e0, 0x20, 0, 0x53053053) = 0
2247  mprotect(0x763763681000, 16384, PROT_READ) = 0
2247  mprotect(0x642326d7e000, 4096, PROT_READ) = 0
2247  mprotect(0x7637636d6000, 8192, PROT_READ) = 0
2247  prlimit64(0, RLIMIT_STACK, NULL, {rlim_cur=8192*1024, rlim_max=RLIM64_INFINITY}) = 0
2247  munmap(0x763763694000, 29392)     = 0
2247  getrandom("\x9a\x46\xb9\x52\xbd\xa9\x9e\x55", 8, GRND_NONBLOCK) = 8
2247  brk(NULL)                         = 0x6423289e5000
2247  brk(0x642328a06000)               = 0x642328a06000
2247  execve("./fact", ["fact", "3", "6720"], 0x7ffd606ac3c8 /* 18 vars */) = 0
2247  brk(NULL)                         = 0x60e0e8bea000
2247  arch_prctl(0x3001 /* ARCH_??? */, 0x7ffed023c7d0) = -1 EINVAL (Invalid argument)
2247  mmap(NULL, 8192, PROT_READ|PROT_WRITE, MAP_PRIVATE|MAP_ANONYMOUS, -1, 0) = 0x7d9b66a25000
2247  access("/etc/ld.so.preload", R_OK) = -1 ENOENT (No such file or directory)
2247  openat(AT_FDCWD, "/etc/ld.so.cache", O_RDONLY|O_CLOEXEC) = 3
2247  newfstatat(3, "", {st_mode=S_IFREG|0644, st_size=29392, ...}, AT_EMPTY_PATH) = 0
2247  mmap(NULL, 29392, PROT_READ, MAP_PRIVATE, 3, 0) = 0x7d9b66a1d000
2247  close(3)                          = 0
2247  openat(AT_FDCWD, "/lib/x86_64-linux-gnu/libc.so.6", O_RDONLY|O_CLOEXEC) = 3
2247  read(3, "\177ELF\2\1\1\3\0\0\0\0\0\0\0\0\3\0>\0\1\0\0\0P\237\2\0\0\0\0\0"..., 832) = 832
2247  pread64(3, "\6\0\0\0\4\0\0\0@\0\0\0\0\0\0\0@\0\0\0\0\0\0\0@\0\0\0\0\0\0\0"..., 784, 64) = 784
2247  pread64(3, "\4\0\0\0 \0\0\0\5\0\0\0GNU\0\2\0\0\300\4\0\0\0\3\0\0\0\0\0\0\0"..., 48, 848) = 48
2247  pread64(3, "\4\0\0\0\24\0\0\0\3\0\0\0GNU\0\325\31p\226\367\t\200\30)\261\30\257\33|\366c"..., 68, 896) = 68
2247  newfstatat(3, "", {st_mode=S_IFREG|0755, st_size=2220400, ...}, AT_EMPTY_PATH) = 0
2247  pread64(3, "\6\0\0\0\4\0\0\0@\0\0\0\0\0\0\0@\0\0\0\0\0\0\0@\0\0\0\0\0\0\0"..., 784, 64) = 784
2247  mmap(NULL, 2264656, PROT_READ, MAP_PRIVATE|MAP_DENYWRITE, 3, 0) = 0x7d9b667f4000
2247  mprotect(0x7d9b6681c000, 2023424, PROT_NONE) = 0
2247  mmap(0x7d9b6681c000, 1658880, PROT_READ|PROT_EXEC, MAP_PRIVATE|MAP_FIXED|MAP_DENYWRITE, 3, 0x28000) = 0x7d9b6681c000
2247  mmap(0x7d9b669b1000, 360448, PROT_READ, MAP_PRIVATE|MAP_FIXED|MAP_DENYWRITE, 3, 0x1bd000) = 0x7d9b669b1000
2247  mmap(0x7d9b66a0a000, 24576, PROT_READ|PROT_WRITE, MAP_PRIVATE|MAP_FIXED|MAP_DENYWRITE, 3, 0x215000) = 0x7d9b66a0a000
2247  mmap(0x7d9b66a10000, 52816, PROT_READ|PROT_WRITE, MAP_PRIVATE|MAP_FIXED|MAP_ANONYMOUS, -1, 0) = 0x7d9b66a10000
2247  close(3)                          = 0
2247  mmap(NULL, 12288, PROT_READ|PROT_WRITE, MAP_PRIVATE|MAP_ANONYMOUS, -1, 0) = 0x7d9b667f1000
2247  arch_prctl(ARCH_SET_FS, 0x7d9b667f1740) = 0
2247  set_tid_address(0x7d9b667f1a10)   = 2247
2247  set_robust_list(0x7d9b667f1a20, 24) = 0
2247  rseq(0x7d9b667f20e0, 0x20, 0, 0x53053053) = 0
2247  mprotect(0x7d9b66a0a000, 16384, PROT_READ) = 0
2247  mprotect(0x60e0e7f86000, 4096, PROT_READ) = 0
2247  mprotect(0x7d9b66a5f000, 8192, PROT_READ) = 0
2247  prlimit64(0, RLIMIT_STACK, NULL, {rlim_cur=8192*1024, rlim_max=RLIM64_INFINITY}) = 0
2247  munmap(0x7d9b66a1d000, 29392)     = 0
2247  getrandom("\xeb\xb8\xcb\xfa\x32\x10\x26\x7c", 8, GRND_NONBLOCK) = 8
2247  brk(NULL)                         = 0x60e0e8bea000
2247  brk(0x60e0e8c0b000)               = 0x60e0e8c0b000
2247  execve("./fact", ["fact", "2", "20160"], 0x7ffed023c9b8 /* 18 vars */) = 0
2247  brk(NULL)                         = 0x5ab344449000
2247  arch_prctl(0x3001 /* ARCH_??? */, 0x7ffd3858e200) = -1 EINVAL (Invalid argument)
2247  mmap(NULL, 8192, PROT_READ|PROT_WRITE, MAP_PRIVATE|MAP_ANONYMOUS, -1, 0) = 0x7fbce090e000
2247  access("/etc/ld.so.preload", R_OK) = -1 ENOENT (No such file or directory)
2247  openat(AT_FDCWD, "/etc/ld.so.cache", O_RDONLY|O_CLOEXEC) = 3
2247  newfstatat(3, "", {st_mode=S_IFREG|0644, st_size=29392, ...}, AT_EMPTY_PATH) = 0
2247  mmap(NULL, 29392, PROT_READ, MAP_PRIVATE, 3, 0) = 0x7fbce0906000
2247  close(3)                          = 0
2247  openat(AT_FDCWD, "/lib/x86_64-linux-gnu/libc.so.6", O_RDONLY|O_CLOEXEC) = 3
2247  read(3, "\177ELF\2\1\1\3\0\0\0\0\0\0\0\0\3\0>\0\1\0\0\0P\237\2\0\0\0\0\0"..., 832) = 832
2247  pread64(3, "\6\0\0\0\4\0\0\0@\0\0\0\0\0\0\0@\0\0\0\0\0\0\0@\0\0\0\0\0\0\0"..., 784, 64) = 784
2247  pread64(3, "\4\0\0\0 \0\0\0\5\0\0\0GNU\0\2\0\0\300\4\0\0\0\3\0\0\0\0\0\0\0"..., 48, 848) = 48
2247  pread64(3, "\4\0\0\0\24\0\0\0\3\0\0\0GNU\0\325\31p\226\367\t\200\30)\261\30\257\33|\366c"..., 68, 896) = 68
2247  newfstatat(3, "", {st_mode=S_IFREG|0755, st_size=2220400, ...}, AT_EMPTY_PATH) = 0
2247  pread64(3, "\6\0\0\0\4\0\0\0@\0\0\0\0\0\0\0@\0\0\0\0\0\0\0@\0\0\0\0\0\0\0"..., 784, 64) = 784
2247  mmap(NULL, 2264656, PROT_READ, MAP_PRIVATE|MAP_DENYWRITE, 3, 0) = 0x7fbce06dd000
2247  mprotect(0x7fbce0705000, 2023424, PROT_NONE) = 0
2247  mmap(0x7fbce0705000, 1658880, PROT_READ|PROT_EXEC, MAP_PRIVATE|MAP_FIXED|MAP_DENYWRITE, 3, 0x28000) = 0x7fbce0705000
2247  mmap(0x7fbce089a000, 360448, PROT_READ, MAP_PRIVATE|MAP_FIXED|MAP_DENYWRITE, 3, 0x1bd000) = 0x7fbce089a000
2247  mmap(0x7fbce08f3000, 24576, PROT_READ|PROT_WRITE, MAP_PRIVATE|MAP_FIXED|MAP_DENYWRITE, 3, 0x215000) = 0x7fbce08f3000
2247  mmap(0x7fbce08f9000, 52816, PROT_READ|PROT_WRITE, MAP_PRIVATE|MAP_FIXED|MAP_ANONYMOUS, -1, 0) = 0x7fbce08f9000
2247  close(3)                          = 0
2247  mmap(NULL, 12288, PROT_READ|PROT_WRITE, MAP_PRIVATE|MAP_ANONYMOUS, -1, 0) = 0x7fbce06da000
2247  arch_prctl(ARCH_SET_FS, 0x7fbce06da740) = 0
2247  set_tid_address(0x7fbce06daa10)   = 2247
2247  set_robust_list(0x7fbce06daa20, 24) = 0
2247  rseq(0x7fbce06db0e0, 0x20, 0, 0x53053053) = 0
2247  mprotect(0x7fbce08f3000, 16384, PROT_READ) = 0
2247  mprotect(0x5ab342fdc000, 4096, PROT_READ) = 0
2247  mprotect(0x7fbce0948000, 8192, PROT_READ) = 0
2247  prlimit64(0, RLIMIT_STACK, NULL, {rlim_cur=8192*1024, rlim_max=RLIM64_INFINITY}) = 0
2247  munmap(0x7fbce0906000, 29392)     = 0
2247  newfstatat(1, "", {st_mode=S_IFIFO|0600, st_size=0, ...}, AT_EMPTY_PATH) = 0
2247  getrandom("\x33\x31\xe3\x7e\x4a\x1d\xb7\x5f", 8, GRND_NONBLOCK) = 8
2247  brk(NULL)                         = 0x5ab344449000
2247  brk(0x5ab34446a000)               = 0x5ab34446a000
2247  write(1, "40320\n", 6)            = 6
2247  exit_group(0)                     = ?
2247  +++ exited with 0 +++
