2254  execve("./fact", ["./fact", "9"], 0x7ffe9957fb50 /* 18 vars */) = 0
2254  brk(NULL)                         = 0x5a2b4ec46000
2254  arch_prctl(0x3001 /* ARCH_??? */, 0x7fff3fc850b0) = -1 EINVAL (Invalid argument)
2254  mmap(NULL, 8192, PROT_READ|PROT_WRITE, MAP_PRIVATE|MAP_ANONYMOUS, -1, 0) = 0x7d270e3c5000
2254  access("/etc/ld.so.preload", R_OK) = -1 ENOENT (No such file or directory)
2254  openat(AT_FDCWD, "/etc/ld.so.cache", O_RDONLY|O_CLOEXEC) = 3
2254  newfstatat(3, "", {st_mode=S_IFREG|0644, st_size=29392, ...}, AT_EMPTY_PATH) = 0
2254  mmap(NULL, 29392, PROT_READ, MAP_PRIVATE, 3, 0) = 0x7d270e3bd000
2254  close(3)                          = 0
2254  openat(AT_FDCWD, "/lib/x86_64-linux-gnu/libc.so.6", O_RDONLY|O_CLOEXEC) = 3
2254  read(3, "\177ELF\2\1\1\3\0\0\0\0\0\0\0\0\3\0>\0\1\0\0\0P\237\2\0\0\0\0\0"..., 832) = 832
2254  pread64(3, "\6\0\0\0\4\0\0\0@\0\0\0\0\0\0\0@\0\0\0\0\0\0\0@\0\0\0\0\0\0\0"..., 784, 64) = 784
2254  pread64(3, "\4\0\0\0 \0\0\0\5\0\0\0GNU\0\2\0\0\300\4\0\0\0\3\0\0\0\0\0\0\0"..., 48, 848) = 48
2254  pread64(3, "\4\0\0\0\24\0\0\0\3\0\0\0GNU\0\325\31p\226\367\t\200\30)\261\30\257\33|\366c"..., 68, 896) = 68
2254  newfstatat(3, "", {st_mode=S_IFREG|0755, st_size=2220400, ...}, AT_EMPTY_PATH) = 0
2254  pread64(3, "\6\0\0\0\4\0\0\0@\0\0\0\0\0\0\0@\0\0\0\0\0\0\0@\0\0\0\0\0\0\0"..., 784, 64) = 784
2254  mmap(NULL, 2264656, PROT_READ, MAP_PRIVATE|MAP_DENYWRITE, 3, 0) = 0x7d270e194000
2254  mprotect(0x7d270e1bc000, 2023424, PROT_NONE) = 0
2254  mmap(0x7d270e1bc000, 1658880, PROT_READ|PROT_EXEC, MAP_PRIVATE|MAP_FIXED|MAP_DENYWRITE, 3, 0x28000) = 0x7d270e1bc000
2254  mmap(0x7d270e351000, 360448, PROT_READ, MAP_PRIVATE|MAP_FIXED|MAP_DENYWRITE, 3, 0x1bd000) = 0x7d270e351000
2254  mmap(0x7d270e3aa000, 24576, PROT_READ|PROT_WRITE, MAP_PRIVATE|MAP_FIXED|MAP_DENYWRITE, 3, 0x215000) = 0x7d270e3aa000
2254  mmap(0x7d270e3b0000, 52816, PROT_READ|PROT_WRITE, MAP_PRIVATE|MAP_FIXED|MAP_ANONYMOUS, -1, 0) = 0x7d270e3b0000
2254  close(3)                          = 0
2254  mmap(NULL, 12288, PROT_READ|PROT_WRITE, MAP_PRIVATE|MAP_ANONYMOUS, -1, 0) = 0x7d270e191000
2254  arch_prctl(ARCH_SET_FS, 0x7d270e191740) = 0
2254  set_tid_address(0x7d270e191a10)   = 2254
2254  set_robust_list(0x7d270e191a20, 24) = 0
2254  rseq(0x7d270e1920e0, 0x20, 0, 0x53053053) = 0
2254  mprotect(0x7d270e3aa000, 16384, PROT_READ) = 0
2254  mprotect(0x5a2b4e9a3000, 4096, PROT_READ) = 0
2254  mprotect(0x7d270e3ff000, 8192, PROT_READ) = 0
2254  prlimit64(0, RLIMIT_STACK, NULL, {rlim_cur=8192*1024, rlim_max=RLIM64_INFINITY}) = 0
2254  munmap(0x7d270e3bd000, 29392)     = 0
2254  getrandom("\x7a\x10\x6d\x7e\x92\x73\x33\x49", 8, GRND_NONBLOCK) = 8
2254  brk(NULL)                         = 0x5a2b4ec46000
2254  brk(0x5a2b4ec67000)               = 0x5a2b4ec67000
2254  execve("./fact", ["fact", "8", "9"], 0x7fff3fc85290 /* 18 vars */) = 0
2254  brk(NULL)                         = 0x5928542ae000
2254  arch_prctl(0x3001 /* ARCH_??? */, 0x7ffec4f70800) = -1 EINVAL (Invalid argument)
2254  mmap(NULL, 8192, PROT_READ|PROT_WRITE, MAP_PRIVATE|MAP_ANONYMOUS, -1, 0) = 0x7f09a7c07000
2254  access("/etc/ld.so.preload", R_OK) = -1 ENOENT (No such file or directory)
2254  openat(AT_FDCWD, "/etc/ld.so.cache", O_RDONLY|O_CLOEXEC) = 3
2254  newfstatat(3, "", {st_mode=S_IFREG|0644, st_size=29392, ...}, AT_EMPTY_PATH) = 0
2254  mmap(NULL, 29392, PROT_READ, MAP_PRIVATE, 3, 0) = 0x7f09a7bff000
2254  close(3)                          = 0
2254  openat(AT_FDCWD, "/lib/x86_64-linux-gnu/libc.so.6", O_RDONLY|O_CLOEXEC) = 3
2254  read(3, "\177ELF\2\1\1\3\0\0\0\0\0\0\0\0\3\0>\0\1\0\0\0P\237\2\0\0\0\0\0"..., 832) = 832
2254  pread64(3, "\6\0\0\0\4\0\0\0@\0\0\0\0\0\0\0@\0\0\0\0\0\0\0@\0\0\0\0\0\0\0"..., 784, 64) = 784
2254  pread64(3, "\4\0\0\0 \0\0\0\5\0\0\0GNU\0\2\0\0\300\4\0\0\0\3\0\0\0\0\0\0\0"..., 48, 848) = 48
2254  pread64(3, "\4\0\0\0\24\0\0\0\3\0\0\0GNU\0\325\31p\226\367\t\200\30)\261\30\257\33|\366c"..., 68, 896) = 68
2254  newfstatat(3, "", {st_mode=S_IFREG|0755, st_size=2220400, ...}, AT_EMPTY_PATH) = 0
2254  pread64(3, "\6\0\0\0\4\0\0\0@\0\0\0\0\0\0\0@\0\0\0\0\0\0\0@\0\0\0\0\0\0\0"..., 784, 64) = 784
2254  mmap(NULL, 2264656, PROT_READ, MAP_PRIVATE|MAP_DENYWRITE, 3, 0) = 0x7f09a79d6000
2254  mprotect(0x7f09a79fe000, 2023424, PROT_NONE) = 0
2254  mmap(0x7f09a79fe000, 1658880, PROT_READ|PROT_EXEC, MAP_PRIVATE|MAP_FIXED|MAP_DENYWRITE, 3, 0x28000) = 0x7f09a79fe000
2254  mmap(0x7f09a7b93000, 360448, PROT_READ, MAP_PRIVATE|MAP_FIXED|MAP_DENYWRITE, 3, 0x1bd000) = 0x7f09a7b93000
2254  mmap(0x7f09a7bec000, 24576, PROT_READ|PROT_WRITE, MAP_PRIVATE|MAP_FIXED|MAP_DENYWRITE, 3, 0x215000) = 0x7f09a7bec000
2254  mmap(0x7f09a7bf2000, 52816, PROT_READ|PROT_WRITE, MAP_PRIVATE|MAP_FIXED|MAP_ANONYMOUS, -1, 0) = 0x7f09a7bf2000
2254  close(3)                          = 0
2254  mmap(NULL, 12288, PROT_READ|PROT_WRITE, MAP_PRIVATE|MAP_ANONYMOUS, -1, 0) = 0x7f09a79d3000
2254  arch_prctl(ARCH_SET_FS, 0x7f09a79d3740) = 0
2254  set_tid_address(0x7f09a79d3a10)   = 2254
2254  set_robust_list(0x7f09a79d3a20, 24) = 0
2254  rseq(0x7f09a79d40e0, 0x20, 0, 0x53053053) = 0
2254  mprotect(0x7f09a7bec000, 16384, PROT_READ) = 0
2254  mprotect(0x5928538ec000, 4096, PROT_READ) = 0
2254  mprotect(0x7f09a7c41000, 8192, PROT_READ) = 0
2254  prlimit64(0, RLIMIT_STACK, NULL, {rlim_cur=8192*1024, rlim_max=RLIM64_INFINITY}) = 0
2254  munmap(0x7f09a7bff000, 29392)     = 0
2254  getrandom("\x74\x44\x54\x3d\xe4\xdb\xf6\xa4", 8, GRND_NONBLOCK) = 8
2254  brk(NULL)                         = 0x5928542ae000
2254  brk(0x5928542cf000)               = 0x5928542cf000
2254  execve("./fact", ["fact", "7", "72"], 0x7ffec4f709e8 /* 18 vars */) = 0
2254  brk(NULL)                         = 0x62fc567ae000
2254  arch_prctl(0x3001 /* ARCH_??? */, 0x7fff8f04b570) = -1 EINVAL (Invalid argument)
2254  mmap(NULL, 8192, PROT_READ|PROT_WRITE, MAP_PRIVATE|MAP_ANONYMOUS, -1, 0) = 0x7011eaa05000
2254  access("/etc/ld.so.preload", R_OK) = -1 ENOENT (No such file or directory)
2254  openat(AT_FDCWD, "/etc/ld.so.cache", O_RDONLY|O_CLOEXEC) = 3
2254  newfstatat(3, "", {st_mode=S_IFREG|0644, st_size=29392, ...}, AT_EMPTY_PATH) = 0
2254  mmap(NULL, 29392, PROT_READ, MAP_PRIVATE, 3, 0) = 0x7011ea9fd000
2254  close(3)                          = 0
2254  openat(AT_FDCWD, "/lib/x86_64-linux-gnu/libc.so.6", O_RDONLY|O_CLOEXEC) = 3
2254  read(3, "\177ELF\2\1\1\3\0\0\0\0\0\0\0\0\3\0>\0\1\0\0\0P\237\2\0\0\0\0\0"..., 832) = 832
2254  pread64(3, "\6\0\0\0\4\0\0\0@\0\0\0\0\0\0\0@\0\0\0\0\0\0\0@\0\0\0\0\0\0\0"..., 784, 64) = 784
2254  pread64(3, "\4\0\0\0 \0\0\0\5\0\0\0GNU\0\2\0\0\300\4\0\0\0\3\0\0\0\0\0\0\0"..., 48, 848) = 48
2254  pread64(3, "\4\0\0\0\24\0\0\0\3\0\0\0GNU\0\325\31p\226\367\t\200\30)\261\30\257\33|\366c"..., 68, 896) = 68
2254  newfstatat(3, "", {st_mode=S_IFREG|0755, st_size=2220400, ...}, AT_EMPTY_PATH) = 0
2254  pread64(3, "\6\0\0\0\4\0\0\0@\0\0\0\0\0\0\0@\0\0\0\0\0\0\0@\0\0\0\0\0\0\0"..., 784, 64) = 784
2254  mmap(NULL, 2264656, PROT_READ, MAP_PRIVATE|MAP_DENYWRITE, 3, 0) = 0x7011ea7d4000
2254  mprotect(0x7011ea7fc000, 2023424, PROT_NONE) = 0
2254  mmap(0x7011ea7fc000, 1658880, PROT_READ|PROT_EXEC, MAP_PRIVATE|MAP_FIXED|MAP_DENYWRITE, 3, 0x28000) = 0x7011ea7fc000
2254  mmap(0x7011ea991000, 360448, PROT_READ, MAP_PRIVATE|MAP_FIXED|MAP_DENYWRITE, 3, 0x1bd000) = 0x7011ea991000
2254  mmap(0x7011ea9ea000, 24576, PROT_READ|PROT_WRITE, MAP_PRIVATE|MAP_FIXED|MAP_DENYWRITE, 3, 0x215000) = 0x7011ea9ea000
2254  mmap(0x7011ea9f0000, 52816, PROT_READ|PROT_WRITE, MAP_PRIVATE|MAP_FIXED|MAP_ANONYMOUS, -1, 0) = 0x7011ea9f0000
2254  close(3)                          = 0
2254  mmap(NULL, 12288, PROT_READ|PROT_WRITE, MAP_PRIVATE|MAP_ANONYMOUS, -1, 0) = 0x7011ea7d1000
2254  arch_prctl(ARCH_SET_FS, 0x7011ea7d1740) = 0
2254  set_tid_address(0x7011ea7d1a10)   = 2254
2254  set_robust_list(0x7011ea7d1a20, 24) = 0
2254  rseq(0x7011ea7d20e0, 0x20, 0, 0x53053053) = 0
2254  mprotect(0x7011ea9ea000, 16384, PROT_READ) = 0
2254  mprotect(0x62fc5665c000, 4096, PROT_READ) = 0
2254  mprotect(0x7011eaa3f000, 8192, PROT_READ) = 0
2254  prlimit64(0, RLIMIT_STACK, NULL, {rlim_cur=8192*1024, rlim_max=RLIM64_INFINITY}) = 0
2254  munmap(0x7011ea9fd000, 29392)     = 0
2254  getrandom("\x8d\xe0\x9c\x8d\x75\x01\x27\xcb", 8, GRND_NONBLOCK) = 8
2254  brk(NULL)                         = 0x62fc567ae000
2254  brk(0x62fc567cf000)               = 0x62fc567cf000
2254  execve("./fact", ["fact", "6", "504"], 0x7fff8f04b758 /* 18 vars */) = 0
2254  brk(NULL)                         = 0x59bfe3d09000
2254  arch_prctl(0x3001 /* ARCH_??? */, 0x7ffcd0a85340) = -1 EINVAL (Invalid argument)
2254  mmap(NULL, 8192, PROT_READ|PROT_WRITE, MAP_PRIVATE|MAP_ANONYMOUS, -1, 0) = 0x7e287d0d2000
2254  access("/etc/ld.so.preload", R_OK) = -1 ENOENT (No such file or directory)
2254  openat(AT_FDCWD, "/etc/ld.so.cache", O_RDONLY|O_CLOEXEC) = 3
2254  newfstatat(3, "", {st_mode=S_IFREG|0644, st_size=29392, ...}, AT_EMPTY_PATH) = 0
2254  mmap(NULL, 29392, PROT_READ, MAP_PRIVATE, 3, 0) = 0x7e287d0ca000
2254  close(3)                          = 0
2254  openat(AT_FDCWD, "/lib/x86_64-linux-gnu/libc.so.6", O_RDONLY|O_CLOEXEC) = 3
2254  read(3, "\177ELF\2\1\1\3\0\0\0\0\0\0\0\0\3\0>\0\1\0\0\0P\237\2\0\0\0\0\0"..., 832) = 832
2254  pread64(3, "\6\0\0\0\4\0\0\0@\0\0\0\0\0\0\0@\0\0\0\0\0\0\0@\0\0\0\0\0\0\0"..., 784, 64) = 784
2254  pread64(3, "\4\0\0\0 \0\0\0\5\0\0\0GNU\0\2\0\0\300\4\0\0\0\3\0\0\0\0\0\0\0"..., 48, 848) = 48
2254  pread64(3, "\4\0\0\0\24\0\0\0\3\0\0\0GNU\0\325\31p\226\367\t\200\30)\261\30\257\33|\366c"..., 68, 896) = 68
2254  newfstatat(3, "", {st_mode=S_IFREG|0755, st_size=2220400, ...}, AT_EMPTY_PATH) = 0
2254  pread64(3, "\6\0\0\0\4\0\0\0@\0\0\0\0\0\0\0@\0\0\0\0\0\0\0@\0\0\0\0\0\0\0"..., 784, 64) = 784
2254  mmap(NULL, 2264656, PROT_READ, MAP_PRIVATE|MAP_DENYWRITE, 3, 0) = 0x7e287cea1000
2254  mprotect(0x7e287cec9000, 2023424, PROT_NONE) = 0
2254  mmap(0x7e287cec9000, 1658880, PROT_READ|PROT_EXEC, MAP_PRIVATE|MAP_FIXED|MAP_DENYWRITE, 3, 0x28000) = 0x7e287cec9000
2254  mmap(0x7e287d05e000, 360448, PROT_READ, MAP_PRIVATE|MAP_FIXED|MAP_DENYWRITE, 3, 0x1bd000) = 0x7e287d05e000
2254  mmap(0x7e287d0b7000, 24576, PROT_READ|PROT_WRITE, MAP_PRIVATE|MAP_FIXED|MAP_DENYWRITE, 3, 0x215000) = 0x7e287d0b7000
2254  mmap(0x7e287d0bd000, 52816, PROT_READ|PROT_WRITE, MAP_PRIVATE|MAP_FIXED|MAP_ANONYMOUS, -1, 0) = 0x7e287d0bd000
2254  close(3)                          = 0
2254  mmap(NULL, 12288, PROT_READ|PROT_WRITE, MAP_PRIVATE|MAP_ANONYMOUS, -1, 0) = 0x7e287ce9e000
2254  arch_prctl(ARCH_SET_FS, 0x7e287ce9e740) = 0
2254  set_tid_address(0x7e287ce9ea10)   = 2254
2254  set_robust_list(0x7e287ce9ea20, 24) = 0
2254  rseq(0x7e287ce9f0e0, 0x20, 0, 0x53053053) = 0
2254  mprotect(0x7e287d0b7000, 16384, PROT_READ) = 0
2254  mprotect(0x59bfe35c0000, 4096, PROT_READ) = 0
2254  mprotect(0x7e287d10c000, 8192, PROT_READ) = 0
2254  prlimit64(0, RLIMIT_STACK, NULL, {rlim_cur=8192*1024, rlim_max=RLIM64_INFINITY}) = 0
2254  munmap(0x7e287d0ca000, 29392)     = 0
2254  getrandom("\x20\xbd\xdf\xcf\x10\x5d\xed\x61", 8, GRND_NONBLOCK) = 8
2254  brk(NULL)                         = 0x59bfe3d09000
2254  brk(0x59bfe3d2a000)               = 0x59bfe3d2a000
2254  execve("./fact", ["fact", "5", "3024"], 0x7ffcd0a85528 /* 18 vars */) = 0
2254  brk(NULL)                         = 0x62f648c51000
2254  arch_prctl(0x3001 /* ARCH_??? */, 0x7ffeca3ed510) = -1 EINVAL (Invalid argument)
2254  mmap(NULL, 8192, PROT_READ|PROT_WRITE, MAP_PRIVATE|MAP_ANONYMOUS, -1, 0) = 0x79995514b000
2254  access("/etc/ld.so.preload", R_OK) = -1 ENOENT (No such file or directory)
2254  openat(AT_FDCWD, "/etc/ld.so.cache", O_RDONLY|O_CLOEXEC) = 3
2254  newfstatat(3, "", {st_mode=S_IFREG|0644, st_size=29392, ...}, AT_EMPTY_PATH) = 0
2254  mmap(NULL, 29392, PROT_READ, MAP_PRIVATE, 3, 0) = 0x799955143000
2254  close(3)                          = 0
2254  openat(AT_FDCWD, "/lib/x86_64-linux-gnu/libc.so.6", O_RDONLY|O_CLOEXEC) = 3
2254  read(3, "\177ELF\2\1\1\3\0\0\0\0\0\0\0\0\3\0>\0\1\0\0\0P\237\2\0\0\0\0\0"..., 832) = 832
2254  pread64(3, "\6\0\0\0\4\0\0\0@\0\0\0\0\0\0\0@\0\0\0\0\0\0\0@\0\0\0\0\0\0\0"..., 784, 64) = 784
2254  pread64(3, "\4\0\0\0 \0\0\0\5\0\0\0GNU\0\2\0\0\300\4\0\0\0\3\0\0\0\0\0\0\0"..., 48, 848) = 48
2254  pread64(3, "\4\0\0\0\24\0\0\0\3\0\0\0GNU\0\325\31p\226\367\t\200\30)\261\30\257\33|\366c"..., 68, 896) = 68
2254  newfstatat(3, "", {st_mode=S_IFREG|0755, st_size=2220400, ...}, AT_EMPTY_PATH) = 0
2254  pread64(3, "\6\0\0\0\4\0\0\0@\0\0\0\0\0\0\0@\0\0\0\0\0\0\0@\0\0\0\0\0\0\0"..., 784, 64) = 784
2254  mmap(NULL, 2264656, PROT_READ, MAP_PRIVATE|MAP_DENYWRITE, 3, 0) = 0x799954f1a000
2254  mprotect(0x799954f42000, 2023424, PROT_NONE) = 0
2254  mmap(0x799954f42000, 1658880, PROT_READ|PROT_EXEC, MAP_PRIVATE|MAP_FIXED|MAP_DENYWRITE, 3, 0x28000) = 0x799954f42000
2254  mmap(0x7999550d7000, 360448, PROT_READ, MAP_PRIVATE|MAP_FIXED|MAP_DENYWRITE, 3, 0x1bd000) = 0x7999550d7000
2254  mmap(0x799955130000, 24576, PROT_READ|PROT_WRITE, MAP_PRIVATE|MAP_FIXED|MAP_DENYWRITE, 3, 0x215000) = 0x799955130000
2254  mmap(0x799955136000, 52816, PROT_READ|PROT_WRITE, MAP_PRIVATE|MAP_FIXED|MAP_ANONYMOUS, -1, 0) = 0x799955136000
2254  close(3)                          = 0
2254  mmap(NULL, 12288, PROT_READ|PROT_WRITE, MAP_PRIVATE|MAP_ANONYMOUS, -1, 0) = 0x799954f17000
2254  arch_prctl(ARCH_SET_FS, 0x799954f17740) = 0
2254  set_tid_address(0x799954f17a10)   = 2254
2254  set_robust_list(0x799954f17a20, 24) = 0
2254  rseq(0x799954f180e0, 0x20, 0, 0x53053053) = 0
2254  mprotect(0x799955130000, 16384, PROT_READ) = 0
2254  mprotect(0x62f6476ce000, 4096, PROT_READ) = 0
2254  mprotect(0x799955185000, 8192, PROT_READ) = 0
2254  prlimit64(0, RLIMIT_STACK, NULL, {rlim_cur=8192*1024, rlim_max=RLIM64_INFINITY}) = 0
2254  munmap(0x799955143000, 29392)     = 0
2254  getrandom("\x4e\x17\x55\xea\x06\x21\x06\x89", 8, GRND_NONBLOCK) = 8
2254  brk(NULL)                         = 0x62f648c51000
2254  brk(0x62f648c72000)               = 0x62f648c72000
2254  execve("./fact", ["fact", "4", "15120"], 0x7ffeca3ed6f8 /* 18 vars */) = 0
2254  brk(NULL)                         = 0x65030e6cb000
2254  arch_prctl(0x3001 /* ARCH_??? */, 0x7fffa12d8350) = -1 EINVAL (Invalid argument)
2254  mmap(NULL, 8192, PROT_READ|PROT_WRITE, MAP_PRIVATE|MAP_ANONYMOUS, -1, 0) = 0x726bc72fe000
2254  access("/etc/ld.so.preload", R_OK) = -1 ENOENT (No such file or directory)
2254  openat(AT_FDCWD, "/etc/ld.so.cache", O_RDONLY|O_CLOEXEC) = 3
2254  newfstatat(3, "", {st_mode=S_IFREG|0644, st_size=29392, ...}, AT_EMPTY_PATH) = 0
2254  mmap(NULL, 29392, PROT_READ, MAP_PRIVATE, 3, 0) = 0x726bc72f6000
2254  close(3)                          = 0
2254  openat(AT_FDCWD, "/lib/x86_64-linux-gnu/libc.so.6", O_RDONLY|O_CLOEXEC) = 3
2254  read(3, "\177ELF\2\1\1\3\0\0\0\0\0\0\0\0\3\0>\0\1\0\0\0P\237\2\0\0\0\0\0"..., 832) = 832
2254  pread64(3, "\6\0\0\0\4\0\0\0@\0\0\0\0\0\0\0@\0\0\0\0\0\0\0@\0\0\0\0\0\0\0"..., 784, 64) = 784
2254  pread64(3, "\4\0\0\0 \0\0\0\5\0\0\0GNU\0\2\0\0\300\4\0\0\0\3\0\0\0\0\0\0\0"..., 48, 848) = 48
2254  pread64(3, "\4\0\0\0\24\0\0\0\3\0\0\0GNU\0\325\31p\226\367\t\200\30)\261\30\257\33|\366c"..., 68, 896) = 68
2254  newfstatat(3, "", {st_mode=S_IFREG|0755, st_size=2220400, ...}, AT_EMPTY_PATH) = 0
2254  pread64(3, "\6\0\0\0\4\0\0\0@\0\0\0\0\0\0\0@\0\0\0\0\0\0\0@\0\0\0\0\0\0\0"..., 784, 64) = 784
2254  mmap(NULL, 2264656, PROT_READ, MAP_PRIVATE|MAP_DENYWRITE, 3, 0) = 0x726bc70cd000
2254  mprotect(0x726bc70f5000, 2023424, PROT_NONE) = 0
2254  mmap(0x726bc70f5000, 1658880, PROT_READ|PROT_EXEC, MAP_PRIVATE|MAP_FIXED|MAP_DENYWRITE, 3, 0x28000) = 0x726bc70f5000
2254  mmap(0x726bc728a000, 360448, PROT_READ, MAP_PRIVATE|MAP_FIXED|MAP_DENYWRITE, 3, 0x1bd000) = 0x726bc728a000
2254  mmap(0x726bc72e3000, 24576, PROT_READ|PROT_WRITE, MAP_PRIVATE|MAP_FIXED|MAP_DENYWRITE, 3, 0x215000) = 0x726bc72e3000
2254  mmap(0x726bc72e9000, 52816, PROT_READ|PROT_WRITE, MAP_PRIVATE|MAP_FIXED|MAP_ANONYMOUS, -1, 0) = 0x726bc72e9000
2254  close(3)                          = 0
2254  mmap(NULL, 12288, PROT_READ|PROT_WRITE, MAP_PRIVATE|MAP_ANONYMOUS, -1, 0) = 0x726bc70ca000
2254  arch_prctl(ARCH_SET_FS, 0x726bc70ca740) = 0
2254  set_tid_address(0x726bc70caa10)   = 2254
2254  set_robust_list(0x726bc70caa20, 24) = 0
2254  rseq(0x726bc70cb0e0, 0x20, 0, 0x53053053) = 0
2254  mprotect(0x726bc72e3000, 16384, PROT_READ) = 0
2254  mprotect(0x65030d858000, 4096, PROT_READ) = 0
2254  mprotect(0x726bc7338000, 8192, PROT_READ) = 0
2254  prlimit64(0, RLIMIT_STACK, NULL, {rlim_cur=8192*1024, rlim_max=RLIM64_INFINITY}) = 0
2254  munmap(0x726bc72f6000, 29392)     = 0
2254  getrandom("\x6a\xbe\x93\xfc\xc3\xd9\x06\xdf", 8, GRND_NONBLOCK) = 8
2254  brk(NULL)                         = 0x65030e6cb000
2254  brk(0x65030e6ec000)               = 0x65030e6ec000
2254  execve("./fact", ["fact", "3", "60480"], 0x7fffa12d8538 /* 18 vars */) = 0
2254  brk(NULL)                         = 0x5bd9c464a000
2254  arch_prctl(0x3001 /* ARCH_??? */, 0x7fff8561ddb0) = -1 EINVAL (Invalid argument)
2254  mmap(NULL, 8192, PROT_READ|PROT_WRITE, MAP_PRIVATE|MAP_ANONYMOUS, -1, 0) = 0x722b91429000
2254  access("/etc/ld.so.preload", R_OK) = -1 ENOENT (No such file or directory)
2254  openat(AT_FDCWD, "/etc/ld.so.cache", O_RDONLY|O_CLOEXEC) = 3
2254  newfstatat(3, "", {st_mode=S_IFREG|0644, st_size=29392, ...}, AT_EMPTY_PATH) = 0
2254  mmap(NULL, 29392, PROT_READ, MAP_PRIVATE, 3, 0) = 0x722b91421000
2254  close(3)                          = 0
2254  openat(AT_FDCWD, "/lib/x86_64-linux-gnu/libc.so.6", O_RDONLY|O_CLOEXEC) = 3
2254  read(3, "\177ELF\2\1\1\3\0\0\0\0\0\0\0\0\3\0>\0\1\0\0\0P\237\2\0\0\0\0\0"..., 832) = 832
2254  pread64(3, "\6\0\0\0\4\0\0\0@\0\0\0\0\0\0\0@\0\0\0\0\0\0\0@\0\0\0\0\0\0\0"..., 784, 64) = 784
2254  pread64(3, "\4\0\0\0 \0\0\0\5\0\0\0GNU\0\2\0\0\300\4\0\0\0\3\0\0\0\0\0\0\0"..., 48, 848) = 48
2254  pread64(3, "\4\0\0\0\24\0\0\0\3\0\0\0GNU\0\325\31p\226\367\t\200\30)\261\30\257\33|\366c"..., 68, 896) = 68
2254  newfstatat(3, "", {st_mode=S_IFREG|0755, st_size=2220400, ...}, AT_EMPTY_PATH) = 0
2254  pread64(3, "\6\0\0\0\4\0\0\0@\0\0\0\0\0\0\0@\0\0\0\0\0\0\0@\0\0\0\0\0\0\0"..., 784, 64) = 784
2254  mmap(NULL, 2264656, PROT_READ, MAP_PRIVATE|MAP_DENYWRITE, 3, 0) = 0x722b911f8000
2254  mprotect(0x722b91220000, 2023424, PROT_NONE) = 0
2254  mmap(0x722b91220000, 1658880, PROT_READ|PROT_EXEC, MAP_PRIVATE|MAP_FIXED|MAP_DENYWRITE, 3, 0x28000) = 0x722b91220000
2254  mmap(0x722b913b5000, 360448, PROT_READ, MAP_PRIVATE|MAP_FIXED|MAP_DENYWRITE, 3, 0x1bd000) = 0x722b913b5000
2254  mmap(0x722b9140e000, 24576, PROT_READ|PROT_WRITE, MAP_PRIVATE|MAP_FIXED|MAP_DENYWRITE, 3, 0x215000) = 0x722b9140e000
2254  mmap(0x722b91414000, 52816, PROT_READ|PROT_WRITE, MAP_PRIVATE|MAP_FIXED|MAP_ANONYMOUS, -1, 0) = 0x722b91414000
2254  close(3)                          = 0
2254  mmap(NULL, 12288, PROT_READ|PROT_WRITE, MAP_PRIVATE|MAP_ANONYMOUS, -1, 0) = 0x722b911f5000
2254  arch_prctl(ARCH_SET_FS, 0x722b911f5740) = 0
2254  set_tid_address(0x722b911f5a10)   = 2254
2254  set_robust_list(0x722b911f5a20, 24) = 0
2254  rseq(0x722b911f60e0, 0x20, 0, 0x53053053) = 0
2254  mprotect(0x722b9140e000, 16384, PROT_READ) = 0
2254  mprotect(0x5bd9c32e5000, 4096, PROT_READ) = 0
2254  mprotect(0x722b91463000, 8192, PROT_READ) = 0
2254  prlimit64(0, RLIMIT_STACK, NULL, {rlim_cur=8192*1024, rlim_max=RLIM64_INFINITY}) = 0
2254  munmap(0x722b91421000, 29392)     = 0
2254  getrandom("\x2b\x28\xcd\x85\x9d\xbe\x69\xd2", 8, GRND_NONBLOCK) = 8
2254  brk(NULL)                         = 0x5bd9c464a000
2254  brk(0x5bd9c466b000)               = 0x5bd9c466b000
2254  execve("./fact", ["fact", "2", "181440"], 0x7fff8561df98 /* 18 vars */) = 0
2254  brk(NULL)                         = 0x62174be8b000
2254  arch_prctl(0x3001 /* ARCH_??? */, 0x7ffc02eb9800) = -1 EINVAL (Invalid argument)
2254  mmap(NULL, 8192, PROT_READ|PROT_WRITE, MAP_PRIVATE|MAP_ANONYMOUS, -1, 0) = 0x7975e4a33000
2254  access("/etc/ld.so.preload", R_OK) = -1 ENOENT (No such file or directory)
2254  openat(AT_FDCWD, "/etc/ld.so.cache", O_RDONLY|O_CLOEXEC) = 3
2254  newfstatat(3, "", {st_mode=S_IFREG|0644, st_size=29392, ...}, AT_EMPTY_PATH) = 0
2254  mmap(NULL, 29392, PROT_READ, MAP_PRIVATE, 3, 0) = 0x7975e4a2b000
2254  close(3)                          = 0
2254  openat(AT_FDCWD, "/lib/x86_64-linux-gnu/libc.so.6", O_RDONLY|O_CLOEXEC) = 3
2254  read(3, "\177ELF\2\1\1\3\0\0\0\0\0\0\0\0\3\0>\0\1\0\0\0P\237\2\0\0\0\0\0"..., 832) = 832
2254  pread64(3, "\6\0\0\0\4\0\0\0@\0\0\0\0\0\0\0@\0\0\0\0\0\0\0@\0\0\0\0\0\0\0"..., 784, 64) = 784
2254  pread64(3, "\4\0\0\0 \0\0\0\5\0\0\0GNU\0\2\0\0\300\4\0\0\0\3\0\0\0\0\0\0\0"..., 48, 848) = 48
2254  pread64(3, "\4\0\0\0\24\0\0\0\3\0\0\0GNU\0\325\31p\226\367\t\200\30)\261\30\257\33|\366c"..., 68, 896) = 68
2254  newfstatat(3, "", {st_mode=S_IFREG|0755, st_size=2220400, ...}, AT_EMPTY_PATH) = 0
2254  pread64(3, "\6\0\0\0\4\0\0\0@\0\0\0\0\0\0\0@\0\0\0\0\0\0\0@\0\0\0\0\0\0\0"..., 784, 64) = 784
2254  mmap(NULL, 2264656, PROT_READ, MAP_PRIVATE|MAP_DENYWRITE, 3, 0) = 0x7975e4802000
2254  mprotect(0x7975e482a000, 2023424, PROT_NONE) = 0
2254  mmap(0x7975e482a000, 1658880, PROT_READ|PROT_EXEC, MAP_PRIVATE|MAP_FIXED|MAP_DENYWRITE, 3, 0x28000) = 0x7975e482a000
2254  mmap(0x7975e49bf000, 360448, PROT_READ, MAP_PRIVATE|MAP_FIXED|MAP_DENYWRITE, 3, 0x1bd000) = 0x7975e49bf000
2254  mmap(0x7975e4a18000, 24576, PROT_READ|PROT_WRITE, MAP_PRIVATE|MAP_FIXED|MAP_DENYWRITE, 3, 0x215000) = 0x7975e4a18000
2254  mmap(0x7975e4a1e000, 52816, PROT_READ|PROT_WRITE, MAP_PRIVATE|MAP_FIXED|MAP_ANONYMOUS, -1, 0) = 0x7975e4a1e000
2254  close(3)                          = 0
2254  mmap(NULL, 12288, PROT_READ|PROT_WRITE, MAP_PRIVATE|MAP_ANONYMOUS, -1, 0) = 0x7975e47ff000
2254  arch_prctl(ARCH_SET_FS, 0x7975e47ff740) = 0
2254  set_tid_address(0x7975e47ffa10)   = 2254
2254  set_robust_list(0x7975e47ffa20, 24) = 0
2254  rseq(0x7975e48000e0, 0x20, 0, 0x53053053) = 0
2254  mprotect(0x7975e4a18000, 16384, PROT_READ) = 0
2254  mprotect(0x62174a69a000, 4096, PROT_READ) = 0
2254  mprotect(0x7975e4a6d000, 8192, PROT_READ) = 0
2254  prlimit64(0, RLIMIT_STACK, NULL, {rlim_cur=8192*1024, rlim_max=RLIM64_INFINITY}) = 0
2254  munmap(0x7975e4a2b000, 29392)     = 0
2254  newfstatat(1, "", {st_mode=S_IFIFO|0600, st_size=0, ...}, AT_EMPTY_PATH) = 0
2254  getrandom("\x1c\x5e\xa9\x51\x1d\xc2\x6f\x13", 8, GRND_NONBLOCK) = 8
2254  brk(NULL)                         = 0x62174be8b000
2254  brk(0x62174beac000)               = 0x62174beac000
2254  write(1, "362880\n", 7)           = 7
2254  exit_group(0)                     = ?
2254  +++ exited with 0 +++
