2261  execve("./fact", ["./fact", "10"], 0x7fff1cf5c4d0 /* 18 vars */) = 0
2261  brk(NULL)                         = 0x57cb8ff78000
2261  arch_prctl(0x3001 /* ARCH_??? */, 0x7fff3cea3ad0) = -1 EINVAL (Invalid argument)
2261  mmap(NULL, 8192, PROT_READ|PROT_WRITE, MAP_PRIVATE|MAP_ANONYMOUS, -1, 0) = 0x79c84ff4c000
2261  access("/etc/ld.so.preload", R_OK) = -1 ENOENT (No such file or directory)
2261  openat(AT_FDCWD, "/etc/ld.so.cache", O_RDONLY|O_CLOEXEC) = 3
2261  newfstatat(3, "", {st_mode=S_IFREG|0644, st_size=29392, ...}, AT_EMPTY_PATH) = 0
2261  mmap(NULL, 29392, PROT_READ, MAP_PRIVATE, 3, 0) = 0x79c84ff44000
2261  close(3)                          = 0
2261  openat(AT_FDCWD, "/lib/x86_64-linux-gnu/libc.so.6", O_RDONLY|O_CLOEXEC) = 3
2261  read(3, "\177ELF\2\1\1\3\0\0\0\0\0\0\0\0\3\0>\0\1\0\0\0P\237\2\0\0\0\0\0"..., 832) = 832
2261  pread64(3, "\6\0\0\0\4\0\0\0@\0\0\0\0\0\0\0@\0\0\0\0\0\0\0@\0\0\0\0\0\0\0"..., 784, 64) = 784
2261  pread64(3, "\4\0\0\0 \0\0\0\5\0\0\0GNU\0\2\0\0\300\4\0\0\0\3\0\0\0\0\0\0\0"..., 48, 848) = 48
2261  pread64(3, "\4\0\0\0\24\0\0\0\3\0\0\0GNU\0\325\31p\226\367\t\200\30)\261\30\257\33|\366c"..., 68, 896) = 68
2261  newfstatat(3, "", {st_mode=S_IFREG|0755, st_size=2220400, ...}, AT_EMPTY_PATH) = 0
2261  pread64(3, "\6\0\0\0\4\0\0\0@\0\0\0\0\0\0\0@\0\0\0\0\0\0\0@\0\0\0\0\0\0\0"..., 784, 64) = 784
2261  mmap(NULL, 2264656, PROT_READ, MAP_PRIVATE|MAP_DENYWRITE, 3, 0) = 0x79c84fd1b000
2261  mprotect(0x79c84fd43000, 2023424, PROT_NONE) = 0
2261  mmap(0x79c84fd43000, 1658880, PROT_READ|PROT_EXEC, MAP_PRIVATE|MAP_FIXED|MAP_DENYWRITE, 3, 0x28000) = 0x79c84fd43000
2261  mmap(0x79c84fed8000, 360448, PROT_READ, MAP_PRIVATE|MAP_FIXED|MAP_DENYWRITE, 3, 0x1bd000) = 0x79c84fed8000
2261  mmap(0x79c84ff31000, 24576, PROT_READ|PROT_WRITE, MAP_PRIVATE|MAP_FIXED|MAP_DENYWRITE, 3, 0x215000) = 0x79c84ff31000
2261  mmap(0x79c84ff37000, 52816, PROT_READ|PROT_WRITE, MAP_PRIVATE|MAP_FIXED|MAP_ANONYMOUS, -1, 0) = 0x79c84ff37000
2261  close(3)                          = 0
2261  mmap(NULL, 12288, PROT_READ|PROT_WRITE, MAP_PRIVATE|MAP_ANONYMOUS, -1, 0) = 0x79c84fd18000
2261  arch_prctl(ARCH_SET_FS, 0x79c84fd18740) = 0
2261  set_tid_address(0x79c84fd18a10)   = 2261
2261  set_robust_list(0x79c84fd18a20, 24) = 0
2261  rseq(0x79c84fd190e0, 0x20, 0, 0x53053053) = 0
2261  mprotect(0x79c84ff31000, 16384, PROT_READ) = 0
2261  mprotect(0x57cb8f63c000, 4096, PROT_READ) = 0
2261  mprotect(0x79c84ff86000, 8192, PROT_READ) = 0
2261  prlimit64(0, RLIMIT_STACK, NULL, {rlim_cur=8192*1024, rlim_max=RLIM64_INFINITY}) = 0
2261  munmap(0x79c84ff44000, 29392)     = 0
2261  getrandom("\xb3\x35\x69\x36\x7a\x56\xe4\x90", 8, GRND_NONBLOCK) = 8
2261  brk(NULL)                         = 0x57cb8ff78000
2261  brk(0x57cb8ff99000)               = 0x57cb8ff99000
2261  execve("./fact", ["fact", "9", "10"], 0x7fff3cea3cb0 /* 18 vars */) = 0
2261  brk(NULL)                         = 0x5dc9da009000
2261  arch_prctl(0x3001 /* ARCH_??? */, 0x7ffdf57401c0) = -1 EINVAL (Invalid argument)
2261  mmap(NULL, 8192, PROT_READ|PROT_WRITE, MAP_PRIVATE|MAP_ANONYMOUS, -1, 0) = 0x761cd5a49000
2261  access("/etc/ld.so.preload", R_OK) = -1 ENOENT (No such file or directory)
2261  openat(AT_FDCWD, "/etc/ld.so.cache", O_RDONLY|O_CLOEXEC) = 3
2261  newfstatat(3, "", {st_mode=S_IFREG|0644, st_size=29392, ...}, AT_EMPTY_PATH) = 0
2261  mmap(NULL, 29392, PROT_READ, MAP_PRIVATE, 3, 0) = 0x761cd5a41000
2261  close(3)                          = 0
2261  openat(AT_FDCWD, "/lib/x86_64-linux-gnu/libc.so.6", O_RDONLY|O_CLOEXEC) = 3
2261  read(3, "\177ELF\2\1\1\3\0\0\0\0\0\0\0\0\3\0>\0\1\0\0\0P\237\2\0\0\0\0\0"..., 832) = 832
2261  pread64(3, "\6\0\0\0\4\0\0\0@\0\0\0\0\0\0\0@\0\0\0\0\0\0\0@\0\0\0\0\0\0\0"..., 784, 64) = 784
2261  pread64(3, "\4\0\0\0 \0\0\0\5\0\0\0GNU\0\2\0\0\300\4\0\0\0\3\0\0\0\0\0\0\0"..., 48, 848) = 48
2261  pread64(3, "\4\0\0\0\24\0\0\0\3\0\0\0GNU\0\325\31p\226\367\t\200\30)\261\30\257\33|\366c"..., 68, 896) = 68
2261  newfstatat(3, "", {st_mode=S_IFREG|0755, st_size=2220400, ...}, AT_EMPTY_PATH) = 0
2261  pread64(3, "\6\0\0\0\4\0\0\0@\0\0\0\0\0\0\0@\0\0\0\0\0\0\0@\0\0\0\0\0\0\0"..., 784, 64) = 784
2261  mmap(NULL, 2264656, PROT_READ, MAP_PRIVATE|MAP_DENYWRITE, 3, 0) = 0x761cd5818000
2261  mprotect(0x761cd5840000, 2023424, PROT_NONE) = 0
2261  mmap(0x761cd5840000, 1658880, PROT_READ|PROT_EXEC, MAP_PRIVATE|MAP_FIXED|MAP_DENYWRITE, 3, 0x28000) = 0x761cd5840000
2261  mmap(0x761cd59d5000, 360448, PROT_READ, MAP_PRIVATE|MAP_FIXED|MAP_DENYWRITE, 3, 0x1bd000) = 0x761cd59d5000
2261  mmap(0x761cd5a2e000, 24576, PROT_READ|PROT_WRITE, MAP_PRIVATE|MAP_FIXED|MAP_DENYWRITE, 3, 0x215000) = 0x761cd5a2e000
2261  mmap(0x761cd5a34000, 52816, PROT_READ|PROT_WRITE, MAP_PRIVATE|MAP_FIXED|MAP_ANONYMOUS, -1, 0) = 0x761cd5a34000
2261  close(3)                          = 0
2261  mmap(NULL, 12288, PROT_READ|PROT_WRITE, MAP_PRIVATE|MAP_ANONYMOUS, -1, 0) = 0x761cd5815000
2261  arch_prctl(ARCH_SET_FS, 0x761cd5815740) = 0
2261  set_tid_address(0x761cd5815a10)   = 2261
2261  set_robust_list(0x761cd5815a20, 24) = 0
2261  rseq(0x761cd58160e0, 0x20, 0, 0x53053053) = 0
2261  mprotect(0x761cd5a2e000, 16384, PROT_READ) = 0
2261  mprotect(0x5dc9d9e89000, 4096, PROT_READ) = 0
2261  mprotect(0x761cd5a83000, 8192, PROT_READ) = 0
2261  prlimit64(0, RLIMIT_STACK, NULL, {rlim_cur=8192*1024, rlim_max=RLIM64_INFINITY}) = 0
2261  munmap(0x761cd5a41000, 29392)     = 0
2261  getrandom("\xb0\x9e\x0a\xe2\x7b\x8f\x2d\xcb", 8, GRND_NONBLOCK) = 8
2261  brk(NULL)                         = 0x5dc9da009000
2261  brk(0x5dc9da02a000)               = 0x5dc9da02a000
2261  execve("./fact", ["fact", "8", "90"], 0x7ffdf57403a8 /* 18 vars */) = 0
2261  brk(NULL)                         = 0x62c544d1a000
2261  arch_prctl(0x3001 /* ARCH_??? */, 0x7ffe75331180) = -1 EINVAL (Invalid argument)
2261  mmap(NULL, 8192, PROT_READ|PROT_WRITE, MAP_PRIVATE|MAP_ANONYMOUS, -1, 0) = 0x70fb03d79000
2261  access("/etc/ld.so.preload", R_OK) = -1 ENOENT (No such file or directory)
2261  openat(AT_FDCWD, "/etc/ld.so.cache", O_RDONLY|O_CLOEXEC) = 3
2261  newfstatat(3, "", {st_mode=S_IFREG|0644, st_size=29392, ...}, AT_EMPTY_PATH) = 0
2261  mmap(NULL, 29392, PROT_READ, MAP_PRIVATE, 3, 0) = 0x70fb03d71000
2261  close(3)                          = 0
2261  openat(AT_FDCWD, "/lib/x86_64-linux-gnu/libc.so.6", O_RDONLY|O_CLOEXEC) = 3
2261  read(3, "\177ELF\2\1\1\3\0\0\0\0\0\0\0\0\3\0>\0\1\0\0\0P\237\2\0\0\0\0\0"..., 832) = 832
2261  pread64(3, "\6\0\0\0\4\0\0\0@\0\0\0\0\0\0\0@\0\0\0\0\0\0\0@\0\0\0\0\0\0\0"..., 784, 64) = 784
2261  pread64(3, "\4\0\0\0 \0\0\0\5\0\0\0GNU\0\2\0\0\300\4\0\0\0\3\0\0\0\0\0\0\0"..., 48, 848) = 48
2261  pread64(3, "\4\0\0\0\24\0\0\0\3\0\0\0GNU\0\325\31p\226\367\t\200\30)\261\30\257\33|\366c"..., 68, 896) = 68
2261  newfstatat(3, "", {st_mode=S_IFREG|0755, st_size=2220400, ...}, AT_EMPTY_PATH) = 0
2261  pread64(3, "\6\0\0\0\4\0\0\0@\0\0\0\0\0\0\0@\0\0\0\0\0\0\0@\0\0\0\0\0\0\0"..., 784, 64) = 784
2261  mmap(NULL, 2264656, PROT_READ, MAP_PRIVATE|MAP_DENYWRITE, 3, 0) = 0x70fb03b48000
2261  mprotect(0x70fb03b70000, 2023424, PROT_NONE) = 0
2261  mmap(0x70fb03b70000, 1658880, PROT_READ|PROT_EXEC, MAP_PRIVATE|MAP_FIXED|MAP_DENYWRITE, 3, 0x28000) = 0x70fb03b70000
2261  mmap(0x70fb03d05000, 360448, PROT_READ, MAP_PRIVATE|MAP_FIXED|MAP_DENYWRITE, 3, 0x1bd000) = 0x70fb03d05000
2261  mmap(0x70fb03d5e000, 24576, PROT_READ|PROT_WRITE, MAP_PRIVATE|MAP_FIXED|MAP_DENYWRITE, 3, 0x215000) = 0x70fb03d5e000
2261  mmap(0x70fb03d64000, 52816, PROT_READ|PROT_WRITE, MAP_PRIVATE|MAP_FIXED|MAP_ANONYMOUS, -1, 0) = 0x70fb03d64000
2261  close(3)                          = 0
2261  mmap(NULL, 12288, PROT_READ|PROT_WRITE, MAP_PRIVATE|MAP_ANONYMOUS, -1, 0) = 0x70fb03b45000
2261  arch_prctl(ARCH_SET_FS, 0x70fb03b45740) = 0
2261  set_tid_address(0x70fb03b45a10)   = 2261
2261  set_robust_list(0x70fb03b45a20, 24) = 0
2261  rseq(0x70fb03b460e0, 0x20, 0, 0x53053053) = 0
2261  mprotect(0x70fb03d5e000, 16384, PROT_READ) = 0
2261  mprotect(0x62c544954000, 4096, PROT_READ) = 0
2261  mprotect(0x70fb03db3000, 8192, PROT_READ) = 0
2261  prlimit64(0, RLIMIT_STACK, NULL, {rlim_cur=8192*1024, rlim_max=RLIM64_INFINITY}) = 0
2261  munmap(0x70fb03d71000, 29392)     = 0
2261  getrandom("\xc6\x02\xa6\xfe\x13\xd5\x6b\x33", 8, GRND_NONBLOCK) = 8
2261  brk(NULL)                         = 0x62c544d1a000
2261  brk(0x62c544d3b000)               = 0x62c544d3b000
2261  execve("./fact", ["fact", "7", "720"], 0x7ffe75331368 /* 18 vars */) = 0
2261  brk(NULL)                         = 0x5a6fed97f000
2261  arch_prctl(0x3001 /* ARCH_??? */, 0x7fffb3be0980) = -1 EINVAL (Invalid argument)
2261  mmap(NULL, 8192, PROT_READ|PROT_WRITE, MAP_PRIVATE|MAP_ANONYMOUS, -1, 0) = 0x7bd4bd23f000
2261  access("/etc/ld.so.preload", R_OK) = -1 ENOENT (No such file or directory)
2261  openat(AT_FDCWD, "/etc/ld.so.cache", O_RDONLY|O_CLOEXEC) = 3
2261  newfstatat(3, "", {st_mode=S_IFREG|0644, st_size=29392, ...}, AT_EMPTY_PATH) = 0
2261  mmap(NULL, 29392, PROT_READ, MAP_PRIVATE, 3, 0) = 0x7bd4bd237000
2261  close(3)                          = 0
2261  openat(AT_FDCWD, "/lib/x86_64-linux-gnu/libc.so.6", O_RDONLY|O_CLOEXEC) = 3
2261  read(3, "\177ELF\2\1\1\3\0\0\0\0\0\0\0\0\3\0>\0\1\0\0\0P\237\2\0\0\0\0\0"..., 832) = 832
2261  pread64(3, "\6\0\0\0\4\0\0\0@\0\0\0\0\0\0\0@\0\0\0\0\0\0\0@\0\0\0\0\0\0\0"..., 784, 64) = 784
2261  pread64(3, "\4\0\0\0 \0\0\0\5\0\0\0GNU\0\2\0\0\300\4\0\0\0\3\0\0\0\0\0\0\0"..., 48, 848) = 48
2261  pread64(3, "\4\0\0\0\24\0\0\0\3\0\0\0GNU\0\325\31p\226\367\t\200\30)\261\30\257\33|\366c"..., 68, 896) = 68
2261  newfstatat(3, "", {st_mode=S_IFREG|0755, st_size=2220400, ...}, AT_EMPTY_PATH) = 0
2261  pread64(3, "\6\0\0\0\4\0\0\0@\0\0\0\0\0\0\0@\0\0\0\0\0\0\0@\0\0\0\0\0\0\0"..., 784, 64) = 784
2261  mmap(NULL, 2264656, PROT_READ, MAP_PRIVATE|MAP_DENYWRITE, 3, 0) = 0x7bd4bd00e000
2261  mprotect(0x7bd4bd036000, 2023424, PROT_NONE) = 0
2261  mmap(0x7bd4bd036000, 1658880, PROT_READ|PROT_EXEC, MAP_PRIVATE|MAP_FIXED|MAP_DENYWRITE, 3, 0x28000) = 0x7bd4bd036000
2261  mmap(0x7bd4bd1cb000, 360448, PROT_READ, MAP_PRIVATE|MAP_FIXED|MAP_DENYWRITE, 3, 0x1bd000) = 0x7bd4bd1cb000
2261  mmap(0x7bd4bd224000, 24576, PROT_READ|PROT_WRITE, MAP_PRIVATE|MAP_FIXED|MAP_DENYWRITE, 3, 0x215000) = 0x7bd4bd224000
2261  mmap(0x7bd4bd22a000, 52816, PROT_READ|PROT_WRITE, MAP_PRIVATE|MAP_FIXED|MAP_ANONYMOUS, -1, 0) = 0x7bd4bd22a000
2261  close(3)                          = 0
2261  mmap(NULL, 12288, PROT_READ|PROT_WRITE, MAP_PRIVATE|MAP_ANONYMOUS, -1, 0) = 0x7bd4bd00b000
2261  arch_prctl(ARCH_SET_FS, 0x7bd4bd00b740) = 0
2261  set_tid_address(0x7bd4bd00ba10)   = 2261
2261  set_robust_list(0x7bd4bd00ba20, 24) = 0
2261  rseq(0x7bd4bd00c0e0, 0x20, 0, 0x53053053) = 0
2261  mprotect(0x7bd4bd224000, 16384, PROT_READ) = 0
2261  mprotect(0x5a6fed2c1000, 4096, PROT_READ) = 0
2261  mprotect(0x7bd4bd279000, 8192, PROT_READ) = 0
2261  prlimit64(0, RLIMIT_STACK, NULL, {rlim_cur=8192*1024, rlim_max=RLIM64_INFINITY}) = 0
2261  munmap(0x7bd4bd237000, 29392)     = 0
2261  getrandom("\x23\x37\x43\x81\x89\xb9\xfa\x1d", 8, GRND_NONBLOCK) = 8
2261  brk(NULL)                         = 0x5a6fed97f000
2261  brk(0x5a6fed9a0000)               = 0x5a6fed9a0000
2261  execve("./fact", ["fact", "6", "5040"], 0x7fffb3be0b68 /* 18 vars */) = 0
2261  brk(NULL)                         = 0x5daccee72000
2261  arch_prctl(0x3001 /* ARCH_??? */, 0x7ffd3ef2cf60) = -1 EINVAL (Invalid argument)
2261  mmap(NULL, 8192, PROT_READ|PROT_WRITE, MAP_PRIVATE|MAP_ANONYMOUS, -1, 0) = 0x70bf4ca58000
2261  access("/etc/ld.so.preload", R_OK) = -1 ENOENT (No such file or directory)
2261  openat(AT_FDCWD, "/etc/ld.so.cache", O_RDONLY|O_CLOEXEC) = 3
2261  newfstatat(3, "", {st_mode=S_IFREG|0644, st_size=29392, ...}, AT_EMPTY_PATH) = 0
2261  mmap(NULL, 29392, PROT_READ, MAP_PRIVATE, 3, 0) = 0x70bf4ca50000
2261  close(3)                          = 0
2261  openat(AT_FDCWD, "/lib/x86_64-linux-gnu/libc.so.6", O_RDONLY|O_CLOEXEC) = 3
2261  read(3, "\177ELF\2\1\1\3\0\0\0\0\0\0\0\0\3\0>\0\1\0\0\0P\237\2\0\0\0\0\0"..., 832) = 832
2261  pread64(3, "\6\0\0\0\4\0\0\0@\0\0\0\0\0\0\0@\0\0\0\0\0\0\0@\0\0\0\0\0\0\0"..., 784, 64) = 784
2261  pread64(3, "\4\0\0\0 \0\0\0\5\0\0\0GNU\0\2\0\0\300\4\0\0\0\3\0\0\0\0\0\0\0"..., 48, 848) = 48
2261  pread64(3, "\4\0\0\0\24\0\0\0\3\0\0\0GNU\0\325\31p\226\367\t\200\30)\261\30\257\33|\366c"..., 68, 896) = 68
2261  newfstatat(3, "", {st_mode=S_IFREG|0755, st_size=2220400, ...}, AT_EMPTY_PATH) = 0
2261  pread64(3, "\6\0\0\0\4\0\0\0@\0\0\0\0\0\0\0@\0\0\0\0\0\0\0@\0\0\0\0\0\0\0"..., 784, 64) = 784
2261  mmap(NULL, 2264656, PROT_READ, MAP_PRIVATE|MAP_DENYWRITE, 3, 0) = 0x70bf4c827000
2261  mprotect(0x70bf4c84f000, 2023424, PROT_NONE) = 0
2261  mmap(0x70bf4c84f000, 1658880, PROT_READ|PROT_EXEC, MAP_PRIVATE|MAP_FIXED|MAP_DENYWRITE, 3, 0x28000) = 0x70bf4c84f000
2261  mmap(0x70bf4c9e4000, 360448, PROT_READ, MAP_PRIVATE|MAP_FIXED|MAP_DENYWRITE, 3, 0x1bd000) = 0x70bf4c9e4000
2261  mmap(0x70bf4ca3d000, 24576, PROT_READ|PROT_WRITE, MAP_PRIVATE|MAP_FIXED|MAP_DENYWRITE, 3, 0x215000) = 0x70bf4ca3d000
2261  mmap(0x70bf4ca43000, 52816, PROT_READ|PROT_WRITE, MAP_PRIVATE|MAP_FIXED|MAP_ANONYMOUS, -1, 0) = 0x70bf4ca43000
2261  close(3)                          = 0
2261  mmap(NULL, 12288, PROT_READ|PROT_WRITE, MAP_PRIVATE|MAP_ANONYMOUS, -1, 0) = 0x70bf4c824000
2261  arch_prctl(ARCH_SET_FS, 0x70bf4c824740) = 0
2261  set_tid_address(0x70bf4c824a10)   = 2261
2261  set_robust_list(0x70bf4c824a20, 24) = 0
2261  rseq(0x70bf4c8250e0, 0x20, 0, 0x53053053) = 0
2261  mprotect(0x70bf4ca3d000, 16384, PROT_READ) = 0
2261  mprotect(0x5daccd50c000, 4096, PROT_READ) = 0
2261  mprotect(0x70bf4ca92000, 8192, PROT_READ) = 0
2261  prlimit64(0, RLIMIT_STACK, NULL, {rlim_cur=8192*1024, rlim_max=RLIM64_INFINITY}) = 0
2261  munmap(0x70bf4ca50000, 29392)     = 0
2261  getrandom("\x62\xd7\x26\x57\x17\x6d\x4c\xce", 8, GRND_NONBLOCK) = 8
2261  brk(NULL)                         = 0x5daccee72000
2261  brk(0x5daccee93000)               = 0x5daccee93000
2261  execve("./fact", ["fact", "5", "30240"], 0x7ffd3ef2d148 /* 18 vars */) = 0
2261  brk(NULL)                         = 0x57bbeb30d000
2261  arch_prctl(0x3001 /* ARCH_??? */, 0x7ffebb4535f0) = -1 EINVAL (Invalid argument)
2261  mmap(NULL, 8192, PROT_READ|PROT_WRITE, MAP_PRIVATE|MAP_ANONYMOUS, -1, 0) = 0x75ef29f41000
2261  access("/etc/ld.so.preload", R_OK) = -1 ENOENT (No such file or directory)
2261  openat(AT_FDCWD, "/etc/ld.so.cache", O_RDONLY|O_CLOEXEC) = 3
2261  newfstatat(3, "", {st_mode=S_IFREG|0644, st_size=29392, ...}, AT_EMPTY_PATH) = 0
2261  mmap(NULL, 29392, PROT_READ, MAP_PRIVATE, 3, 0) = 0x75ef29f39000
2261  close(3)                          = 0
2261  openat(AT_FDCWD, "/lib/x86_64-linux-gnu/libc.so.6", O_RDONLY|O_CLOEXEC) = 3
2261  read(3, "\177ELF\2\1\1\3\0\0\0\0\0\0\0\0\3\0>\0\1\0\0\0P\237\2\0\0\0\0\0"..., 832) = 832
2261  pread64(3, "\6\0\0\0\4\0\0\0@\0\0\0\0\0\0\0@\0\0\0\0\0\0\0@\0\0\0\0\0\0\0"..., 784, 64) = 784
2261  pread64(3, "\4\0\0\0 \0\0\0\5\0\0\0GNU\0\2\0\0\300\4\0\0\0\3\0\0\0\0\0\0\0"..., 48, 848) = 48
2261  pread64(3, "\4\0\0\0\24\0\0\0\3\0\0\0GNU\0\325\31p\226\367\t\200\30)\261\30\257\33|\366c"..., 68, 896) = 68
2261  newfstatat(3, "", {st_mode=S_IFREG|0755, st_size=2220400, ...}, AT_EMPTY_PATH) = 0
2261  pread64(3, "\6\0\0\0\4\0\0\0@\0\0\0\0\0\0\0@\0\0\0\0\0\0\0@\0\0\0\0\0\0\0"..., 784, 64) = 784
2261  mmap(NULL, 2264656, PROT_READ, MAP_PRIVATE|MAP_DENYWRITE, 3, 0) = 0x75ef29d10000
2261  mprotect(0x75ef29d38000, 2023424, PROT_NONE) = 0
2261  mmap(0x75ef29d38000, 1658880, PROT_READ|PROT_EXEC, MAP_PRIVATE|MAP_FIXED|MAP_DENYWRITE, 3, 0x28000) = 0x75ef29d38000
2261  mmap(0x75ef29ecd000, 360448, PROT_READ, MAP_PRIVATE|MAP_FIXED|MAP_DENYWRITE, 3, 0x1bd000) = 0x75ef29ecd000
2261  mmap(0x75ef29f26000, 24576, PROT_READ|PROT_WRITE, MAP_PRIVATE|MAP_FIXED|MAP_DENYWRITE, 3, 0x215000) = 0x75ef29f26000
2261  mmap(0x75ef29f2c000, 52816, PROT_READ|PROT_WRITE, MAP_PRIVATE|MAP_FIXED|MAP_ANONYMOUS, -1, 0) = 0x75ef29f2c000
2261  close(3)                          = 0
2261  mmap(NULL, 12288, PROT_READ|PROT_WRITE, MAP_PRIVATE|MAP_ANONYMOUS, -1, 0) = 0x75ef29d0d000
2261  arch_prctl(ARCH_SET_FS, 0x75ef29d0d740) = 0
2261  set_tid_address(0x75ef29d0da10)   = 2261
2261  set_robust_list(0x75ef29d0da20, 24) = 0
2261  rseq(0x75ef29d0e0e0, 0x20, 0, 0x53053053) = 0
2261  mprotect(0x75ef29f26000, 16384, PROT_READ) = 0
2261  mprotect(0x57bbe9aa2000, 4096, PROT_READ) = 0
2261  mprotect(0x75ef29f7b000, 8192, PROT_READ) = 0
2261  prlimit64(0, RLIMIT_STACK, NULL, {rlim_cur=8192*1024, rlim_max=RLIM64_INFINITY}) = 0
2261  munmap(0x75ef29f39000, 29392)     = 0
2261  getrandom("\x63\x17\xdd\x88\x94\x3a\x66\x7b", 8, GRND_NONBLOCK) = 8
2261  brk(NULL)                         = 0x57bbeb30d000
2261  brk(0x57bbeb32e000)               = 0x57bbeb32e000
2261  execve("./fact", ["fact", "4", "151200"], 0x7ffebb4537d8 /* 18 vars */) = 0
2261  brk(NULL)                         = 0x58e0f7ec6000
2261  arch_prctl(0x3001 /* ARCH_??? */, 0x7ffd0fe92c60) = -1 EINVAL (Invalid argument)
2261  mmap(NULL, 8192, PROT_READ|PROT_WRITE, MAP_PRIVATE|MAP_ANONYMOUS, -1, 0) = 0x78364010c000
2261  access("/etc/ld.so.preload", R_OK) = -1 ENOENT (No such file or directory)
2261  openat(AT_FDCWD, "/etc/ld.so.cache", O_RDONLY|O_CLOEXEC) = 3
2261  newfstatat(3, "", {st_mode=S_IFREG|0644, st_size=29392, ...}, AT_EMPTY_PATH) = 0
2261  mmap(NULL, 29392, PROT_READ, MAP_PRIVATE, 3, 0) = 0x783640104000
2261  close(3)                          = 0
2261  openat(AT_FDCWD, "/lib/x86_64-linux-gnu/libc.so.6", O_RDONLY|O_CLOEXEC) = 3
2261  read(3, "\177ELF\2\1\1\3\0\0\0\0\0\0\0\0\3\0>\0\1\0\0\0P\237\2\0\0\0\0\0"..., 832) = 832
2261  pread64(3, "\6\0\0\0\4\0\0\0@\0\0\0\0\0\0\0@\0\0\0\0\0\0\0@\0\0\0\0\0\0\0"..., 784, 64) = 784
2261  pread64(3, "\4\0\0\0 \0\0\0\5\0\0\0GNU\0\2\0\0\300\4\0\0\0\3\0\0\0\0\0\0\0"..., 48, 848) = 48
2261  pread64(3, "\4\0\0\0\24\0\0\0\3\0\0\0GNU\0\325\31p\226\367\t\200\30)\261\30\257\33|\366c"..., 68, 896) = 68
2261  newfstatat(3, "", {st_mode=S_IFREG|0755, st_size=2220400, ...}, AT_EMPTY_PATH) = 0
2261  pread64(3, "\6\0\0\0\4\0\0\0@\0\0\0\0\0\0\0@\0\0\0\0\0\0\0@\0\0\0\0\0\0\0"..., 784, 64) = 784
2261  mmap(NULL, 2264656, PROT_READ, MAP_PRIVATE|MAP_DENYWRITE, 3, 0) = 0x78363fedb000
2261  mprotect(0x78363ff03000, 2023424, PROT_NONE) = 0
2261  mmap(0x78363ff03000, 1658880, PROT_READ|PROT_EXEC, MAP_PRIVATE|MAP_FIXED|MAP_DENYWRITE, 3, 0x28000) = 0x78363ff03000
2261  mmap(0x783640098000, 360448, PROT_READ, MAP_PRIVATE|MAP_FIXED|MAP_DENYWRITE, 3, 0x1bd000) = 0x783640098000
2261  mmap(0x7836400f1000, 24576, PROT_READ|PROT_WRITE, MAP_PRIVATE|MAP_FIXED|MAP_DENYWRITE, 3, 0x215000) = 0x7836400f1000
2261  mmap(0x7836400f7000, 52816, PROT_READ|PROT_WRITE, MAP_PRIVATE|MAP_FIXED|MAP_ANONYMOUS, -1, 0) = 0x7836400f7000
2261  close(3)                          = 0
2261  mmap(NULL, 12288, PROT_READ|PROT_WRITE, MAP_PRIVATE|MAP_ANONYMOUS, -1, 0) = 0x78363fed8000
2261  arch_prctl(ARCH_SET_FS, 0x78363fed8740) = 0
2261  set_tid_address(0x78363fed8a10)   = 2261
2261  set_robust_list(0x78363fed8a20, 24) = 0
2261  rseq(0x78363fed90e0, 0x20, 0, 0x53053053) = 0
2261  mprotect(0x7836400f1000, 16384, PROT_READ) = 0
2261  mprotect(0x58e0f6813000, 4096, PROT_READ) = 0
2261  mprotect(0x783640146000, 8192, PROT_READ) = 0
2261  prlimit64(0, RLIMIT_STACK, NULL, {rlim_cur=8192*1024, rlim_max=RLIM64_INFINITY}) = 0
2261  munmap(0x783640104000, 29392)     = 0
2261  getrandom("\x5e\xad\x38\x94\xca\x3c\xaf\xba", 8, GRND_NONBLOCK) = 8
2261  brk(NULL)                         = 0x58e0f7ec6000
2261  brk(0x58e0f7ee7000)               = 0x58e0f7ee7000
2261  execve("./fact", ["fact", "3", "604800"], 0x7ffd0fe92e48 /* 18 vars */) = 0
2261  brk(NULL)                         = 0x5fd570169000
2261  arch_prctl(0x3001 /* ARCH_??? */, 0x7ffeab70e400) = -1 EINVAL (Invalid argument)
2261  mmap(NULL, 8192, PROT_READ|PROT_WRITE, MAP_PRIVATE|MAP_ANONYMOUS, -1, 0) = 0x7624581e9000
2261  access("/etc/ld.so.preload", R_OK) = -1 ENOENT (No such file or directory)
2261  openat(AT_FDCWD, "/etc/ld.so.cache", O_RDONLY|O_CLOEXEC) = 3
2261  newfstatat(3, "", {st_mode=S_IFREG|0644, st_size=29392, ...}, AT_EMPTY_PATH) = 0
2261  mmap(NULL, 29392, PROT_READ, MAP_PRIVATE, 3, 0) = 0x7624581e1000
2261  close(3)                          = 0
2261  openat(AT_FDCWD, "/lib/x86_64-linux-gnu/libc.so.6", O_RDONLY|O_CLOEXEC) = 3
2261  read(3, "\177ELF\2\1\1\3\0\0\0\0\0\0\0\0\3\0>\0\1\0\0\0P\237\2\0\0\0\0\0"..., 832) = 832
2261  pread64(3, "\6\0\0\0\4\0\0\0@\0\0\0\0\0\0\0@\0\0\0\0\0\0\0@\0\0\0\0\0\0\0"..., 784, 64) = 784
2261  pread64(3, "\4\0\0\0 \0\0\0\5\0\0\0GNU\0\2\0\0\300\4\0\0\0\3\0\0\0\0\0\0\0"..., 48, 848) = 48
2261  pread64(3, "\4\0\0\0\24\0\0\0\3\0\0\0GNU\0\325\31p\226\367\t\200\30)\261\30\257\33|\366c"..., 68, 896) = 68
2261  newfstatat(3, "", {st_mode=S_IFREG|0755, st_size=2220400, ...}, AT_EMPTY_PATH) = 0
2261  pread64(3, "\6\0\0\0\4\0\0\0@\0\0\0\0\0\0\0@\0\0\0\0\0\0\0@\0\0\0\0\0\0\0"..., 784, 64) = 784
2261  mmap(NULL, 2264656, PROT_READ, MAP_PRIVATE|MAP_DENYWRITE, 3, 0) = 0x762457fb8000
2261  mprotect(0x762457fe0000, 2023424, PROT_NONE) = 0
2261  mmap(0x762457fe0000, 1658880, PROT_READ|PROT_EXEC, MAP_PRIVATE|MAP_FIXED|MAP_DENYWRITE, 3, 0x28000) = 0x762457fe0000
2261  mmap(0x762458175000, 360448, PROT_READ, MAP_PRIVATE|MAP_FIXED|MAP_DENYWRITE, 3, 0x1bd000) = 0x762458175000
2261  mmap(0x7624581ce000, 24576, PROT_READ|PROT_WRITE, MAP_PRIVATE|MAP_FIXED|MAP_DENYWRITE, 3, 0x215000) = 0x7624581ce000
2261  mmap(0x7624581d4000, 52816, PROT_READ|PROT_WRITE, MAP_PRIVATE|MAP_FIXED|MAP_ANONYMOUS, -1, 0) = 0x7624581d4000
2261  close(3)                          = 0
2261  mmap(NULL, 12288, PROT_READ|PROT_WRITE, MAP_PRIVATE|MAP_ANONYMOUS, -1, 0) = 0x762457fb5000
2261  arch_prctl(ARCH_SET_FS, 0x762457fb5740) = 0
2261  set_tid_address(0x762457fb5a10)   = 2261
2261  set_robust_list(0x762457fb5a20, 24) = 0
2261  rseq(0x762457fb60e0, 0x20, 0, 0x53053053) = 0
2261  mprotect(0x7624581ce000, 16384, PROT_READ) = 0
2261  mprotect(0x5fd56f804000, 4096, PROT_READ) = 0
2261  mprotect(0x762458223000, 8192, PROT_READ) = 0
2261  prlimit64(0, RLIMIT_STACK, NULL, {rlim_cur=8192*1024, rlim_max=RLIM64_INFINITY}) = 0
2261  munmap(0x7624581e1000, 29392)     = 0
2261  getrandom("\x0d\x81\xa5\x45\xd2\x8f\x65\x7d", 8, GRND_NONBLOCK) = 8
2261  brk(NULL)                         = 0x5fd570169000
2261  brk(0x5fd57018a000)               = 0x5fd57018a000
2261  execve("./fact", ["fact", "2", "1814400"], 0x7ffeab70e5e8 /* 18 vars */) = 0
2261  brk(NULL)                         = 0x5d29a2c96000
2261  arch_prctl(0x3001 /* ARCH_??? */, 0x7ffc27518530) = -1 EINVAL (Invalid argument)
2261  mmap(NULL, 8192, PROT_READ|PROT_WRITE, MAP_PRIVATE|MAP_ANONYMOUS, -1, 0) = 0x719f47563000
2261  access("/etc/ld.so.preload", R_OK) = -1 ENOENT (No such file or directory)
2261  openat(AT_FDCWD, "/etc/ld.so.cache", O_RDONLY|O_CLOEXEC) = 3
2261  newfstatat(3, "", {st_mode=S_IFREG|0644, st_size=29392, ...}, AT_EMPTY_PATH) = 0
2261  mmap(NULL, 29392, PROT_READ, MAP_PRIVATE, 3, 0) = 0x719f4755b000
2261  close(3)                          = 0
2261  openat(AT_FDCWD, "/lib/x86_64-linux-gnu/libc.so.6", O_RDONLY|O_CLOEXEC) = 3
2261  read(3, "\177ELF\2\1\1\3\0\0\0\0\0\0\0\0\3\0>\0\1\0\0\0P\237\2\0\0\0\0\0"..., 832) = 832
2261  pread64(3, "\6\0\0\0\4\0\0\0@\0\0\0\0\0\0\0@\0\0\0\0\0\0\0@\0\0\0\0\0\0\0"..., 784, 64) = 784
2261  pread64(3, "\4\0\0\0 \0\0\0\5\0\0\0GNU\0\2\0\0\300\4\0\0\0\3\0\0\0\0\0\0\0"..., 48, 848) = 48
2261  pread64(3, "\4\0\0\0\24\0\0\0\3\0\0\0GNU\0\325\31p\226\367\t\200\30)\261\30\257\33|\366c"..., 68, 896) = 68
2261  newfstatat(3, "", {st_mode=S_IFREG|0755, st_size=2220400, ...}, AT_EMPTY_PATH) = 0
2261  pread64(3, "\6\0\0\0\4\0\0\0@\0\0\0\0\0\0\0@\0\0\0\0\0\0\0@\0\0\0\0\0\0\0"..., 784, 64) = 784
2261  mmap(NULL, 2264656, PROT_READ, MAP_PRIVATE|MAP_DENYWRITE, 3, 0) = 0x719f47332000
2261  mprotect(0x719f4735a000, 2023424, PROT_NONE) = 0
2261  mmap(0x719f4735a000, 1658880, PROT_READ|PROT_EXEC, MAP_PRIVATE|MAP_FIXED|MAP_DENYWRITE, 3, 0x28000) = 0x719f4735a000
2261  mmap(0x719f474ef000, 360448, PROT_READ, MAP_PRIVATE|MAP_FIXED|MAP_DENYWRITE, 3, 0x1bd000) = 0x719f474ef000
2261  mmap(0x719f47548000, 24576, PROT_READ|PROT_WRITE, MAP_PRIVATE|MAP_FIXED|MAP_DENYWRITE, 3, 0x215000) = 0x719f47548000
2261  mmap(0x719f4754e000, 52816, PROT_READ|PROT_WRITE, MAP_PRIVATE|MAP_FIXED|MAP_ANONYMOUS, -1, 0) = 0x719f4754e000
2261  close(3)                          = 0
2261  mmap(NULL, 12288, PROT_READ|PROT_WRITE, MAP_PRIVATE|MAP_ANONYMOUS, -1, 0) = 0x719f4732f000
2261  arch_prctl(ARCH_SET_FS, 0x719f4732f740) = 0
2261  set_tid_address(0x719f4732fa10)   = 2261
2261  set_robust_list(0x719f4732fa20, 24) = 0
2261  rseq(0x719f473300e0, 0x20, 0, 0x53053053) = 0
2261  mprotect(0x719f47548000, 16384, PROT_READ) = 0
2261  mprotect(0x5d29a2001000, 4096, PROT_READ) = 0
2261  mprotect(0x719f4759d000, 8192, PROT_READ) = 0
2261  prlimit64(0, RLIMIT_STACK, NULL, {rlim_cur=8192*1024, rlim_max=RLIM64_INFINITY}) = 0
2261  munmap(0x719f4755b000, 29392)     = 0
2261  newfstatat(1, "", {st_mode=S_IFIFO|0600, st_size=0, ...}, AT_EMPTY_PATH) = 0
2261  getrandom("\x61\x2a\xaf\x9f\x55\x8f\x1e\x21", 8, GRND_NONBLOCK) = 8
2261  brk(NULL)                         = 0x5d29a2c96000
2261  brk(0x5d29a2cb7000)               = 0x5d29a2cb7000
2261  write(1, "3628800\n", 8)          = 8
2261  exit_group(0)                     = ?
2261  +++ exited with 0 +++
